<pre>
Checking project structure...
til_parser.y: In function 'int yyparse(std::shared_ptr<cdk::compiler>)':
til_parser.y:140:175: error: no matching function for call to 'til::function_node::function_node(int, cdk::sequence_node*, til::block_node*&, int)'
  140 |              | '(' tFUNCTION '(' type ')' declarations_instructions ')' { $$ = new til::function_node(LINE, new cdk::sequence_node(LINE), $6, 4); }
      |                                                                                                                                                                               ^
In file included from .auto/all_nodes.h:44,
                 from til_parser.y:8:
./ast/function_node.h:17:5: note: candidate: 'til::function_node::function_node(int, cdk::sequence_node*, til::block_node*, std::shared_ptr<cdk::basic_type>)'
   17 |     function_node(int lineno, cdk::sequence_node *args, til::block_node *block, std::shared_ptr<cdk::basic_type> return_type) :
      |     ^~~~~~~~~~~~~
./ast/function_node.h:17:114: note:   no known conversion for argument 4 from 'int' to 'std::shared_ptr<cdk::basic_type>'
   17 |     function_node(int lineno, cdk::sequence_node *args, til::block_node *block, std::shared_ptr<cdk::basic_type> return_type) :
      |                                                                                 ~~~~~~~~~~~~~~~~~~~~~~~~~~~~~~~~~^~~~~~~~~~~
./ast/function_node.h:11:9: note: candidate: 'til::function_node::function_node(const til::function_node&)'
   11 |   class function_node : public cdk::expression_node {
      |         ^~~~~~~~~~~~~
./ast/function_node.h:11:9: note:   candidate expects 1 argument, 4 provided
./ast/function_node.h:11:9: note: candidate: 'til::function_node::function_node(til::function_node&&)'
./ast/function_node.h:11:9: note:   candidate expects 1 argument, 4 provided
make: *** [Makefile:40: til_parser.tab.o] Error 1

