<pre>
Checking project structure...
til_parser.y: warning: 7 shift/reduce conflicts [-Wconflicts-sr]
til_parser.y: note: rerun with option '-Wcounterexamples' to generate conflict counterexamples
targets/postfix_writer.cpp: In member function 'virtual void til::postfix_writer::do_print_node(til::print_node*, int)':
targets/postfix_writer.cpp:401:28: error: 'class cdk::sequence_node' has no member named 'is_typed'
  401 |     if (node->arguments()->is_typed(cdk::TYPE_INT)) {
      |                            ^~~~~~~~
targets/postfix_writer.cpp:404:35: error: 'class cdk::sequence_node' has no member named 'is_typed'
  404 |     } else if (node->arguments()->is_typed(cdk::TYPE_STRING)) {
      |                                   ^~~~~~~~
targets/postfix_writer.cpp: In member function 'virtual void til::postfix_writer::do_function_node(til::function_node*, int)':
targets/postfix_writer.cpp:767:3: error: 'frame_size_calculator' was not declared in this scope
  767 |   frame_size_calculator fsc(_compiler, _symtab);
      |   ^~~~~~~~~~~~~~~~~~~~~
targets/postfix_writer.cpp:768:26: error: 'fsc' was not declared in this scope; did you mean 'fsync'?
  768 |   node->block()->accept(&fsc, lvl);
      |                          ^~~
      |                          fsync
make: *** [Makefile:46: targets/postfix_writer.o] Error 1

