<pre>
Checking project structure...
til_parser.y: warning: 2 nonterminals useless in grammar [-Wother]
til_parser.y: warning: 3 rules useless in grammar [-Wother]
til_parser.y:96.1-9: warning: nonterminal useless in grammar: variables [-Wother]
   96 | variables : variables variable     { $$ = new cdk::sequence_node(LINE...
      | ^~~~~~~~~
til_parser.y:100.1-8: warning: nonterminal useless in grammar: variable [-Wother]
  100 | variable : qualifier data_type identifier    { $$ = new til::variable...
      | ^~~~~~~~
til_parser.y: warning: 46 shift/reduce conflicts [-Wconflicts-sr]
til_parser.y: warning: 23 reduce/reduce conflicts [-Wconflicts-rr]
til_parser.y: note: rerun with option '-Wcounterexamples' to generate conflict counterexamples
til_parser.y: In function 'int yyparse(std::shared_ptr<cdk::compiler>)':
til_parser.y:122:248: error: no matching function for call to 'til::function_definition_node::function_definition_node(int, cdk::sequence_node*, std::shared_ptr<cdk::basic_type>&, cdk::sequence_node*&, cdk::sequence_node*&)'
  122 | functionDef : '(' tFUNCTION '(' function_return_type ')' declarations instructions ')'               {$$ = new til::function_definition_node(LINE, new cdk::sequence_node(LINE), $4, $6, $7) ;}
      |                                                                                                                                                                                                                                                        ^
In file included from .auto/all_nodes.h:43,
                 from til_parser.y:8:
./ast/function_definition_node.h:20:5: note: candidate: 'til::function_definition_node::function_definition_node(int, cdk::sequence_node*, std::vector<std::shared_ptr<cdk::basic_type> >*, cdk::sequence_node*, cdk::sequence_node*)'
   20 |     function_definition_node(int lineno, cdk::sequence_node *arguments, std::vector<std::shared_ptr<cdk::basic_type>> *type, cdk::sequence_node *declarations, cdk::sequence_node *instructions) :
      |     ^~~~~~~~~~~~~~~~~~~~~~~~
./ast/function_definition_node.h:20:120: note:   no known conversion for argument 3 from 'std::shared_ptr<cdk::basic_type>' to 'std::vector<std::shared_ptr<cdk::basic_type> >*'
   20 |     function_definition_node(int lineno, cdk::sequence_node *arguments, std::vector<std::shared_ptr<cdk::basic_type>> *type, cdk::sequence_node *declarations, cdk::sequence_node *instructions) :
      |                                                                         ~~~~~~~~~~~~~~~~~~~~~~~~~~~~~~~~~~~~~~~~~~~~~~~^~~~
./ast/function_definition_node.h:16:9: note: candidate: 'til::function_definition_node::function_definition_node(const til::function_definition_node&)'
   16 |   class function_definition_node: public cdk::expression_node {
      |         ^~~~~~~~~~~~~~~~~~~~~~~~
./ast/function_definition_node.h:16:9: note:   candidate expects 1 argument, 5 provided
./ast/function_definition_node.h:16:9: note: candidate: 'til::function_definition_node::function_definition_node(til::function_definition_node&&)'
./ast/function_definition_node.h:16:9: note:   candidate expects 1 argument, 5 provided
til_parser.y:123:240: error: no matching function for call to 'til::function_definition_node::function_definition_node(int, cdk::sequence_node*&, std::shared_ptr<cdk::basic_type>&, cdk::sequence_node*&, cdk::sequence_node*&)'
  123 |             | '(' tFUNCTION '(' function_return_type declarations ')' declarations instructions ')'  {$$ = new til::function_definition_node(LINE, $5, $4, $7, $8) ;}
      |                                                                                                                                                                                                                                                ^
./ast/function_definition_node.h:20:5: note: candidate: 'til::function_definition_node::function_definition_node(int, cdk::sequence_node*, std::vector<std::shared_ptr<cdk::basic_type> >*, cdk::sequence_node*, cdk::sequence_node*)'
   20 |     function_definition_node(int lineno, cdk::sequence_node *arguments, std::vector<std::shared_ptr<cdk::basic_type>> *type, cdk::sequence_node *declarations, cdk::sequence_node *instructions) :
      |     ^~~~~~~~~~~~~~~~~~~~~~~~
./ast/function_definition_node.h:20:120: note:   no known conversion for argument 3 from 'std::shared_ptr<cdk::basic_type>' to 'std::vector<std::shared_ptr<cdk::basic_type> >*'
   20 |     function_definition_node(int lineno, cdk::sequence_node *arguments, std::vector<std::shared_ptr<cdk::basic_type>> *type, cdk::sequence_node *declarations, cdk::sequence_node *instructions) :
      |                                                                         ~~~~~~~~~~~~~~~~~~~~~~~~~~~~~~~~~~~~~~~~~~~~~~~^~~~
./ast/function_definition_node.h:16:9: note: candidate: 'til::function_definition_node::function_definition_node(const til::function_definition_node&)'
   16 |   class function_definition_node: public cdk::expression_node {
      |         ^~~~~~~~~~~~~~~~~~~~~~~~
./ast/function_definition_node.h:16:9: note:   candidate expects 1 argument, 5 provided
./ast/function_definition_node.h:16:9: note: candidate: 'til::function_definition_node::function_definition_node(til::function_definition_node&&)'
./ast/function_definition_node.h:16:9: note:   candidate expects 1 argument, 5 provided
til_parser.y:170:69: error: invalid conversion from 'cdk::basic_node*' to 'cdk::expression_node*' [-fpermissive]
  170 |      | functionDef                 { $$ = $1; }
      |                                                                     ^    
      |                                                                     |
      |                                                                     cdk::basic_node*
make: *** [Makefile:40: til_parser.tab.o] Error 1

