<pre>
Checking project structure...
<font color='white' style='background: blue;'>---------------------------A-01-1-N-ok.til---------------------------</font>
Compiler: failed (139/0). YASM: A-01-1-N-ok.asm:14: error: undefined symbol `prints' (first use)
A-01-1-N-ok.asm:14: error:  (Each undefined symbol is reported only once.)
A-01-1-N-ok.asm:16: error: undefined symbol `println' (first use)
'yasm' failed
<font color='white' style='background: blue;'>---------------------------A-02-2-N-ok.til---------------------------</font>
Compiler: failed (139/0). YASM: A-02-2-N-ok.asm:14: error: undefined symbol `prints' (first use)
A-02-2-N-ok.asm:14: error:  (Each undefined symbol is reported only once.)
A-02-2-N-ok.asm:40: error: undefined symbol `println' (first use)
'yasm' failed
<font color='white' style='background: blue;'>---------------------------A-03-3-N-ok.til---------------------------</font>
Compiler: failed (139/0). YASM: A-03-3-N-ok.asm:14: error: undefined symbol `prints' (first use)
A-03-3-N-ok.asm:14: error:  (Each undefined symbol is reported only once.)
A-03-3-N-ok.asm:40: error: undefined symbol `println' (first use)
'yasm' failed
<font color='white' style='background: blue;'>---------------------------A-04-4-N-ok.til---------------------------</font>
Compiler: failed (139/0). YASM: A-04-4-N-ok.asm:14: error: undefined symbol `prints' (first use)
A-04-4-N-ok.asm:14: error:  (Each undefined symbol is reported only once.)
A-04-4-N-ok.asm:24: error: undefined symbol `println' (first use)
'yasm' failed
<font color='white' style='background: blue;'>---------------------------A-05-5-N-ok.til---------------------------</font>
Compiler: failed (139/0). YASM: A-05-5-N-ok.asm:9: error: undefined symbol `printi' (first use)
A-05-5-N-ok.asm:9: error:  (Each undefined symbol is reported only once.)
A-05-5-N-ok.asm:11: error: undefined symbol `println' (first use)
'yasm' failed
<font color='white' style='background: blue;'>---------------------------A-06-6-N-ok.til---------------------------</font>
Compiler: failed (139/0). YASM: A-06-6-N-ok.asm:14: error: undefined symbol `prints' (first use)
A-06-6-N-ok.asm:14: error:  (Each undefined symbol is reported only once.)
A-06-6-N-ok.asm:16: error: undefined symbol `println' (first use)
'yasm' failed
<font color='white' style='background: blue;'>---------------------------A-07-7-N-ok.til---------------------------</font>
Compiler: failed (139/0). YASM: A-07-7-N-ok.asm:14: error: undefined symbol `prints' (first use)
A-07-7-N-ok.asm:14: error:  (Each undefined symbol is reported only once.)
A-07-7-N-ok.asm:16: error: undefined symbol `println' (first use)
'yasm' failed
<font color='white' style='background: blue;'>---------------------------A-08-8-N-ok.til---------------------------</font>
Compiler: failed (139/0). YASM: A-08-8-N-ok.asm:14: error: undefined symbol `prints' (first use)
A-08-8-N-ok.asm:14: error:  (Each undefined symbol is reported only once.)
A-08-8-N-ok.asm:16: error: undefined symbol `println' (first use)
'yasm' failed
<font color='white' style='background: blue;'>---------------------------B-01-9-N-ok.til---------------------------</font>
Compiler: failed (139/0). YASM: B-01-9-N-ok.asm:12: error: undefined symbol `printi' (first use)
B-01-9-N-ok.asm:12: error:  (Each undefined symbol is reported only once.)
B-01-9-N-ok.asm:14: error: undefined symbol `println' (first use)
'yasm' failed
<font color='white' style='background: blue;'>---------------------------B-02-10-N-ok.til---------------------------</font>
Compiler: failed (139/0). YASM: B-02-10-N-ok.asm:16: error: undefined symbol `printi' (first use)
B-02-10-N-ok.asm:16: error:  (Each undefined symbol is reported only once.)
B-02-10-N-ok.asm:18: error: undefined symbol `println' (first use)
'yasm' failed
<font color='white' style='background: blue;'>---------------------------B-03-11-N-ok.til---------------------------</font>
Compiler: failed (139/0). YASM: B-03-11-N-ok.asm:16: error: undefined symbol `printi' (first use)
B-03-11-N-ok.asm:16: error:  (Each undefined symbol is reported only once.)
B-03-11-N-ok.asm:18: error: undefined symbol `println' (first use)
'yasm' failed
<font color='white' style='background: blue;'>---------------------------B-04-12-N-ok.til---------------------------</font>
Compiler: failed (139/0). YASM: B-04-12-N-ok.asm:15: error: undefined symbol `printi' (first use)
B-04-12-N-ok.asm:15: error:  (Each undefined symbol is reported only once.)
B-04-12-N-ok.asm:17: error: undefined symbol `println' (first use)
'yasm' failed
<font color='white' style='background: blue;'>---------------------------B-05-13-N-ok.til---------------------------</font>
Compiler: failed (139/0). YASM: B-05-13-N-ok.asm:12: error: undefined symbol `printi' (first use)
B-05-13-N-ok.asm:12: error:  (Each undefined symbol is reported only once.)
B-05-13-N-ok.asm:14: error: undefined symbol `println' (first use)
'yasm' failed
<font color='white' style='background: blue;'>---------------------------B-06-14-N-ok.til---------------------------</font>
Compiler: failed (139/0). YASM: B-06-14-N-ok.asm:15: error: undefined symbol `printi' (first use)
B-06-14-N-ok.asm:15: error:  (Each undefined symbol is reported only once.)
B-06-14-N-ok.asm:17: error: undefined symbol `println' (first use)
'yasm' failed
<font color='white' style='background: blue;'>---------------------------B-07-15-N-ok.til---------------------------</font>
Compiler: failed (139/0). YASM: B-07-15-N-ok.asm:15: error: undefined symbol `printi' (first use)
B-07-15-N-ok.asm:15: error:  (Each undefined symbol is reported only once.)
B-07-15-N-ok.asm:17: error: undefined symbol `println' (first use)
'yasm' failed
<font color='white' style='background: blue;'>---------------------------B-08-16-N-ok.til---------------------------</font>
Compiler: failed (139/0). YASM: B-08-16-N-ok.asm:15: error: undefined symbol `printi' (first use)
B-08-16-N-ok.asm:15: error:  (Each undefined symbol is reported only once.)
B-08-16-N-ok.asm:17: error: undefined symbol `println' (first use)
'yasm' failed
<font color='white' style='background: blue;'>---------------------------B-09-17-N-ok.til---------------------------</font>
Compiler: failed (139/0). YASM: B-09-17-N-ok.asm:15: error: undefined symbol `printi' (first use)
B-09-17-N-ok.asm:15: error:  (Each undefined symbol is reported only once.)
B-09-17-N-ok.asm:17: error: undefined symbol `println' (first use)
'yasm' failed
<font color='white' style='background: blue;'>---------------------------B-10-18-N-ok.til---------------------------</font>
Compiler: failed (139/0). YASM: B-10-18-N-ok.asm:21: error: undefined symbol `printi' (first use)
B-10-18-N-ok.asm:21: error:  (Each undefined symbol is reported only once.)
B-10-18-N-ok.asm:23: error: undefined symbol `println' (first use)
'yasm' failed
<font color='white' style='background: blue;'>---------------------------B-11-19-N-ok.til---------------------------</font>
Compiler: failed (139/0). YASM: B-11-19-N-ok.asm:21: error: undefined symbol `printi' (first use)
B-11-19-N-ok.asm:21: error:  (Each undefined symbol is reported only once.)
B-11-19-N-ok.asm:23: error: undefined symbol `println' (first use)
'yasm' failed
<font color='white' style='background: blue;'>---------------------------B-12-20-N-ok.til---------------------------</font>
Compiler: failed (139/0). YASM: B-12-20-N-ok.asm:15: error: undefined symbol `printi' (first use)
B-12-20-N-ok.asm:15: error:  (Each undefined symbol is reported only once.)
B-12-20-N-ok.asm:17: error: undefined symbol `println' (first use)
'yasm' failed
<font color='white' style='background: blue;'>---------------------------B-13-21-N-ok.til---------------------------</font>
Compiler: failed (139/0). YASM: B-13-21-N-ok.asm:21: error: undefined symbol `printi' (first use)
B-13-21-N-ok.asm:21: error:  (Each undefined symbol is reported only once.)
B-13-21-N-ok.asm:23: error: undefined symbol `println' (first use)
'yasm' failed
<font color='white' style='background: blue;'>---------------------------B-14-22-N-ok.til---------------------------</font>
Compiler: failed (139/0). YASM: B-14-22-N-ok.asm:36: error: undefined symbol `printi' (first use)
B-14-22-N-ok.asm:36: error:  (Each undefined symbol is reported only once.)
B-14-22-N-ok.asm:38: error: undefined symbol `println' (first use)
'yasm' failed
<font color='white' style='background: blue;'>---------------------------B-15-23-N-ok.til---------------------------</font>
Compiler: failed (139/0). YASM: B-15-23-N-ok.asm:30: error: undefined symbol `printi' (first use)
B-15-23-N-ok.asm:30: error:  (Each undefined symbol is reported only once.)
B-15-23-N-ok.asm:32: error: undefined symbol `println' (first use)
'yasm' failed
<font color='white' style='background: blue;'>---------------------------B-16-24-N-ok.til---------------------------</font>
Compiler: failed (139/0). YASM: B-16-24-N-ok.asm:9: error: undefined symbol `printi' (first use)
B-16-24-N-ok.asm:9: error:  (Each undefined symbol is reported only once.)
B-16-24-N-ok.asm:11: error: undefined symbol `println' (first use)
'yasm' failed
<font color='white' style='background: blue;'>---------------------------B-17-25-N-ok.til---------------------------</font>
Compiler: failed (139/0). YASM: B-17-25-N-ok.asm:11: error: undefined symbol `printi' (first use)
B-17-25-N-ok.asm:11: error:  (Each undefined symbol is reported only once.)
B-17-25-N-ok.asm:13: error: undefined symbol `println' (first use)
'yasm' failed
<font color='white' style='background: blue;'>---------------------------B-20-26-N-ok.til---------------------------</font>
Compiler: failed (139/0). YASM: B-20-26-N-ok.asm:18: error: undefined symbol `prints' (first use)
B-20-26-N-ok.asm:18: error:  (Each undefined symbol is reported only once.)
B-20-26-N-ok.asm:20: error: undefined symbol `println' (first use)
B-20-26-N-ok.asm:21: error: undefined symbol `_L4' (first use)
'yasm' failed
<font color='white' style='background: blue;'>---------------------------B-21-27-N-ok.til---------------------------</font>
Compiler: failed (139/0). YASM: B-21-27-N-ok.asm:18: error: undefined symbol `prints' (first use)
B-21-27-N-ok.asm:18: error:  (Each undefined symbol is reported only once.)
B-21-27-N-ok.asm:20: error: undefined symbol `println' (first use)
B-21-27-N-ok.asm:21: error: undefined symbol `_L4' (first use)
'yasm' failed
<font color='white' style='background: blue;'>---------------------------B-22-28-N-ok.til---------------------------</font>
Compiler: failed (139/0). YASM: B-22-28-N-ok.asm:18: error: undefined symbol `prints' (first use)
B-22-28-N-ok.asm:18: error:  (Each undefined symbol is reported only once.)
B-22-28-N-ok.asm:20: error: undefined symbol `println' (first use)
B-22-28-N-ok.asm:21: error: undefined symbol `_L4' (first use)
'yasm' failed
<font color='white' style='background: blue;'>---------------------------B-23-29-N-ok.til---------------------------</font>
Compiler: failed (139/0). YASM: B-23-29-N-ok.asm:18: error: undefined symbol `prints' (first use)
B-23-29-N-ok.asm:18: error:  (Each undefined symbol is reported only once.)
B-23-29-N-ok.asm:20: error: undefined symbol `println' (first use)
B-23-29-N-ok.asm:21: error: undefined symbol `_L4' (first use)
'yasm' failed
<font color='white' style='background: blue;'>---------------------------B-24-30-N-ok.til---------------------------</font>
Compiler: failed (139/0). YASM: B-24-30-N-ok.asm:9: error: undefined symbol `printi' (first use)
B-24-30-N-ok.asm:9: error:  (Each undefined symbol is reported only once.)
B-24-30-N-ok.asm:11: error: undefined symbol `println' (first use)
'yasm' failed
<font color='white' style='background: blue;'>---------------------------B-25-31-N-ok.til---------------------------</font>
Compiler: failed (139/0). YASM: B-25-31-N-ok.asm:9: error: undefined symbol `printi' (first use)
B-25-31-N-ok.asm:9: error:  (Each undefined symbol is reported only once.)
B-25-31-N-ok.asm:11: error: undefined symbol `println' (first use)
'yasm' failed
<font color='white' style='background: blue;'>---------------------------C-01-32-N-ok.til---------------------------</font>
Compiler: failed (139/0). YASM: C-01-32-N-ok.asm:20: error: undefined symbol `printi' (first use)
C-01-32-N-ok.asm:20: error:  (Each undefined symbol is reported only once.)
C-01-32-N-ok.asm:22: error: undefined symbol `println' (first use)
'yasm' failed
<font color='white' style='background: blue;'>---------------------------C-02-33-N-ok.til---------------------------</font>
Compiler: failed (139/0). YASM: C-02-33-N-ok.asm:15: error: undefined symbol `printi' (first use)
C-02-33-N-ok.asm:15: error:  (Each undefined symbol is reported only once.)
C-02-33-N-ok.asm:17: error: undefined symbol `println' (first use)
'yasm' failed
<font color='white' style='background: blue;'>---------------------------C-03-34-N-ok.til---------------------------</font>
Compiler: failed (139/0). YASM: C-03-34-N-ok.asm:20: error: undefined symbol `prints' (first use)
C-03-34-N-ok.asm:20: error:  (Each undefined symbol is reported only once.)
C-03-34-N-ok.asm:22: error: undefined symbol `println' (first use)
'yasm' failed
<font color='white' style='background: blue;'>---------------------------C-04-35-N-ok.til---------------------------</font>
Compiler: failed (139/0). YASM: C-04-35-N-ok.asm:22: error: undefined symbol `printi' (first use)
C-04-35-N-ok.asm:22: error:  (Each undefined symbol is reported only once.)
C-04-35-N-ok.asm:24: error: undefined symbol `println' (first use)
'yasm' failed
<font color='white' style='background: blue;'>---------------------------C-05-36-N-ok.til---------------------------</font>
Compiler: failed (139/0). YASM: C-05-36-N-ok.asm:38: error: undefined symbol `printi' (first use)
C-05-36-N-ok.asm:38: error:  (Each undefined symbol is reported only once.)
C-05-36-N-ok.asm:40: error: undefined symbol `println' (first use)
'yasm' failed
<font color='white' style='background: blue;'>---------------------------C-06-37-N-ok.til---------------------------</font>
Compiler: failed (139/0). YASM: C-06-37-N-ok.asm:29: error: undefined symbol `printi' (first use)
C-06-37-N-ok.asm:29: error:  (Each undefined symbol is reported only once.)
C-06-37-N-ok.asm:31: error: undefined symbol `println' (first use)
'yasm' failed
<font color='white' style='background: blue;'>---------------------------C-07-38-N-ok.til---------------------------</font>
Compiler: failed (139/0). YASM: C-07-38-N-ok.asm:31: error: undefined symbol `printi' (first use)
C-07-38-N-ok.asm:31: error:  (Each undefined symbol is reported only once.)
C-07-38-N-ok.asm:33: error: undefined symbol `println' (first use)
'yasm' failed
<font color='white' style='background: blue;'>---------------------------C-08-39-N-ok.til---------------------------</font>
Compiler: failed (139/0). YASM: C-08-39-N-ok.asm:27: error: undefined symbol `printi' (first use)
C-08-39-N-ok.asm:27: error:  (Each undefined symbol is reported only once.)
C-08-39-N-ok.asm:29: error: undefined symbol `println' (first use)
'yasm' failed
<font color='white' style='background: blue;'>---------------------------C-09-40-N-ok.til---------------------------</font>
Compiler: failed (139/0). YASM: C-09-40-N-ok.asm:27: error: undefined symbol `printi' (first use)
C-09-40-N-ok.asm:27: error:  (Each undefined symbol is reported only once.)
C-09-40-N-ok.asm:29: error: undefined symbol `println' (first use)
'yasm' failed
<font color='white' style='background: blue;'>---------------------------C-10-41-N-ok.til---------------------------</font>
Compiler: failed (139/0). YASM: C-10-41-N-ok.asm:27: error: undefined symbol `printi' (first use)
C-10-41-N-ok.asm:27: error:  (Each undefined symbol is reported only once.)
C-10-41-N-ok.asm:29: error: undefined symbol `println' (first use)
'yasm' failed
<font color='white' style='background: blue;'>---------------------------C-11-42-N-ok.til---------------------------</font>
Compiler: failed (139/0). YASM: C-11-42-N-ok.asm:27: error: undefined symbol `printi' (first use)
C-11-42-N-ok.asm:27: error:  (Each undefined symbol is reported only once.)
C-11-42-N-ok.asm:29: error: undefined symbol `println' (first use)
'yasm' failed
<font color='white' style='background: blue;'>---------------------------C-12-43-N-ok.til---------------------------</font>
Compiler: failed (139/0). YASM: C-12-43-N-ok.asm:27: error: undefined symbol `printi' (first use)
C-12-43-N-ok.asm:27: error:  (Each undefined symbol is reported only once.)
C-12-43-N-ok.asm:29: error: undefined symbol `println' (first use)
'yasm' failed
<font color='white' style='background: blue;'>---------------------------C-13-44-N-ok.til---------------------------</font>
Compiler: failed (139/0). YASM: C-13-44-N-ok.asm:27: error: undefined symbol `printi' (first use)
C-13-44-N-ok.asm:27: error:  (Each undefined symbol is reported only once.)
C-13-44-N-ok.asm:29: error: undefined symbol `println' (first use)
'yasm' failed
<font color='white' style='background: blue;'>---------------------------C-14-45-N-ok.til---------------------------</font>
Compiler: failed (139/0). YASM: C-14-45-N-ok.asm:46: error: undefined symbol `printi' (first use)
C-14-45-N-ok.asm:46: error:  (Each undefined symbol is reported only once.)
C-14-45-N-ok.asm:48: error: undefined symbol `println' (first use)
'yasm' failed
<font color='white' style='background: blue;'>---------------------------C-15-46-N-ok.til---------------------------</font>
Compiler: failed (139/0). YASM: C-15-46-N-ok.asm:46: error: undefined symbol `printi' (first use)
C-15-46-N-ok.asm:46: error:  (Each undefined symbol is reported only once.)
C-15-46-N-ok.asm:48: error: undefined symbol `println' (first use)
'yasm' failed
<font color='white' style='background: blue;'>---------------------------C-16-47-N-ok.til---------------------------</font>
Compiler: failed (139/0). YASM: C-16-47-N-ok.asm:41: error: undefined symbol `printi' (first use)
C-16-47-N-ok.asm:41: error:  (Each undefined symbol is reported only once.)
C-16-47-N-ok.asm:43: error: undefined symbol `println' (first use)
'yasm' failed
<font color='white' style='background: blue;'>---------------------------C-19-48-N-ok.til---------------------------</font>
Compiler: failed (139/0). YASM: C-19-48-N-ok.asm:15: error: undefined symbol `printi' (first use)
C-19-48-N-ok.asm:15: error:  (Each undefined symbol is reported only once.)
C-19-48-N-ok.asm:17: error: undefined symbol `println' (first use)
'yasm' failed
<font color='white' style='background: blue;'>---------------------------C-20-49-N-ok.til---------------------------</font>
Compiler: failed (139/0). YASM: C-20-49-N-ok.asm:20: error: undefined symbol `prints' (first use)
C-20-49-N-ok.asm:20: error:  (Each undefined symbol is reported only once.)
C-20-49-N-ok.asm:22: error: undefined symbol `println' (first use)
'yasm' failed
<font color='white' style='background: blue;'>---------------------------D-01-50-N-ok.til---------------------------</font>
Compiler: failed (139/0). YASM: D-01-50-N-ok.asm:18: error: undefined symbol `prints' (first use)
D-01-50-N-ok.asm:18: error:  (Each undefined symbol is reported only once.)
D-01-50-N-ok.asm:20: error: undefined symbol `println' (first use)
D-01-50-N-ok.asm:21: error: undefined symbol `_L4' (first use)
D-01-50-N-ok.asm:37: error: undefined symbol `_L7' (first use)
'yasm' failed
<font color='white' style='background: blue;'>---------------------------D-02-51-N-ok.til---------------------------</font>
Compiler: failed (139/0). YASM: D-02-51-N-ok.asm:18: error: undefined symbol `prints' (first use)
D-02-51-N-ok.asm:18: error:  (Each undefined symbol is reported only once.)
D-02-51-N-ok.asm:20: error: undefined symbol `println' (first use)
D-02-51-N-ok.asm:21: error: undefined symbol `_L4' (first use)
D-02-51-N-ok.asm:37: error: undefined symbol `_L7' (first use)
D-02-51-N-ok.asm:53: error: undefined symbol `_L10' (first use)
D-02-51-N-ok.asm:69: error: undefined symbol `_L13' (first use)
D-02-51-N-ok.asm:85: error: undefined symbol `_L16' (first use)
'yasm' failed
<font color='white' style='background: blue;'>---------------------------D-03-52-N-ok.til---------------------------</font>
Compiler: failed (139/0). YASM: D-03-52-N-ok.asm:18: error: undefined symbol `prints' (first use)
D-03-52-N-ok.asm:18: error:  (Each undefined symbol is reported only once.)
D-03-52-N-ok.asm:20: error: undefined symbol `println' (first use)
D-03-52-N-ok.asm:21: error: undefined symbol `_L4' (first use)
D-03-52-N-ok.asm:37: error: undefined symbol `_L7' (first use)
D-03-52-N-ok.asm:53: error: undefined symbol `_L10' (first use)
D-03-52-N-ok.asm:69: error: undefined symbol `_L13' (first use)
D-03-52-N-ok.asm:85: error: undefined symbol `_L16' (first use)
'yasm' failed
<font color='white' style='background: blue;'>---------------------------E-01-53-N-ok.til---------------------------</font>
Compiler: failed (139/0). YASM: E-01-53-N-ok.asm:32: error: undefined symbol `_L3' (first use)
E-01-53-N-ok.asm:32: error:  (Each undefined symbol is reported only once.)
E-01-53-N-ok.asm:36: error: undefined symbol `printi' (first use)
E-01-53-N-ok.asm:38: error: undefined symbol `println' (first use)
'yasm' failed
<font color='white' style='background: blue;'>---------------------------E-02-54-N-ok.til---------------------------</font>
Compiler: failed (139/0). YASM: E-02-54-N-ok.asm:33: error: undefined symbol `_L3' (first use)
E-02-54-N-ok.asm:33: error:  (Each undefined symbol is reported only once.)
E-02-54-N-ok.asm:37: error: undefined symbol `printi' (first use)
E-02-54-N-ok.asm:39: error: undefined symbol `println' (first use)
'yasm' failed
<font color='white' style='background: blue;'>---------------------------E-03-55-N-ok.til---------------------------</font>
Compiler: failed (139/0). YASM: E-03-55-N-ok.asm:13: error: undefined symbol `printi' (first use)
E-03-55-N-ok.asm:13: error:  (Each undefined symbol is reported only once.)
E-03-55-N-ok.asm:15: error: undefined symbol `println' (first use)
E-03-55-N-ok.asm:37: error: undefined symbol `_L3' (first use)
'yasm' failed
<font color='white' style='background: blue;'>---------------------------E-04-56-N-ok.til---------------------------</font>
Compiler: failed (139/0). YASM: E-04-56-N-ok.asm:32: error: undefined symbol `_L3' (first use)
E-04-56-N-ok.asm:32: error:  (Each undefined symbol is reported only once.)
E-04-56-N-ok.asm:36: error: undefined symbol `printi' (first use)
E-04-56-N-ok.asm:38: error: undefined symbol `println' (first use)
'yasm' failed
<font color='white' style='background: blue;'>---------------------------E-05-57-N-ok.til---------------------------</font>
Compiler: failed (139/0). YASM: E-05-57-N-ok.asm:25: error: undefined symbol `_L3' (first use)
E-05-57-N-ok.asm:25: error:  (Each undefined symbol is reported only once.)
E-05-57-N-ok.asm:29: error: undefined symbol `printi' (first use)
E-05-57-N-ok.asm:31: error: undefined symbol `println' (first use)
'yasm' failed
<font color='white' style='background: blue;'>---------------------------E-06-58-N-ok.til---------------------------</font>
Compiler: failed (139/0). YASM: E-06-58-N-ok.asm:26: error: undefined symbol `_L3' (first use)
E-06-58-N-ok.asm:26: error:  (Each undefined symbol is reported only once.)
E-06-58-N-ok.asm:30: error: undefined symbol `printi' (first use)
E-06-58-N-ok.asm:32: error: undefined symbol `println' (first use)
'yasm' failed
<font color='white' style='background: blue;'>---------------------------E-07-59-N-ok.til---------------------------</font>
Compiler: failed (139/0). YASM: E-07-59-N-ok.asm:13: error: undefined symbol `printi' (first use)
E-07-59-N-ok.asm:13: error:  (Each undefined symbol is reported only once.)
E-07-59-N-ok.asm:15: error: undefined symbol `println' (first use)
E-07-59-N-ok.asm:30: error: undefined symbol `_L3' (first use)
'yasm' failed
<font color='white' style='background: blue;'>---------------------------E-08-60-N-ok.til---------------------------</font>
Compiler: failed (139/0). YASM: E-08-60-N-ok.asm:25: error: undefined symbol `_L3' (first use)
E-08-60-N-ok.asm:25: error:  (Each undefined symbol is reported only once.)
E-08-60-N-ok.asm:29: error: undefined symbol `printi' (first use)
E-08-60-N-ok.asm:31: error: undefined symbol `println' (first use)
'yasm' failed
<font color='white' style='background: blue;'>---------------------------E-09-61-N-ok.til---------------------------</font>
Compiler: failed (139/0). YASM: E-09-61-N-ok.asm:28: error: undefined symbol `_L3' (first use)
E-09-61-N-ok.asm:28: error:  (Each undefined symbol is reported only once.)
E-09-61-N-ok.asm:33: error: undefined symbol `printi' (first use)
E-09-61-N-ok.asm:35: error: undefined symbol `println' (first use)
'yasm' failed
<font color='white' style='background: blue;'>---------------------------E-10-62-N-ok.til---------------------------</font>
Compiler: failed (139/0). YASM: E-10-62-N-ok.asm:28: error: undefined symbol `_L3' (first use)
E-10-62-N-ok.asm:28: error:  (Each undefined symbol is reported only once.)
E-10-62-N-ok.asm:52: error: undefined symbol `printi' (first use)
E-10-62-N-ok.asm:54: error: undefined symbol `println' (first use)
'yasm' failed
<font color='white' style='background: blue;'>---------------------------E-11-63-N-ok.til---------------------------</font>
Compiler: failed (139/0). YASM: E-11-63-N-ok.asm:28: error: undefined symbol `_L3' (first use)
E-11-63-N-ok.asm:28: error:  (Each undefined symbol is reported only once.)
E-11-63-N-ok.asm:69: error: undefined symbol `prints' (first use)
E-11-63-N-ok.asm:71: error: undefined symbol `println' (first use)
E-11-63-N-ok.asm:93: error: undefined symbol `printi' (first use)
'yasm' failed
<font color='white' style='background: blue;'>---------------------------E-12-64-N-ok.til---------------------------</font>
Compiler: failed (139/0). YASM: E-12-64-N-ok.asm:28: error: undefined symbol `_L3' (first use)
E-12-64-N-ok.asm:28: error:  (Each undefined symbol is reported only once.)
E-12-64-N-ok.asm:33: error: undefined symbol `printi' (first use)
E-12-64-N-ok.asm:35: error: undefined symbol `println' (first use)
'yasm' failed
<font color='white' style='background: blue;'>---------------------------E-13-65-N-ok.til---------------------------</font>
Compiler: failed (139/0). YASM: E-13-65-N-ok.asm:28: error: undefined symbol `_L3' (first use)
E-13-65-N-ok.asm:28: error:  (Each undefined symbol is reported only once.)
E-13-65-N-ok.asm:52: error: undefined symbol `printi' (first use)
E-13-65-N-ok.asm:54: error: undefined symbol `println' (first use)
'yasm' failed
<font color='white' style='background: blue;'>---------------------------E-14-66-N-ok.til---------------------------</font>
Compiler: failed (139/0). YASM: E-14-66-N-ok.asm:28: error: undefined symbol `_L3' (first use)
E-14-66-N-ok.asm:28: error:  (Each undefined symbol is reported only once.)
E-14-66-N-ok.asm:69: error: undefined symbol `prints' (first use)
E-14-66-N-ok.asm:71: error: undefined symbol `println' (first use)
E-14-66-N-ok.asm:93: error: undefined symbol `printi' (first use)
'yasm' failed
<font color='white' style='background: blue;'>---------------------------F-01-67-N-ok.til---------------------------</font>
Compiler: failed (139/0). YASM: F-01-67-N-ok.asm:28: error: undefined symbol `_L3' (first use)
F-01-67-N-ok.asm:28: error:  (Each undefined symbol is reported only once.)
F-01-67-N-ok.asm:91: error: undefined symbol `printi' (first use)
F-01-67-N-ok.asm:93: error: undefined symbol `println' (first use)
'yasm' failed
<font color='white' style='background: blue;'>---------------------------F-02-68-N-ok.til---------------------------</font>
Compiler: failed (139/0). YASM: F-02-68-N-ok.asm:28: error: undefined symbol `_L3' (first use)
F-02-68-N-ok.asm:28: error:  (Each undefined symbol is reported only once.)
F-02-68-N-ok.asm:77: error: undefined symbol `printi' (first use)
F-02-68-N-ok.asm:79: error: undefined symbol `println' (first use)
'yasm' failed
<font color='white' style='background: blue;'>---------------------------F-03-69-N-ok.til---------------------------</font>
Compiler: failed (139/0). YASM: F-03-69-N-ok.asm:41: error: undefined symbol `prints' (first use)
F-03-69-N-ok.asm:41: error:  (Each undefined symbol is reported only once.)
F-03-69-N-ok.asm:47: error: undefined symbol `printi' (first use)
F-03-69-N-ok.asm:49: error: undefined symbol `println' (first use)
'yasm' failed
<font color='white' style='background: blue;'>---------------------------G-01-70-N-ok.til---------------------------</font>
Compiler: failed (139/0). YASM: G-01-70-N-ok.asm:9: error: undefined symbol `printi' (first use)
G-01-70-N-ok.asm:9: error:  (Each undefined symbol is reported only once.)
G-01-70-N-ok.asm:11: error: undefined symbol `println' (first use)
'yasm' failed
<font color='white' style='background: blue;'>---------------------------G-02-71-N-ok.til---------------------------</font>
Compiler: failed (139/0). YASM: G-02-71-N-ok.asm:9: error: undefined symbol `printi' (first use)
G-02-71-N-ok.asm:9: error:  (Each undefined symbol is reported only once.)
G-02-71-N-ok.asm:11: error: undefined symbol `println' (first use)
'yasm' failed
<font color='white' style='background: blue;'>---------------------------G-03-72-N-ok.til---------------------------</font>
Compiler: failed (139/0). YASM: G-03-72-N-ok.asm:9: error: undefined symbol `printi' (first use)
G-03-72-N-ok.asm:9: error:  (Each undefined symbol is reported only once.)
G-03-72-N-ok.asm:11: error: undefined symbol `println' (first use)
'yasm' failed
<font color='white' style='background: blue;'>---------------------------G-04-73-N-ok.til---------------------------</font>
Compiler: failed (139/0). YASM: G-04-73-N-ok.asm:9: error: undefined symbol `printi' (first use)
G-04-73-N-ok.asm:9: error:  (Each undefined symbol is reported only once.)
G-04-73-N-ok.asm:11: error: undefined symbol `println' (first use)
'yasm' failed
<font color='white' style='background: blue;'>---------------------------G-05-74-N-ok.til---------------------------</font>
Compiler: failed (139/0). YASM: G-05-74-N-ok.asm:13: error: undefined symbol `printi' (first use)
G-05-74-N-ok.asm:13: error:  (Each undefined symbol is reported only once.)
G-05-74-N-ok.asm:15: error: undefined symbol `println' (first use)
'yasm' failed
<font color='white' style='background: blue;'>---------------------------G-06-75-N-ok.til---------------------------</font>
Compiler: failed (139/0). YASM: G-06-75-N-ok.asm:13: error: undefined symbol `printi' (first use)
G-06-75-N-ok.asm:13: error:  (Each undefined symbol is reported only once.)
G-06-75-N-ok.asm:15: error: undefined symbol `println' (first use)
'yasm' failed
<font color='white' style='background: blue;'>---------------------------G-07-76-N-ok.til---------------------------</font>
1: cannot declare variable of type void
3: undeclared variable 'f'
Compiler: failed (139/0). YASM: ok. LD: ok. Running: execution failed
*** expected/G-07-76-N-ok.out	Thu May 30 18:23:39 2024
--- logs/018_G-07-76-N-ok.out	Thu May 30 18:31:49 2024
<font style="background: brown;" color="white">----- ZONE  1  ----</font>
<font color="brown">*** 1 ****</font>
- 4
<font color="brown">--- 0 ----</font>
<font color='brown'>output differs from expected</font>
<font color='white' style='background: blue;'>---------------------------G-08-77-N-ok.til---------------------------</font>
1: non-literal expression for global variable 'f'
3: wrong type in function call
Compiler: failed (139/0). YASM: ok. LD: ok. Running: execution failed
*** expected/G-08-77-N-ok.out	Thu May 30 18:23:39 2024
--- logs/018_G-08-77-N-ok.out	Thu May 30 18:31:49 2024
<font style="background: brown;" color="white">----- ZONE  1  ----</font>
<font color="brown">*** 1 ****</font>
- 8
<font color="brown">--- 0 ----</font>
<font color='brown'>output differs from expected</font>
<font color='white' style='background: blue;'>---------------------------J-01-78-N-ok.til---------------------------</font>
1: cannot declare variable of type void
3: undeclared variable 'f'
Compiler: failed (139/0). YASM: ok. LD: ok. Running: execution failed
*** expected/J-01-78-N-ok.out	Thu May 30 18:23:39 2024
--- logs/018_J-01-78-N-ok.out	Thu May 30 18:31:49 2024
<font style="background: brown;" color="white">----- ZONE  1  ----</font>
<font color="brown">*** 1 ****</font>
- ola
<font color="brown">--- 0 ----</font>
<font color='brown'>output differs from expected</font>
<font color='white' style='background: blue;'>---------------------------J-02-79-N-ok.til---------------------------</font>
1: non-literal expression for global variable 'f'
3: wrong type in function call
Compiler: failed (139/0). YASM: ok. LD: ok. Running: execution failed
*** expected/J-02-79-N-ok.out	Thu May 30 18:23:39 2024
--- logs/018_J-02-79-N-ok.out	Thu May 30 18:31:49 2024
<font style="background: brown;" color="white">----- ZONE  1  ----</font>
<font color="brown">*** 1 ****</font>
- 2
<font color="brown">--- 0 ----</font>
<font color='brown'>output differs from expected</font>
<font color='white' style='background: blue;'>---------------------------J-03-80-N-ok.til---------------------------</font>
1: non-literal expression for global variable 'f'
3: wrong type in function call
Compiler: failed (139/0). YASM: ok. LD: ok. Running: execution failed
*** expected/J-03-80-N-ok.out	Thu May 30 18:23:39 2024
--- logs/018_J-03-80-N-ok.out	Thu May 30 18:31:49 2024
<font style="background: brown;" color="white">----- ZONE  1  ----</font>
<font color="brown">*** 1 ****</font>
- ola
<font color="brown">--- 0 ----</font>
<font color='brown'>output differs from expected</font>
<font color='white' style='background: blue;'>---------------------------J-04-81-N-ok.til---------------------------</font>
2: cannot declare variable of type void
Compiler: failed (139/0). YASM: J-04-81-N-ok.asm:8: error: undefined symbol `f' (first use)
J-04-81-N-ok.asm:8: error:  (Each undefined symbol is reported only once.)
'yasm' failed
<font color='white' style='background: blue;'>---------------------------J-05-82-N-ok.til---------------------------</font>
1: non-literal expression for global variable 'pi'
3: wrong type in function call
Compiler: failed (139/0). YASM: ok. LD: ok. Running: execution failed
*** expected/J-05-82-N-ok.out	Thu May 30 18:23:39 2024
--- logs/018_J-05-82-N-ok.out	Thu May 30 18:31:49 2024
<font style="background: brown;" color="white">----- ZONE  1  ----</font>
<font color="brown">*** 1 ****</font>
- 314
<font color="brown">--- 0 ----</font>
<font color='brown'>output differs from expected</font>
<font color='white' style='background: blue;'>---------------------------J-06-83-N-ok.til---------------------------</font>
Compiler: failed (139/0). YASM: J-06-83-N-ok.asm:8: error: undefined symbol `argc' (first use)
J-06-83-N-ok.asm:8: error:  (Each undefined symbol is reported only once.)
J-06-83-N-ok.asm:10: error: undefined symbol `printi' (first use)
J-06-83-N-ok.asm:12: error: undefined symbol `println' (first use)
'yasm' failed
<font color='white' style='background: blue;'>---------------------------J-07-84-N-ok.til---------------------------</font>
1: cannot declare variable of type void
3: undeclared variable 'f'
Compiler: failed (139/0). YASM: ok. LD: ok. Running: execution failed
*** expected/J-07-84-N-ok.out	Thu May 30 18:23:39 2024
--- logs/018_J-07-84-N-ok.out	Thu May 30 18:31:49 2024
<font style="background: brown;" color="white">----- ZONE  1  ----</font>
<font color="brown">*** 1 ****</font>
- 3
<font color="brown">--- 0 ----</font>
<font color='brown'>output differs from expected</font>
<font color='white' style='background: blue;'>---------------------------J-08-85-N-ok.til---------------------------</font>
1: wrong type in expression for variable 'f'
3: undeclared variable 'f'
Compiler: failed (139/0). YASM: ok. LD: ok. Running: execution failed
*** expected/J-08-85-N-ok.out	Thu May 30 18:23:39 2024
--- logs/018_J-08-85-N-ok.out	Thu May 30 18:31:49 2024
<font style="background: brown;" color="white">----- ZONE  1  ----</font>
<font color="brown">*** 1 ****</font>
- 2
<font color="brown">--- 0 ----</font>
<font color='brown'>output differs from expected</font>
<font color='white' style='background: blue;'>---------------------------K-01-86-N-ok.til---------------------------</font>
2: cannot declare variable of type void
4: undeclared variable 'f'
Compiler: failed (139/0). YASM: K-01-86-N-ok.asm:16: error: undefined symbol `printi' (first use)
K-01-86-N-ok.asm:16: error:  (Each undefined symbol is reported only once.)
K-01-86-N-ok.asm:18: error: undefined symbol `println' (first use)
'yasm' failed
<font color='white' style='background: blue;'>---------------------------K-02-87-N-ok.til---------------------------</font>
1: cannot declare variable of type void
3: undeclared variable 'f'
Compiler: failed (139/0). YASM: ok. LD: ok. Running: execution failed
*** expected/K-02-87-N-ok.out	Thu May 30 18:23:39 2024
--- logs/018_K-02-87-N-ok.out	Thu May 30 18:31:49 2024
<font style="background: brown;" color="white">----- ZONE  1  ----</font>
<font color="brown">*** 1 ****</font>
- 3
<font color="brown">--- 0 ----</font>
<font color='brown'>output differs from expected</font>
<font color='white' style='background: blue;'>---------------------------K-03-88-N-ok.til---------------------------</font>
1: cannot declare variable of type void
3: undeclared variable 'f'
Compiler: failed (139/0). YASM: ok. LD: ok. Running: execution failed
*** expected/K-03-88-N-ok.out	Thu May 30 18:23:39 2024
--- logs/018_K-03-88-N-ok.out	Thu May 30 18:31:49 2024
<font style="background: brown;" color="white">----- ZONE  1  ----</font>
<font color="brown">*** 1 ****</font>
- 7
<font color="brown">--- 0 ----</font>
<font color='brown'>output differs from expected</font>
<font color='white' style='background: blue;'>---------------------------K-04-89-N-ok.til---------------------------</font>
1: non-literal expression for global variable 'f'
3: wrong type in function call
Compiler: failed (139/0). YASM: ok. LD: ok. Running: execution failed
*** expected/K-04-89-N-ok.out	Thu May 30 18:23:39 2024
--- logs/018_K-04-89-N-ok.out	Thu May 30 18:31:49 2024
<font style="background: brown;" color="white">----- ZONE  1  ----</font>
<font color="brown">*** 1 ****</font>
- 4
<font color="brown">--- 0 ----</font>
<font color='brown'>output differs from expected</font>
<font color='white' style='background: blue;'>---------------------------K-05-90-N-ok.til---------------------------</font>
1: non-literal expression for global variable 'f'
3: wrong type in function call
Compiler: failed (139/0). YASM: ok. LD: ok. Running: execution failed
*** expected/K-05-90-N-ok.out	Thu May 30 18:23:39 2024
--- logs/018_K-05-90-N-ok.out	Thu May 30 18:31:49 2024
<font style="background: brown;" color="white">----- ZONE  1  ----</font>
<font color="brown">*** 1 ****</font>
- 6
<font color="brown">--- 0 ----</font>
<font color='brown'>output differs from expected</font>
<font color='white' style='background: blue;'>---------------------------K-06-91-N-ok.til---------------------------</font>
1: non-literal expression for global variable 'f'
3: wrong type in function call
Compiler: failed (139/0). YASM: ok. LD: ok. Running: execution failed
*** expected/K-06-91-N-ok.out	Thu May 30 18:23:39 2024
--- logs/018_K-06-91-N-ok.out	Thu May 30 18:31:49 2024
<font style="background: brown;" color="white">----- ZONE  1  ----</font>
<font color="brown">*** 1 ****</font>
- 10
<font color="brown">--- 0 ----</font>
<font color='brown'>output differs from expected</font>
<font color='white' style='background: blue;'>---------------------------K-07-92-N-ok.til---------------------------</font>
1: non-literal expression for global variable 'f'
3: wrong type in function call
Compiler: failed (139/0). YASM: ok. LD: ok. Running: execution failed
*** expected/K-07-92-N-ok.out	Thu May 30 18:23:39 2024
--- logs/018_K-07-92-N-ok.out	Thu May 30 18:31:49 2024
<font style="background: brown;" color="white">----- ZONE  1  ----</font>
<font color="brown">*** 1 ****</font>
- ola
<font color="brown">--- 0 ----</font>
<font color='brown'>output differs from expected</font>
<font color='white' style='background: blue;'>---------------------------K-08-93-N-ok.til---------------------------</font>
2: non-literal expression for global variable 'f'
3: redeclaration of variable 'g'
5: wrong type in function call
Compiler: failed (139/0). YASM: ok. LD: ok. Running: execution failed
*** expected/K-08-93-N-ok.out	Thu May 30 18:23:39 2024
--- logs/018_K-08-93-N-ok.out	Thu May 30 18:31:49 2024
<font style="background: brown;" color="white">----- ZONE  1  ----</font>
<font color="brown">*** 1 ****</font>
- ola
<font color="brown">--- 0 ----</font>
<font color='brown'>output differs from expected</font>
<font color='white' style='background: blue;'>---------------------------K-09-94-N-ok.til---------------------------</font>
2: non-literal expression for global variable 'f'
3: redeclaration of variable 'g'
5: wrong type in function call
Compiler: failed (139/0). YASM: ok. LD: ok. Running: execution failed
*** expected/K-09-94-N-ok.out	Thu May 30 18:23:39 2024
--- logs/018_K-09-94-N-ok.out	Thu May 30 18:31:49 2024
<font style="background: brown;" color="white">----- ZONE  1  ----</font>
<font color="brown">*** 1 ****</font>
- ola10
<font color="brown">--- 0 ----</font>
<font color='brown'>output differs from expected</font>
<font color='white' style='background: blue;'>---------------------------K-10-95-N-ok.til---------------------------</font>
2: non-literal expression for global variable 'f'
3: redeclaration of variable 'g'
5: wrong type in function call
Compiler: failed (139/0). YASM: ok. LD: ok. Running: execution failed
*** expected/K-10-95-N-ok.out	Thu May 30 18:23:39 2024
--- logs/018_K-10-95-N-ok.out	Thu May 30 18:31:49 2024
<font style="background: brown;" color="white">----- ZONE  1  ----</font>
<font color="brown">*** 1 ****</font>
- ola10
<font color="brown">--- 0 ----</font>
<font color='brown'>output differs from expected</font>
<font color='white' style='background: blue;'>---------------------------K-11-96-N-ok.til---------------------------</font>
2: non-literal expression for global variable 'f'
3: redeclaration of variable 'g'
5: wrong type in function call
Compiler: failed (139/0). YASM: ok. LD: ok. Running: execution failed
*** expected/K-11-96-N-ok.out	Thu May 30 18:23:39 2024
--- logs/018_K-11-96-N-ok.out	Thu May 30 18:31:49 2024
<font style="background: brown;" color="white">----- ZONE  1  ----</font>
<font color="brown">*** 1 ****</font>
- ola
<font color="brown">--- 0 ----</font>
<font color='brown'>output differs from expected</font>
<font color='white' style='background: blue;'>---------------------------L-01-97-N-ok.til---------------------------</font>
9: non-literal expression for global variable 'f'
11: wrong type in function call
Compiler: failed (139/0). YASM: ok. LD: ok. Running: execution failed
*** expected/L-01-97-N-ok.out	Thu May 30 18:23:39 2024
--- logs/018_L-01-97-N-ok.out	Thu May 30 18:31:49 2024
<font style="background: brown;" color="white">----- ZONE  1  ----</font>
<font color="brown">*** 1 ****</font>
- 15
<font color="brown">--- 0 ----</font>
<font color='brown'>output differs from expected</font>
<font color='white' style='background: blue;'>---------------------------L-02-98-N-ok.til---------------------------</font>
8: non-literal expression for global variable 'f'
15: redeclaration of variable 'g'
17: wrong type in function call
Compiler: failed (139/0). YASM: ok. LD: ok. Running: execution failed
*** expected/L-02-98-N-ok.out	Thu May 30 18:23:39 2024
--- logs/018_L-02-98-N-ok.out	Thu May 30 18:31:49 2024
<font style="background: brown;" color="white">----- ZONE  1  ----</font>
<font color="brown">*** 1 ****</font>
- 6
<font color="brown">--- 0 ----</font>
<font color='brown'>output differs from expected</font>
<font color='white' style='background: blue;'>---------------------------L-03-99-N-ok.til---------------------------</font>
8: non-literal expression for global variable 'f'
15: redeclaration of variable 'g'
17: wrong type in function call
Compiler: failed (139/0). YASM: ok. LD: ok. Running: execution failed
*** expected/L-03-99-N-ok.out	Thu May 30 18:23:39 2024
--- logs/018_L-03-99-N-ok.out	Thu May 30 18:31:49 2024
<font style="background: brown;" color="white">----- ZONE  1  ----</font>
<font color="brown">*** 1 ****</font>
- 6
<font color="brown">--- 0 ----</font>
<font color='brown'>output differs from expected</font>
<font color='white' style='background: blue;'>---------------------------O-01-100-N-ok.til---------------------------</font>
1: non-literal expression for global variable 'f'
3: wrong type in function call
4: wrong type in function call
Compiler: failed (139/0). YASM: ok. LD: ok. Running: execution failed
*** expected/O-01-100-N-ok.out	Thu May 30 18:23:39 2024
--- logs/018_O-01-100-N-ok.out	Thu May 30 18:31:49 2024
<font style="background: brown;" color="white">----- ZONE  1  ----</font>
<font color="brown">*** 1 ****</font>
- 1.3E15
<font color="brown">--- 0 ----</font>
<font color='brown'>output differs from expected</font>
<font color='white' style='background: blue;'>---------------------------O-02-101-N-ok.til---------------------------</font>
1: non-literal expression for global variable 'f'
3: wrong type in function call
4: wrong type in function call
Compiler: failed (139/0). YASM: ok. LD: ok. Running: execution failed
*** expected/O-02-101-N-ok.out	Thu May 30 18:23:39 2024
--- logs/018_O-02-101-N-ok.out	Thu May 30 18:31:50 2024
<font style="background: brown;" color="white">----- ZONE  1  ----</font>
<font color="brown">*** 1 ****</font>
- 1E12
<font color="brown">--- 0 ----</font>
<font color='brown'>output differs from expected</font>
<font color='white' style='background: blue;'>---------------------------O-03-102-N-ok.til---------------------------</font>
1: non-literal expression for global variable 'f'
3: wrong type in function call
4: wrong type in function call
Compiler: failed (139/0). YASM: ok. LD: ok. Running: execution failed
*** expected/O-03-102-N-ok.out	Thu May 30 18:23:39 2024
--- logs/018_O-03-102-N-ok.out	Thu May 30 18:31:50 2024
<font style="background: brown;" color="white">----- ZONE  1  ----</font>
<font color="brown">*** 1 ****</font>
- 99
<font color="brown">--- 0 ----</font>
<font color='brown'>output differs from expected</font>
<font color='white' style='background: blue;'>---------------------------P-01-103-N-ok.til---------------------------</font>
Compiler: failed (139/0). YASM: P-01-103-N-ok.asm:87: error: undefined symbol `printd' (first use)
P-01-103-N-ok.asm:87: error:  (Each undefined symbol is reported only once.)
P-01-103-N-ok.asm:89: error: undefined symbol `println' (first use)
'yasm' failed
<font color='white' style='background: blue;'>---------------------------P-02-104-N-ok.til---------------------------</font>
Compiler: failed (139/0). YASM: P-02-104-N-ok.asm:109: error: undefined symbol `printi' (first use)
P-02-104-N-ok.asm:109: error:  (Each undefined symbol is reported only once.)
P-02-104-N-ok.asm:111: error: undefined symbol `println' (first use)
'yasm' failed
<font color='white' style='background: blue;'>---------------------------P-03-105-N-ok.til---------------------------</font>
Compiler: failed (139/0). YASM: P-03-105-N-ok.asm:48: error: undefined symbol `prints' (first use)
P-03-105-N-ok.asm:48: error:  (Each undefined symbol is reported only once.)
P-03-105-N-ok.asm:50: error: undefined symbol `println' (first use)
P-03-105-N-ok.asm:165: error: undefined symbol `printi' (first use)
P-03-105-N-ok.asm:312: error: undefined symbol `_L13' (first use)
'yasm' failed
<font color='white' style='background: blue;'>---------------------------P-04-106-N-ok.til---------------------------</font>
Compiler: failed (139/0). YASM: P-04-106-N-ok.asm:141: error: undefined symbol `_L5' (first use)
P-04-106-N-ok.asm:141: error:  (Each undefined symbol is reported only once.)
P-04-106-N-ok.asm:158: error: undefined symbol `printd' (first use)
P-04-106-N-ok.asm:160: error: undefined symbol `println' (first use)
'yasm' failed
<font color='white' style='background: blue;'>---------------------------P-05-107-N-ok.til---------------------------</font>
Compiler: failed (139/0). YASM: P-05-107-N-ok.asm:74: error: undefined symbol `printd' (first use)
P-05-107-N-ok.asm:74: error:  (Each undefined symbol is reported only once.)
P-05-107-N-ok.asm:76: error: undefined symbol `println' (first use)
'yasm' failed
<font color='white' style='background: blue;'>---------------------------P-06-108-N-ok.til---------------------------</font>
Compiler: failed (139/0). YASM: P-06-108-N-ok.asm:133: error: undefined symbol `printd' (first use)
P-06-108-N-ok.asm:133: error:  (Each undefined symbol is reported only once.)
P-06-108-N-ok.asm:135: error: undefined symbol `println' (first use)
'yasm' failed
<font color='white' style='background: blue;'>---------------------------P-07-109-N-ok.til---------------------------</font>
4: non-literal expression for global variable 'f'
11: wrong type in function call
Compiler: failed (139/0). YASM: P-07-109-N-ok.asm:93: error: undefined symbol `printi' (first use)
P-07-109-N-ok.asm:93: error:  (Each undefined symbol is reported only once.)
P-07-109-N-ok.asm:95: error: undefined symbol `println' (first use)
'yasm' failed
<font color='white' style='background: blue;'>---------------------------Q-01-110-N-ok.til---------------------------</font>
1: non-literal expression for global variable 'main'
9: wrong type in function call
Compiler: failed (139/0). YASM: Q-01-110-N-ok.asm:124: error: undefined symbol `printd' (first use)
Q-01-110-N-ok.asm:124: error:  (Each undefined symbol is reported only once.)
Q-01-110-N-ok.asm:126: error: undefined symbol `println' (first use)
'yasm' failed
<font color='white' style='background: blue;'>---------------------------Q-02-111-N-ok.til---------------------------</font>
1: non-literal expression for global variable 'main'
9: wrong type in function call
Compiler: failed (139/0). YASM: Q-02-111-N-ok.asm:124: error: undefined symbol `printd' (first use)
Q-02-111-N-ok.asm:124: error:  (Each undefined symbol is reported only once.)
Q-02-111-N-ok.asm:126: error: undefined symbol `println' (first use)
'yasm' failed
<font color='white' style='background: blue;'>---------------------------Q-03-112-N-ok.til---------------------------</font>
Compiler: failed (139/0). YASM: Q-03-112-N-ok.asm:40: error: undefined symbol `printd' (first use)
Q-03-112-N-ok.asm:40: error:  (Each undefined symbol is reported only once.)
Q-03-112-N-ok.asm:42: error: undefined symbol `println' (first use)
'yasm' failed
<font color='white' style='background: blue;'>---------------------------Q-04-113-N-ok.til---------------------------</font>
Compiler: failed (139/0). YASM: Q-04-113-N-ok.asm:53: error: undefined symbol `printd' (first use)
Q-04-113-N-ok.asm:53: error:  (Each undefined symbol is reported only once.)
Q-04-113-N-ok.asm:55: error: undefined symbol `println' (first use)
'yasm' failed
<font color='white' style='background: blue;'>---------------------------Q-05-114-N-ok.til---------------------------</font>
2: non-literal expression for global variable 'main'
4: wrong type in function call
Compiler: failed (139/0). YASM: ok. LD: ok. Running: execution failed
*** expected/Q-05-114-N-ok.out	Thu May 30 18:23:39 2024
--- logs/018_Q-05-114-N-ok.out	Thu May 30 18:31:50 2024
<font style="background: brown;" color="white">----- ZONE  1  ----</font>
<font color="brown">*** 1 ****</font>
- 6.1E1
<font color="brown">--- 0 ----</font>
<font color='brown'>output differs from expected</font>
<font color='white' style='background: blue;'>---------------------------Q-06-115-N-ok.til---------------------------</font>
1: non-literal expression for global variable 'main'
4: wrong type in function call
Compiler: failed (139/0). YASM: ok. LD: ok. Running: execution failed
*** expected/Q-06-115-N-ok.out	Thu May 30 18:23:39 2024
--- logs/018_Q-06-115-N-ok.out	Thu May 30 18:31:50 2024
<font style="background: brown;" color="white">----- ZONE  1  ----</font>
<font color="brown">*** 1 ****</font>
- 6.1E1
<font color="brown">--- 0 ----</font>
<font color='brown'>output differs from expected</font>
<font color='white' style='background: blue;'>---------------------------Q-07-116-N-ok.til---------------------------</font>
1: non-literal expression for global variable 'main'
8: wrong type in function call
Compiler: failed (139/0). YASM: ok. LD: ok. Running: execution failed
*** expected/Q-07-116-N-ok.out	Thu May 30 18:23:39 2024
--- logs/018_Q-07-116-N-ok.out	Thu May 30 18:31:50 2024
<font style="background: brown;" color="white">----- ZONE  1  ----</font>
<font color="brown">*** 1 ****</font>
- 6.1E1
<font color="brown">--- 0 ----</font>
<font color='brown'>output differs from expected</font>
<font color='white' style='background: blue;'>---------------------------R-01-117-N-ok.til---------------------------</font>
4: non-literal expression for global variable 'f'
6: wrong type in function call
Compiler: failed (139/0). YASM: R-01-117-N-ok.asm:23: error: undefined symbol `printi' (first use)
R-01-117-N-ok.asm:23: error:  (Each undefined symbol is reported only once.)
R-01-117-N-ok.asm:25: error: undefined symbol `println' (first use)
'yasm' failed
<font color='white' style='background: blue;'>---------------------------R-02-118-N-ok.til---------------------------</font>
4: non-literal expression for global variable 'f'
6: wrong type in function call
Compiler: failed (139/0). YASM: R-02-118-N-ok.asm:23: error: undefined symbol `printi' (first use)
R-02-118-N-ok.asm:23: error:  (Each undefined symbol is reported only once.)
R-02-118-N-ok.asm:25: error: undefined symbol `println' (first use)
'yasm' failed
<font color='white' style='background: blue;'>---------------------------S-01-119-N-ok.til---------------------------</font>
3: wrong type in right argument of assignment expression
Compiler: failed (139/0). YASM: ok. LD: ok. Running: execution failed
*** expected/S-01-119-N-ok.out	Thu May 30 18:23:39 2024
--- logs/018_S-01-119-N-ok.out	Thu May 30 18:31:50 2024
<font style="background: brown;" color="white">----- ZONE  1  ----</font>
<font color="brown">*** 1 ****</font>
- 3
<font color="brown">--- 0 ----</font>
<font color='brown'>output differs from expected</font>
<font color='white' style='background: blue;'>---------------------------S-01-120-N-ok.til---------------------------</font>
3: wrong type in right argument of assignment expression
Compiler: failed (139/0). YASM: ok. LD: ok. Running: execution failed
*** expected/S-01-120-N-ok.out	Thu May 30 18:23:39 2024
--- logs/018_S-01-120-N-ok.out	Thu May 30 18:31:50 2024
<font style="background: brown;" color="white">----- ZONE  1  ----</font>
<font color="brown">*** 1 ****</font>
- 3
<font color="brown">--- 0 ----</font>
<font color='brown'>output differs from expected</font>
<font color='white' style='background: blue;'>---------------------------U-01-121-N-ok.til---------------------------</font>
1: non-literal expression for global variable 'f'
2: non-literal expression for global variable 'g'
4: wrong type in function call
5: wrong type in function call
Compiler: failed (139/0). YASM: ok. LD: ok. Running: execution failed
*** expected/U-01-121-N-ok.out	Thu May 30 18:23:39 2024
--- logs/018_U-01-121-N-ok.out	Thu May 30 18:31:50 2024
<font style="background: brown;" color="white">----- ZONE  1  ----</font>
<font color="brown">*** 1 ****</font>
- 46
<font color="brown">--- 0 ----</font>
<font color='brown'>output differs from expected</font>
<font color='white' style='background: blue;'>---------------------------U-02-122-N-ok.til---------------------------</font>
1: non-literal expression for global variable 'f'
2: non-literal expression for global variable 'g'
4: wrong type in function call
5: wrong type in function call
6: wrong type in function call
Compiler: failed (139/0). YASM: ok. LD: ok. Running: execution failed
*** expected/U-02-122-N-ok.out	Thu May 30 18:23:39 2024
--- logs/018_U-02-122-N-ok.out	Thu May 30 18:31:50 2024
<font style="background: brown;" color="white">----- ZONE  1  ----</font>
<font color="brown">*** 1 ****</font>
- 4630
<font color="brown">--- 0 ----</font>
<font color='brown'>output differs from expected</font>
<font color='white' style='background: blue;'>---------------------------U-03-123-N-ok.til---------------------------</font>
1: non-literal expression for global variable 'f'
2: non-literal expression for global variable 'g'
3: non-literal expression for global variable 'h'
5: wrong type in function call
6: wrong type in function call
7: wrong type in function call
8: wrong type in function call
Compiler: failed (139/0). YASM: ok. LD: ok. Running: execution failed
*** expected/U-03-123-N-ok.out	Thu May 30 18:23:39 2024
--- logs/018_U-03-123-N-ok.out	Thu May 30 18:31:50 2024
<font style="background: brown;" color="white">----- ZONE  1  ----</font>
<font color="brown">*** 1 ****</font>
- 463025
<font color="brown">--- 0 ----</font>
<font color='brown'>output differs from expected</font>
<font color='white' style='background: blue;'>---------------------------X-01-124-N-ok.til---------------------------</font>
1: wrong type in expression for variable 'f'
2: wrong type in expression for variable 'g'
3: wrong type in expression for variable 'h'
5: undeclared variable 'g'
5: undeclared variable 'g'
6: undeclared variable 'f'
7: f
8: undeclared variable 'f'
9: undeclared variable 'ff'
10: undeclared variable 'h'
Compiler: failed (139/0). YASM: ok. LD: ok. Running: execution failed
*** expected/X-01-124-N-ok.out	Thu May 30 18:23:39 2024
--- logs/018_X-01-124-N-ok.out	Thu May 30 18:31:50 2024
<font style="background: brown;" color="white">----- ZONE  1  ----</font>
<font color="brown">*** 1 ****</font>
- 1.1-1-1-1
<font color="brown">--- 0 ----</font>
<font color='brown'>output differs from expected</font>
<font color='white' style='background: blue;'>---------------------------X-02-125-N-ok.til---------------------------</font>
1: wrong type in expression for variable 'f'
2: wrong type in expression for variable 'g'
4: wrong type in expression for variable 'ff'
4: wrong type in expression for variable 'ff'
5: undeclared variable 'f'
6: f
7: undeclared variable 'f'
8: undeclared variable 'ff'
9: undeclared variable 'g'
Compiler: failed (139/0). YASM: ok. LD: ok. Running: execution failed
*** expected/X-02-125-N-ok.out	Thu May 30 18:23:39 2024
--- logs/018_X-02-125-N-ok.out	Thu May 30 18:31:50 2024
<font style="background: brown;" color="white">----- ZONE  1  ----</font>
<font color="brown">*** 1 ****</font>
- 1.1-12-2
<font color="brown">--- 0 ----</font>
<font color='brown'>output differs from expected</font>
<font color='white' style='background: blue;'>---------------------------Z-01-126-N-ok.til---------------------------</font>
1: non-literal expression for global variable 'f'
3: wrong number of arguments in function call
3: wrong number of arguments in function call
4: undeclared variable 'g'
Compiler: failed (139/0). YASM: ok. LD: ok. Running: execution failed
*** expected/Z-01-126-N-ok.out	Thu May 30 18:23:39 2024
--- logs/018_Z-01-126-N-ok.out	Thu May 30 18:31:50 2024
<font style="background: brown;" color="white">----- ZONE  1  ----</font>
<font color="brown">*** 1 ****</font>
- 2
<font color="brown">--- 0 ----</font>
<font color='brown'>output differs from expected</font>
<font color='white' style='background: blue;'>---------------------------Z-02-127-N-ok.til---------------------------</font>
2: wrong type in function call
2: wrong type in function call
3: undeclared variable 'i'
Compiler: failed (139/0). YASM: ok. LD: ok. Running: execution failed
*** expected/Z-02-127-N-ok.out	Thu May 30 18:23:39 2024
--- logs/018_Z-02-127-N-ok.out	Thu May 30 18:31:50 2024
<font style="background: brown;" color="white">----- ZONE  1  ----</font>
<font color="brown">*** 1 ****</font>
- 2
<font color="brown">--- 0 ----</font>
<font color='brown'>output differs from expected</font>
<font color='white' style='background: blue;'>---------------------------Z-03-128-N-ok.til---------------------------</font>
2: wrong type in function call
2: wrong type in function call
3: undeclared variable 'i'
Compiler: failed (139/0). YASM: ok. LD: ok. Running: execution failed
*** expected/Z-03-128-N-ok.out	Thu May 30 18:23:39 2024
--- logs/018_Z-03-128-N-ok.out	Thu May 30 18:31:50 2024
<font style="background: brown;" color="white">----- ZONE  1  ----</font>
<font color="brown">*** 1 ****</font>
- 2
<font color="brown">--- 0 ----</font>
<font color='brown'>output differs from expected</font>
<font color='white' style='background: blue;'>---------------------------Z-04-129-N-ok.til---------------------------</font>
2: wrong type in function call
Compiler: failed (139/0). YASM: ok. LD: ok. Running: execution failed
*** expected/Z-04-129-N-ok.out	Thu May 30 18:23:39 2024
--- logs/018_Z-04-129-N-ok.out	Thu May 30 18:31:50 2024
<font style="background: brown;" color="white">----- ZONE  1  ----</font>
<font color="brown">*** 1 ****</font>
- 12
<font color="brown">--- 0 ----</font>
<font color='brown'>output differs from expected</font>
<font color='white' style='background: blue;'>---------------------------Z-05-130-N-ok.til---------------------------</font>
2: wrong type in function call
Compiler: failed (139/0). YASM: ok. LD: ok. Running: execution failed
*** expected/Z-05-130-N-ok.out	Thu May 30 18:23:39 2024
--- logs/018_Z-05-130-N-ok.out	Thu May 30 18:31:50 2024
<font style="background: brown;" color="white">----- ZONE  1  ----</font>
<font color="brown">*** 1 ****</font>
- 21
<font color="brown">--- 0 ----</font>
<font color='brown'>output differs from expected</font>
<font color='white' style='background: blue;'>---------------------------Z-06-131-N-ok.til---------------------------</font>
3: wrong type in right argument of assignment expression
3: wrong type in right argument of assignment expression
4: undeclared variable 'g'
Compiler: failed (139/0). YASM: Z-06-131-N-ok.asm:17: error: undefined symbol `printi' (first use)
Z-06-131-N-ok.asm:17: error:  (Each undefined symbol is reported only once.)
Z-06-131-N-ok.asm:19: error: undefined symbol `println' (first use)
'yasm' failed
<font color='white' style='background: blue;'>---------------------------Z-07-132-N-ok.til---------------------------</font>
4: wrong type in right argument of assignment expression
Compiler: failed (139/0). YASM: Z-07-132-N-ok.asm:17: error: undefined symbol `printi' (first use)
Z-07-132-N-ok.asm:17: error:  (Each undefined symbol is reported only once.)
Z-07-132-N-ok.asm:19: error: undefined symbol `println' (first use)
'yasm' failed
</pre>
