<pre>
Checking project structure...
/usr/lib64/gcc/x86_64-suse-linux/13/../../../../x86_64-suse-linux/bin/ld: targets/frame_size_calculator.o:(.rodata._ZTVN3til21frame_size_calculatorE[_ZTVN3til21frame_size_calculatorE]+0x138): undefined reference to `til::frame_size_calculator::do_loop_node(til::loop_node*, int)'
collect2: error: ld returned 1 exit status
make: *** [Makefile:72: til] Error 1

