<pre>
Checking project structure...
targets/type_checker.cpp: In member function 'virtual void til::type_checker::do_index_node(til::index_node*, int)':
targets/type_checker.cpp:251:39: error: '_function' was not declared in this scope
  251 |     btype = cdk::reference_type::cast(_function->type());
      |                                       ^~~~~~~~~
make: *** [Makefile:46: targets/type_checker.o] Error 1

