<pre>
Checking project structure...
til_scanner.l:98: undeclared start condition X_BACKSLASH
til_scanner.l:99: undeclared start condition X_BACKSLASH
til_scanner.l:100: undeclared start condition X_BACKSLASH
til_scanner.l:101: undeclared start condition X_BACKSLASH
til_scanner.l:102: undeclared start condition X_BACKSLASH
til_scanner.l:98: warning, rule cannot be matched
til_scanner.l:99: warning, rule cannot be matched
til_scanner.l:100: warning, rule cannot be matched
til_scanner.l: In member function 'virtual int til_scanner_FlexLexer::yylex()':
til_scanner.l:23:8: error: 'tTYPE_VOID' was not declared in this scope
   23 | "int"                  return tTYPE_INT;
      |        ^~~~~~~~~~
til_scanner.l:24:8: error: 'tTYPE_INT' was not declared in this scope
   24 | "double"               return tTYPE_DOUBLE;
      |        ^~~~~~~~~
til_scanner.l:25:8: error: 'tTYPE_DOUBLE' was not declared in this scope
   25 | "string"               return tTYPE_STRING;
      |        ^~~~~~~~~~~~
til_scanner.l:26:8: error: 'tTYPE_STRING' was not declared in this scope
   26 | "!"                    return tTYPE_POINTER;
      |        ^~~~~~~~~~~~
til_scanner.l:27:8: error: 'tTYPE_POINTER' was not declared in this scope
   27 | [()]                   return *yytext;
      |        ^~~~~~~~~~~~~
til_scanner.l:34:8: error: 'tPUBLIC' was not declared in this scope
   34 | "forward"              return tFORWARD;
      |        ^~~~~~~
til_scanner.l:35:8: error: 'tFORWARD' was not declared in this scope
   35 | "external"             return tEXTERNAL;
      |        ^~~~~~~~
til_scanner.l:36:8: error: 'tEXTERNAL' was not declared in this scope
   36 | "var"                  return tVAR;
      |        ^~~~~~~~~
til_scanner.l:37:8: error: 'tVAR' was not declared in this scope
   37 | "program"              return tPROGRAM;
      |        ^~~~
til_scanner.l:38:8: error: 'tPROGRAM' was not declared in this scope
   38 | 
      |        ^       
til_scanner.l:50:8: error: 'tAND' was not declared in this scope; did you mean 'tEND'?
   50 | "||"                   return tOR;
      |        ^~~~
      |        tEND
til_scanner.l:51:8: error: 'tOR' was not declared in this scope
   51 | "@"                    return tRECURSIVE;
      |        ^~~
til_scanner.l:52:8: error: 'tRECURSIVE' was not declared in this scope
   52 | "?"                    return tLEFTVALUE;
      |        ^~~~~~~~~~
til_scanner.l:53:8: error: 'tLEFTVALUE' was not declared in this scope
   53 | "~"                    return tNOT;
      |        ^~~~~~~~~~
til_scanner.l:54:8: error: 'tNOT' was not declared in this scope
   54 | 
      |        ^   
til_scanner.l:66:8: error: 'tSTOP' was not declared in this scope
   66 | "next"                 return tNEXT;
      |        ^~~~~
til_scanner.l:67:8: error: 'tNEXT' was not declared in this scope; did you mean 'tNE'?
   67 | "return"               return tRETURN;
      |        ^~~~~
      |        tNE
til_scanner.l:68:8: error: 'tRETURN' was not declared in this scope
   68 | "println"              return tPRINTLN;
      |        ^~~~~~~
til_scanner.l:69:8: error: 'tPRINTLN' was not declared in this scope; did you mean 'tPRINT'?
   69 | "block"                return tBLOCK;
      |        ^~~~~~~~
      |        tPRINT
til_scanner.l:70:8: error: 'tBLOCK' was not declared in this scope; did you mean 'F_LOCK'?
   70 | 
      |        ^     
      |        F_LOCK
til_scanner.l:77:8: error: 'tFUNCTION' was not declared in this scope
   77 | "objects"              return tOBJECTS;
      |        ^~~~~~~~~
til_scanner.l:78:8: error: 'tOBJECTS' was not declared in this scope
   78 | "set"                  return tSET;
      |        ^~~~~~~~
til_scanner.l:79:8: error: 'tSET' was not declared in this scope
   79 | "index"                return tINDEX;
      |        ^~~~
til_scanner.l:80:8: error: 'tINDEX' was not declared in this scope
   80 | "null"                 return tNULL;
      |        ^~~~~~
til_scanner.l:81:8: error: 'tNULL' was not declared in this scope; did you mean 'NULL'?
   81 | "sizeof"               return tSIZEOF;
      |        ^~~~~
      |        NULL
til_scanner.l:82:8: error: 'tSIZEOF' was not declared in this scope
   82 | 
      |        ^      
til_scanner.l:98:1: error: 'strlit' was not declared in this scope; did you mean 'strlen'?
   98 | <X_BACKSLASH>r                 strlit << '\r'; yy_pop_state();
      | ^~~~~~
      | strlen
make: *** [Makefile:46: til_scanner.o] Error 1

