<pre>
Checking project structure...
til_parser.y: warning: 5 nonterminals useless in grammar [-Wother]
til_parser.y: warning: 6 rules useless in grammar [-Wother]
til_parser.y:141.1-8: warning: nonterminal useless in grammar: opt_init [-Wother]
  141 | opt_init : {;} // TODO: IMPLEMENTAR
      | ^~~~~~~~
til_parser.y:144.1-4: warning: nonterminal useless in grammar: init [-Wother]
  144 | init : {;} // TODO: IMPLEMENTAR
      | ^~~~
til_parser.y:150.1-12: warning: nonterminal useless in grammar: declarations [-Wother]
  150 | declarations : '(' declaration ')'              { $$ = new cdk::seque...
      | ^~~~~~~~~~~~
til_parser.y:154.1-11: warning: nonterminal useless in grammar: declaration [-Wother]
  154 | declaration  : {;} // TODO: IMPLEMENTAR
      | ^~~~~~~~~~~
til_parser.y:157.1-7: warning: nonterminal useless in grammar: fun_dec [-Wother]
  157 | fun_dec : {;} // TODO: IMPLEMENTAR
      | ^~~~~~~
til_parser.y: warning: 16 shift/reduce conflicts [-Wconflicts-sr]
til_parser.y: note: rerun with option '-Wcounterexamples' to generate conflict counterexamples
til_parser.y: In function 'int yyparse(std::shared_ptr<cdk::compiler>)':
til_parser.y:78:90: error: expected ';' before ')' token
   78 | program : tPROGRAM list { $$ = new til::program_node(LINE, $2)); }
      |                                                                                          ^
      |                                                                                          ;
make: *** [Makefile:40: til_parser.tab.o] Error 1

