<pre>
Checking project structure...
til_scanner.l: In member function 'virtual int til_scanner_FlexLexer::yylex()':
til_scanner.l:76:8: error: 'tNULL' was not declared in this scope; did you mean 'NULL'?
   76 | "sizeof"               return tSIZEOF;
      |        ^~~~~
      |        NULL
make: *** [Makefile:46: til_scanner.o] Error 1

