<pre>
Checking project structure...
til_scanner.l:112: warning, rule cannot be matched
til_parser.y: warning: 2 shift/reduce conflicts [-Wconflicts-sr]
til_parser.y: note: rerun with option '-Wcounterexamples' to generate conflict counterexamples
til_parser.y: In function 'int yyparse(std::shared_ptr<cdk::compiler>)':
til_parser.y:79:110: error: 'tFOREIGN' was not declared in this scope
   79 | fdecl : '(' tEXTERNAL type tIDENTIFIER ')'                  { $$ = new til::declaration_node(LINE, tFOREIGN, $3, *$4, nullptr); delete $4; }
      |                                                                                                              ^~~~~~~~
til_parser.y:88:32: error: 'YYSTYPE' {aka 'union YYSTYPE'} has no member named 'type_vec'
   88 | types : types type    { $$ = new cdk::sequence_node(LINE, $2, $1); }
      |                                ^~~~~~~~
til_parser.y:88:101: error: 'YYSTYPE' {aka 'union YYSTYPE'} has no member named 'type_vec'
   88 | types : types type    { $$ = new cdk::sequence_node(LINE, $2, $1); }
      |                                                                                                     ^       
til_parser.y:89:32: error: 'YYSTYPE' {aka 'union YYSTYPE'} has no member named 'type_vec'
   89 |       | type          { $$ = new cdk::sequence_node(LINE, $1); }
      |                                ^~~~~~~~
til_parser.y:89:88: error: no matching function for call to 'cdk::sequence_node::sequence_node(int, std::shared_ptr<cdk::basic_type>&)'
   89 |       | type          { $$ = new cdk::sequence_node(LINE, $1); }
      |                                                                                        ^
In file included from /usr/include/cdk/ast/all.h:75,
                 from .auto/all_nodes.h:4,
                 from til_parser.y:8:
/usr/include/cdk/ast/sequence_node.h:39:5: note: candidate: 'cdk::sequence_node::sequence_node(int, cdk::basic_node*, cdk::sequence_node*)'
   39 |     sequence_node(int lineno, basic_node *item, sequence_node *sequence = nullptr) :
      |     ^~~~~~~~~~~~~
/usr/include/cdk/ast/sequence_node.h:39:43: note:   no known conversion for argument 2 from 'std::shared_ptr<cdk::basic_type>' to 'cdk::basic_node*'
   39 |     sequence_node(int lineno, basic_node *item, sequence_node *sequence = nullptr) :
      |                               ~~~~~~~~~~~~^~~~
/usr/include/cdk/ast/sequence_node.h:21:5: note: candidate: 'cdk::sequence_node::sequence_node(int)'
   21 |     sequence_node(int lineno) : basic_node(lineno) { /* EMPTY */ }
      |     ^~~~~~~~~~~~~
/usr/include/cdk/ast/sequence_node.h:21:5: note:   candidate expects 1 argument, 2 provided
/usr/include/cdk/ast/sequence_node.h:13:9: note: candidate: 'constexpr cdk::sequence_node::sequence_node(const cdk::sequence_node&)'
   13 |   class sequence_node : public basic_node {
      |         ^~~~~~~~~~~~~
/usr/include/cdk/ast/sequence_node.h:13:9: note:   candidate expects 1 argument, 2 provided
til_parser.y:108:114: error: 'YYSTYPE' {aka 'union YYSTYPE'} has no member named 'type_vec'
  108 |            | '(' funct_return_type '(' types ')' ')'   { $$ = cdk::functional_type::create(*$4, $2); delete $4; }
      |                                                                                                                  ^       
til_parser.y:108:162: error: 'YYSTYPE' {aka 'union YYSTYPE'} has no member named 'type_vec'
  108 |            | '(' funct_return_type '(' types ')' ')'   { $$ = cdk::functional_type::create(*$4, $2); delete $4; }
      |                                                                                                                                                                  ^       
til_parser.y:131:91: error: 'tPRIVATE' was not declared in this scope; did you mean 'tPRINT'?
  131 | decl : '(' type  tIDENTIFIER ')'         { $$ = new til::declaration_node(LINE, tPRIVATE, $2, *$3, nullptr); delete $3; }
      |                                                                                           ^~~~~~~~
      |                                                                                           tPRINT
til_parser.y:132:91: error: 'tPRIVATE' was not declared in this scope; did you mean 'tPRINT'?
  132 |      | '(' type  tIDENTIFIER expr ')'    { $$ = new til::declaration_node(LINE, tPRIVATE, $2, *$3, $4); delete $3; }
      |                                                                                           ^~~~~~~~
      |                                                                                           tPRINT
til_parser.y:133:91: error: 'tPRIVATE' was not declared in this scope; did you mean 'tPRINT'?
  133 |      | '(' tVAR tIDENTIFIER expr ')'     { $$ = new til::declaration_node(LINE, tPRIVATE, nullptr, *$3, $4); delete $3; }
      |                                                                                           ^~~~~~~~
      |                                                                                           tPRINT
til_parser.y:151:68: error: expected type-specifier
  151 |       | '(' tLOOP expr instr ')'              { $$ = new til::while_node(LINE, $3, $4); }
      |                                                                    ^~~
make: *** [Makefile:40: til_parser.tab.o] Error 1

