<pre>
Checking project structure...
targets/type_checker.cpp: In member function 'virtual void til::type_checker::do_nullptr_node(til::nullptr_node*, int)':
targets/type_checker.cpp:43:54: error: expected ';' before '}' token
   43 |   node->type(cdk::reference_type::create(4, nullptr))
      |                                                      ^
      |                                                      ;
   44 | }
      | ~                                                     
targets/type_checker.cpp: At global scope:
targets/type_checker.cpp:48:6: error: no declaration matches 'void til::type_checker::processUnaryNumericExpression(cdk::unary_operation_node*, int)'
   48 | void til::type_checker::processUnaryNumericExpression(cdk::unary_operation_node *const node, int lvl) {
      |      ^~~
targets/type_checker.cpp:48:6: note: no functions named 'void til::type_checker::processUnaryNumericExpression(cdk::unary_operation_node*, int)'
In file included from targets/type_checker.cpp:2:
./targets/type_checker.h:11:9: note: 'class til::type_checker' defined here
   11 |   class type_checker: public basic_ast_visitor {
      |         ^~~~~~~~~~~~
targets/type_checker.cpp: In member function 'virtual void til::type_checker::do_unary_minus_node(cdk::unary_minus_node*, int)':
targets/type_checker.cpp:58:3: error: 'processUnaryNumericExpression' was not declared in this scope; did you mean 'processUnaryExpression'?
   58 |   processUnaryNumericExpression(node, lvl);
      |   ^~~~~~~~~~~~~~~~~~~~~~~~~~~~~
      |   processUnaryExpression
targets/type_checker.cpp: In member function 'virtual void til::type_checker::do_unary_plus_node(cdk::unary_plus_node*, int)':
targets/type_checker.cpp:62:3: error: 'processUnaryNumericExpression' was not declared in this scope; did you mean 'processUnaryExpression'?
   62 |   processUnaryNumericExpression(node, lvl);
      |   ^~~~~~~~~~~~~~~~~~~~~~~~~~~~~
      |   processUnaryExpression
make: *** [Makefile:46: targets/type_checker.o] Error 1

