<pre>
Checking project structure...
til_parser.y: warning: 1 shift/reduce conflict [-Wconflicts-sr]
til_parser.y: note: rerun with option '-Wcounterexamples' to generate conflict counterexamples
targets/postfix_writer.cpp:112:6: error: no declaration matches 'void til::postfix_writer::doPIDBinaryExpression(cdk::binary_operation_node*, int)'
  112 | void til::postfix_writer::doPIDBinaryExpression(cdk::binary_operation_node *const node, int lvl) {
      |      ^~~
targets/postfix_writer.cpp:112:6: note: no functions named 'void til::postfix_writer::doPIDBinaryExpression(cdk::binary_operation_node*, int)'
In file included from targets/postfix_writer.cpp:4:
./targets/postfix_writer.h:17:9: note: 'class til::postfix_writer' defined here
   17 |   class postfix_writer: public basic_ast_visitor {
      |         ^~~~~~~~~~~~~~
targets/postfix_writer.cpp: In member function 'virtual void til::postfix_writer::do_add_node(cdk::add_node*, int)':
targets/postfix_writer.cpp:136:3: error: 'doPIDBinaryExpression' was not declared in this scope
  136 |   doPIDBinaryExpression(node, lvl);
      |   ^~~~~~~~~~~~~~~~~~~~~
targets/postfix_writer.cpp: In member function 'virtual void til::postfix_writer::do_sub_node(cdk::sub_node*, int)':
targets/postfix_writer.cpp:145:3: error: 'doPIDBinaryExpression' was not declared in this scope
  145 |   doPIDBinaryExpression(node, lvl);
      |   ^~~~~~~~~~~~~~~~~~~~~
targets/postfix_writer.cpp: At global scope:
targets/postfix_writer.cpp:161:6: error: no declaration matches 'void til::postfix_writer::doIDBinaryExpression(cdk::binary_operation_node*, int)'
  161 | void til::postfix_writer::doIDBinaryExpression(cdk::binary_operation_node *const node, int lvl) {
      |      ^~~
targets/postfix_writer.cpp:161:6: note: no functions named 'void til::postfix_writer::doIDBinaryExpression(cdk::binary_operation_node*, int)'
./targets/postfix_writer.h:17:9: note: 'class til::postfix_writer' defined here
   17 |   class postfix_writer: public basic_ast_visitor {
      |         ^~~~~~~~~~~~~~
targets/postfix_writer.cpp: In member function 'virtual void til::postfix_writer::do_mul_node(cdk::mul_node*, int)':
targets/postfix_writer.cpp:174:3: error: 'doIDBinaryExpression' was not declared in this scope
  174 |   doIDBinaryExpression(node, lvl);
      |   ^~~~~~~~~~~~~~~~~~~~
targets/postfix_writer.cpp: In member function 'virtual void til::postfix_writer::do_div_node(cdk::div_node*, int)':
targets/postfix_writer.cpp:183:3: error: 'doIDBinaryExpression' was not declared in this scope
  183 |   doIDBinaryExpression(node, lvl);
      |   ^~~~~~~~~~~~~~~~~~~~
targets/postfix_writer.cpp: At global scope:
targets/postfix_writer.cpp:200:6: error: no declaration matches 'void til::postfix_writer::doGeneralLogicalBinaryExpression(cdk::binary_operation_node*, int)'
  200 | void til::postfix_writer::doGeneralLogicalBinaryExpression(cdk::binary_operation_node *const node, int lvl) {
      |      ^~~
targets/postfix_writer.cpp:200:6: note: no functions named 'void til::postfix_writer::doGeneralLogicalBinaryExpression(cdk::binary_operation_node*, int)'
./targets/postfix_writer.h:17:9: note: 'class til::postfix_writer' defined here
   17 |   class postfix_writer: public basic_ast_visitor {
      |         ^~~~~~~~~~~~~~
targets/postfix_writer.cpp: In member function 'virtual void til::postfix_writer::do_lt_node(cdk::lt_node*, int)':
targets/postfix_writer.cpp:218:3: error: 'doGeneralLogicalBinaryExpression' was not declared in this scope
  218 |   doGeneralLogicalBinaryExpression(node, lvl);
      |   ^~~~~~~~~~~~~~~~~~~~~~~~~~~~~~~~
targets/postfix_writer.cpp: In member function 'virtual void til::postfix_writer::do_le_node(cdk::le_node*, int)':
targets/postfix_writer.cpp:222:3: error: 'doGeneralLogicalBinaryExpression' was not declared in this scope
  222 |   doGeneralLogicalBinaryExpression(node, lvl);
      |   ^~~~~~~~~~~~~~~~~~~~~~~~~~~~~~~~
targets/postfix_writer.cpp: In member function 'virtual void til::postfix_writer::do_ge_node(cdk::ge_node*, int)':
targets/postfix_writer.cpp:226:3: error: 'doGeneralLogicalBinaryExpression' was not declared in this scope
  226 |   doGeneralLogicalBinaryExpression(node, lvl);
      |   ^~~~~~~~~~~~~~~~~~~~~~~~~~~~~~~~
targets/postfix_writer.cpp: In member function 'virtual void til::postfix_writer::do_gt_node(cdk::gt_node*, int)':
targets/postfix_writer.cpp:230:3: error: 'doGeneralLogicalBinaryExpression' was not declared in this scope
  230 |   doGeneralLogicalBinaryExpression(node, lvl);
      |   ^~~~~~~~~~~~~~~~~~~~~~~~~~~~~~~~
targets/postfix_writer.cpp: In member function 'virtual void til::postfix_writer::do_ne_node(cdk::ne_node*, int)':
targets/postfix_writer.cpp:234:3: error: 'doGeneralLogicalBinaryExpression' was not declared in this scope
  234 |   doGeneralLogicalBinaryExpression(node, lvl);
      |   ^~~~~~~~~~~~~~~~~~~~~~~~~~~~~~~~
targets/postfix_writer.cpp: In member function 'virtual void til::postfix_writer::do_eq_node(cdk::eq_node*, int)':
targets/postfix_writer.cpp:238:3: error: 'doGeneralLogicalBinaryExpression' was not declared in this scope
  238 |   doGeneralLogicalBinaryExpression(node, lvl);
      |   ^~~~~~~~~~~~~~~~~~~~~~~~~~~~~~~~
targets/postfix_writer.cpp: In member function 'virtual void til::postfix_writer::do_variable_node(cdk::variable_node*, int)':
targets/postfix_writer.cpp:248:30: error: 'tEXTERNAL' was not declared in this scope
  248 |   if (symbol->qualifier() == tEXTERNAL) {
      |                              ^~~~~~~~~
targets/postfix_writer.cpp:247:15: warning: unused variable 'id' [-Wunused-variable]
  247 |   const auto &id = node->name();
      |               ^~
targets/postfix_writer.cpp: In member function 'virtual void til::postfix_writer::do_loop_node(til::loop_node*, int)':
targets/postfix_writer.cpp:364:3: error: '_lastBlockInstruction' was not declared in this scope; did you mean '_lastBlockInstuction'?
  364 |   _lastBlockInstruction = false;
      |   ^~~~~~~~~~~~~~~~~~~~~
      |   _lastBlockInstuction
targets/postfix_writer.cpp: In member function 'virtual void til::postfix_writer::do_if_else_node(til::if_else_node*, int)':
targets/postfix_writer.cpp:397:3: error: '_lastBlockInstruction' was not declared in this scope; did you mean '_lastBlockInstuction'?
  397 |   _lastBlockInstruction = false;
      |   ^~~~~~~~~~~~~~~~~~~~~
      |   _lastBlockInstuction
targets/postfix_writer.cpp: In member function 'virtual void til::postfix_writer::do_index_node(til::index_node*, int)':
targets/postfix_writer.cpp:432:25: error: 'using std::__shared_ptr_access<cdk::basic_type, __gnu_cxx::_S_atomic, false, false>::element_type = class cdk::basic_type' {aka 'class cdk::basic_type'} has no member named 'referenced'
  432 |   _pf.INT(node->type()->referenced()->size());
      |                         ^~~~~~~~~~
targets/postfix_writer.cpp: In member function 'virtual void til::postfix_writer::do_next_node(til::next_node*, int)':
targets/postfix_writer.cpp:446:3: error: '_lastBlockInstruction' was not declared in this scope; did you mean '_lastBlockInstuction'?
  446 |   _lastBlockInstruction = true;
      |   ^~~~~~~~~~~~~~~~~~~~~
      |   _lastBlockInstuction
targets/postfix_writer.cpp: In member function 'virtual void til::postfix_writer::do_stop_node(til::stop_node*, int)':
targets/postfix_writer.cpp:459:3: error: '_lastBlockInstruction' was not declared in this scope; did you mean '_lastBlockInstuction'?
  459 |   _lastBlockInstruction = true;
      |   ^~~~~~~~~~~~~~~~~~~~~
      |   _lastBlockInstuction
targets/postfix_writer.cpp: In member function 'virtual void til::postfix_writer::do_return_node(til::return_node*, int)':
targets/postfix_writer.cpp:469:26: error: expected primary-expression before ':' token
  469 |     switch(function_type):
      |                          ^
targets/postfix_writer.cpp:469:11: warning: enumeration value 'TYPE_UNSPEC' not handled in switch [-Wswitch]
  469 |     switch(function_type):
      |           ^
targets/postfix_writer.cpp:469:11: warning: enumeration value 'TYPE_INT' not handled in switch [-Wswitch]
targets/postfix_writer.cpp:469:11: warning: enumeration value 'TYPE_DOUBLE' not handled in switch [-Wswitch]
targets/postfix_writer.cpp:469:11: warning: enumeration value 'TYPE_BOOLEAN' not handled in switch [-Wswitch]
targets/postfix_writer.cpp:469:11: warning: enumeration value 'TYPE_STRING' not handled in switch [-Wswitch]
targets/postfix_writer.cpp:469:11: warning: enumeration value 'TYPE_POINTER' not handled in switch [-Wswitch]
targets/postfix_writer.cpp:469:11: warning: enumeration value 'TYPE_STRUCT' not handled in switch [-Wswitch]
targets/postfix_writer.cpp:469:11: warning: enumeration value 'TYPE_FUNCTIONAL' not handled in switch [-Wswitch]
targets/postfix_writer.cpp:469:11: warning: enumeration value 'TYPE_VOID' not handled in switch [-Wswitch]
targets/postfix_writer.cpp:469:11: warning: enumeration value 'TYPE_ERROR' not handled in switch [-Wswitch]
targets/postfix_writer.cpp:475:9: error: expected '}' before 'else'
  475 |         else{
      |         ^~~~
targets/postfix_writer.cpp:467:40: note: to match this '{'
  467 |   if (function_type != cdk::TYPE_VOID) {
      |                                        ^
targets/postfix_writer.cpp:479:9: error: break statement not within loop or switch
  479 |         break;
      |         ^~~~~
targets/postfix_writer.cpp:480:7: error: case label 'cdk::TYPE_STRING' not within a switch statement
  480 |       case cdk::TYPE_STRING:
      |       ^~~~
targets/postfix_writer.cpp:481:7: error: case label 'cdk::TYPE_POINTER' not within a switch statement
  481 |       case cdk::TYPE_POINTER:
      |       ^~~~
targets/postfix_writer.cpp:482:7: error: case label 'cdk::TYPE_FUNCTIONAL' not within a switch statement
  482 |       case cdk::TYPE_FUNCTIONAL:
      |       ^~~~
targets/postfix_writer.cpp:484:9: error: break statement not within loop or switch
  484 |         break;
      |         ^~~~~
targets/postfix_writer.cpp:485:7: error: case label 'cdk::TYPE_DOUBLE' not within a switch statement
  485 |       case cdk::TYPE_DOUBLE:
      |       ^~~~
targets/postfix_writer.cpp:490:9: error: break statement not within loop or switch
  490 |         break;
      |         ^~~~~
targets/postfix_writer.cpp:491:7: error: case label not within a switch statement
  491 |       default:
      |       ^~~~~~~
targets/postfix_writer.cpp: At global scope:
targets/postfix_writer.cpp:495:3: error: '_lastBlockInstruction' does not name a type
  495 |   _lastBlockInstruction = true;
      |   ^~~~~~~~~~~~~~~~~~~~~
targets/postfix_writer.cpp:496:3: error: '_pf' does not name a type
  496 |   _pf.LEAVE();
      |   ^~~
targets/postfix_writer.cpp:497:3: error: '_pf' does not name a type
  497 |   _pf.RET();
      |   ^~~
targets/postfix_writer.cpp:498:1: error: expected declaration before '}' token
  498 | }
      | ^
targets/postfix_writer.cpp: In member function 'virtual void til::postfix_writer::do_declaration_node(til::declaration_node*, int)':
targets/postfix_writer.cpp:516:14: error: '_offest' was not declared in this scope; did you mean 'offset'?
  516 |     offset = _offest;
      |              ^~~~~~~
      |              offset
targets/postfix_writer.cpp:517:5: error: '_offset' was not declared in this scope; did you mean 'offset'?
  517 |     _offset += type_size;
      |     ^~~~~~~
      |     offset
targets/postfix_writer.cpp:519:5: error: '_offset' was not declared in this scope; did you mean 'offset'?
  519 |     _offset -= type_size;
      |     ^~~~~~~
      |     offset
targets/postfix_writer.cpp:531:7: error: 'doLocalVariableInit' was not declared in this scope
  531 |       doLocalVariableInit(symbol, node->initializer(), lvl);
      |       ^~~~~~~~~~~~~~~~~~~
targets/postfix_writer.cpp:534:7: error: 'doGlobalVariableInit' was not declared in this scope
  534 |       doGlobalVariableInit(symbol, node->initializer(), lvl);
      |       ^~~~~~~~~~~~~~~~~~~~
targets/postfix_writer.cpp: At global scope:
targets/postfix_writer.cpp:543:6: error: no declaration matches 'void til::postfix_writer::doLocalVariableInit(std::shared_ptr<til::symbol>, cdk::expression_node*, int)'
  543 | void til::postfix_writer::doLocalVariableInit(std::shared_ptr<til::symbol> symbol, cdk::expression_node *const initializer, int lvl){
      |      ^~~
targets/postfix_writer.cpp:543:6: note: no functions named 'void til::postfix_writer::doLocalVariableInit(std::shared_ptr<til::symbol>, cdk::expression_node*, int)'
./targets/postfix_writer.h:17:9: note: 'class til::postfix_writer' defined here
   17 |   class postfix_writer: public basic_ast_visitor {
      |         ^~~~~~~~~~~~~~
targets/postfix_writer.cpp:566:6: error: no declaration matches 'void til::postfix_writer::doGlobalVariableInit(std::shared_ptr<til::symbol>, cdk::expression_node*, int)'
  566 | void til::postfix_writer::doGlobalVariableInit(std::shared_ptr<til::symbol> symbol, cdk::expression_node *const initializer, int lvl){
      |      ^~~
targets/postfix_writer.cpp:566:6: note: no functions named 'void til::postfix_writer::doGlobalVariableInit(std::shared_ptr<til::symbol>, cdk::expression_node*, int)'
./targets/postfix_writer.h:17:9: note: 'class til::postfix_writer' defined here
   17 |   class postfix_writer: public basic_ast_visitor {
      |         ^~~~~~~~~~~~~~
targets/postfix_writer.cpp: In member function 'virtual void til::postfix_writer::do_function_call_node(til::function_call_node*, int)':
targets/postfix_writer.cpp:626:25: warning: comparison of integer expressions of different signedness: 'int' and 'size_t' {aka 'long unsigned int'} [-Wsign-compare]
  626 |     for (int ix = 0; ix < node->arguments()->size() - 1; ix--){
      |                      ~~~^~~~~~~~~~~~~~~~~~~~~~~~~~~~~~~
targets/postfix_writer.cpp: In member function 'virtual void til::postfix_writer::do_function_definition_node(til::function_definition_node*, int)':
targets/postfix_writer.cpp:681:9: error: 'class til::function_definition_node' has no member named 'main'; did you mean 'ismain'?
  681 |   node->main() ? doMainFunction(node, lvl) : doUserFunction(node, lvl);
      |         ^~~~
      |         ismain
targets/postfix_writer.cpp:681:18: error: 'doMainFunction' was not declared in this scope
  681 |   node->main() ? doMainFunction(node, lvl) : doUserFunction(node, lvl);
      |                  ^~~~~~~~~~~~~~
targets/postfix_writer.cpp:681:46: error: 'doUserFunction' was not declared in this scope
  681 |   node->main() ? doMainFunction(node, lvl) : doUserFunction(node, lvl);
      |                                              ^~~~~~~~~~~~~~
targets/postfix_writer.cpp: At global scope:
targets/postfix_writer.cpp:684:6: error: no declaration matches 'void til::postfix_writer::doMainFunction(til::function_definition_node*, int)'
  684 | void til::postfix_writer::doMainFunction(til::function_definition_node * const node, int lvl) {
      |      ^~~
targets/postfix_writer.cpp:684:6: note: no functions named 'void til::postfix_writer::doMainFunction(til::function_definition_node*, int)'
./targets/postfix_writer.h:17:9: note: 'class til::postfix_writer' defined here
   17 |   class postfix_writer: public basic_ast_visitor {
      |         ^~~~~~~~~~~~~~
targets/postfix_writer.cpp:732:6: error: no declaration matches 'void til::postfix_writer::doUserFunction(til::function_definition_node*, int)'
  732 | void til::postfix_writer::doUserFunction(til::function_definition_node * const node, int lvl) {
      |      ^~~
targets/postfix_writer.cpp:732:6: note: no functions named 'void til::postfix_writer::doUserFunction(til::function_definition_node*, int)'
./targets/postfix_writer.h:17:9: note: 'class til::postfix_writer' defined here
   17 |   class postfix_writer: public basic_ast_visitor {
      |         ^~~~~~~~~~~~~~
make: *** [Makefile:46: targets/postfix_writer.o] Error 1

