<pre>
Checking project structure...
til_parser.y: warning: 1 nonterminal useless in grammar [-Wother]
til_parser.y: warning: 2 rules useless in grammar [-Wother]
til_parser.y:101.1-8: warning: nonterminal useless in grammar: function [-Wother]
  101 | function  : '(' tFUNCTION '(' data_type ')' almost_block ')'         ...
      | ^~~~~~~~
til_parser.y: warning: 8 shift/reduce conflicts [-Wconflicts-sr]
til_parser.y: warning: 2 reduce/reduce conflicts [-Wconflicts-rr]
til_parser.y: note: rerun with option '-Wcounterexamples' to generate conflict counterexamples
til_parser.y: In function 'int yyparse(std::shared_ptr<cdk::compiler>)':
til_parser.y:139:117: error: no matching function for call to 'cdk::sequence_node::sequence_node(int, std::__shared_ptr_access<cdk::basic_type, __gnu_cxx::_S_atomic, false, false>::element_type&)'
  139 | data_types: data_type                             { $$ = new cdk::sequence_node(LINE, *$1); }
      |                                                                                                                     ^
In file included from /usr/include/cdk/ast/all.h:75,
                 from .auto/all_nodes.h:4,
                 from til_parser.y:8:
/usr/include/cdk/ast/sequence_node.h:39:5: note: candidate: 'cdk::sequence_node::sequence_node(int, cdk::basic_node*, cdk::sequence_node*)'
   39 |     sequence_node(int lineno, basic_node *item, sequence_node *sequence = nullptr) :
      |     ^~~~~~~~~~~~~
/usr/include/cdk/ast/sequence_node.h:39:43: note:   no known conversion for argument 2 from 'std::__shared_ptr_access<cdk::basic_type, __gnu_cxx::_S_atomic, false, false>::element_type' {aka 'cdk::basic_type'} to 'cdk::basic_node*'
   39 |     sequence_node(int lineno, basic_node *item, sequence_node *sequence = nullptr) :
      |                               ~~~~~~~~~~~~^~~~
/usr/include/cdk/ast/sequence_node.h:21:5: note: candidate: 'cdk::sequence_node::sequence_node(int)'
   21 |     sequence_node(int lineno) : basic_node(lineno) { /* EMPTY */ }
      |     ^~~~~~~~~~~~~
/usr/include/cdk/ast/sequence_node.h:21:5: note:   candidate expects 1 argument, 2 provided
/usr/include/cdk/ast/sequence_node.h:13:9: note: candidate: 'constexpr cdk::sequence_node::sequence_node(const cdk::sequence_node&)'
   13 |   class sequence_node : public basic_node {
      |         ^~~~~~~~~~~~~
/usr/include/cdk/ast/sequence_node.h:13:9: note:   candidate expects 1 argument, 2 provided
til_parser.y:140:139: error: no matching function for call to 'cdk::sequence_node::sequence_node(int, std::__shared_ptr_access<cdk::basic_type, __gnu_cxx::_S_atomic, false, false>::element_type&, cdk::sequence_node*&)'
  140 |           | data_types data_type                  { $$ = new cdk::sequence_node(LINE, *$2, $1); }
      |                                                                                                                                           ^
/usr/include/cdk/ast/sequence_node.h:39:5: note: candidate: 'cdk::sequence_node::sequence_node(int, cdk::basic_node*, cdk::sequence_node*)'
   39 |     sequence_node(int lineno, basic_node *item, sequence_node *sequence = nullptr) :
      |     ^~~~~~~~~~~~~
/usr/include/cdk/ast/sequence_node.h:39:43: note:   no known conversion for argument 2 from 'std::__shared_ptr_access<cdk::basic_type, __gnu_cxx::_S_atomic, false, false>::element_type' {aka 'cdk::basic_type'} to 'cdk::basic_node*'
   39 |     sequence_node(int lineno, basic_node *item, sequence_node *sequence = nullptr) :
      |                               ~~~~~~~~~~~~^~~~
/usr/include/cdk/ast/sequence_node.h:21:5: note: candidate: 'cdk::sequence_node::sequence_node(int)'
   21 |     sequence_node(int lineno) : basic_node(lineno) { /* EMPTY */ }
      |     ^~~~~~~~~~~~~
/usr/include/cdk/ast/sequence_node.h:21:5: note:   candidate expects 1 argument, 3 provided
/usr/include/cdk/ast/sequence_node.h:13:9: note: candidate: 'constexpr cdk::sequence_node::sequence_node(const cdk::sequence_node&)'
   13 |   class sequence_node : public basic_node {
      |         ^~~~~~~~~~~~~
/usr/include/cdk/ast/sequence_node.h:13:9: note:   candidate expects 1 argument, 3 provided
til_parser.y:147:110: error: cannot convert 'std::shared_ptr<cdk::basic_type>' to 'cdk::typename_type'
  147 |           | data_type '!'                         { $$ = cdk::primitive_type::create(4, $1); }
      |                                                                                                              ^    
      |                                                                                                              |
      |                                                                                                              std::shared_ptr<cdk::basic_type>
In file included from /usr/include/cdk/types/types.h:5,
                 from til_parser.y:7:
/usr/include/cdk/types/primitive_type.h:27:51: note:   initializing argument 2 of 'static auto cdk::primitive_type::create(size_t, cdk::typename_type)'
   27 |     static auto create(size_t size, typename_type name) {
      |                                     ~~~~~~~~~~~~~~^~~~
til_parser.y:151:114: error: no matching function for call to 'cdk::sequence_node::sequence_node(int, std::__shared_ptr_access<cdk::basic_type, __gnu_cxx::_S_atomic, false, false>::element_type&)'
  151 | func_type : '(' data_type ')'                     { $$ = new cdk::sequence_node(LINE, *$2); }
      |                                                                                                                  ^
/usr/include/cdk/ast/sequence_node.h:39:5: note: candidate: 'cdk::sequence_node::sequence_node(int, cdk::basic_node*, cdk::sequence_node*)'
   39 |     sequence_node(int lineno, basic_node *item, sequence_node *sequence = nullptr) :
      |     ^~~~~~~~~~~~~
/usr/include/cdk/ast/sequence_node.h:39:43: note:   no known conversion for argument 2 from 'std::__shared_ptr_access<cdk::basic_type, __gnu_cxx::_S_atomic, false, false>::element_type' {aka 'cdk::basic_type'} to 'cdk::basic_node*'
   39 |     sequence_node(int lineno, basic_node *item, sequence_node *sequence = nullptr) :
      |                               ~~~~~~~~~~~~^~~~
/usr/include/cdk/ast/sequence_node.h:21:5: note: candidate: 'cdk::sequence_node::sequence_node(int)'
   21 |     sequence_node(int lineno) : basic_node(lineno) { /* EMPTY */ }
      |     ^~~~~~~~~~~~~
/usr/include/cdk/ast/sequence_node.h:21:5: note:   candidate expects 1 argument, 2 provided
/usr/include/cdk/ast/sequence_node.h:13:9: note: candidate: 'constexpr cdk::sequence_node::sequence_node(const cdk::sequence_node&)'
   13 |   class sequence_node : public basic_node {
      |         ^~~~~~~~~~~~~
/usr/include/cdk/ast/sequence_node.h:13:9: note:   candidate expects 1 argument, 2 provided
til_parser.y:152:136: error: no matching function for call to 'cdk::sequence_node::sequence_node(int, std::__shared_ptr_access<cdk::basic_type, __gnu_cxx::_S_atomic, false, false>::element_type&, cdk::sequence_node*&)'
  152 |           | '(' data_type '(' data_types ')' ')'  { $$ = new cdk::sequence_node(LINE, *$2, $4); }
      |                                                                                                                                        ^
/usr/include/cdk/ast/sequence_node.h:39:5: note: candidate: 'cdk::sequence_node::sequence_node(int, cdk::basic_node*, cdk::sequence_node*)'
   39 |     sequence_node(int lineno, basic_node *item, sequence_node *sequence = nullptr) :
      |     ^~~~~~~~~~~~~
/usr/include/cdk/ast/sequence_node.h:39:43: note:   no known conversion for argument 2 from 'std::__shared_ptr_access<cdk::basic_type, __gnu_cxx::_S_atomic, false, false>::element_type' {aka 'cdk::basic_type'} to 'cdk::basic_node*'
   39 |     sequence_node(int lineno, basic_node *item, sequence_node *sequence = nullptr) :
      |                               ~~~~~~~~~~~~^~~~
/usr/include/cdk/ast/sequence_node.h:21:5: note: candidate: 'cdk::sequence_node::sequence_node(int)'
   21 |     sequence_node(int lineno) : basic_node(lineno) { /* EMPTY */ }
      |     ^~~~~~~~~~~~~
/usr/include/cdk/ast/sequence_node.h:21:5: note:   candidate expects 1 argument, 3 provided
/usr/include/cdk/ast/sequence_node.h:13:9: note: candidate: 'constexpr cdk::sequence_node::sequence_node(const cdk::sequence_node&)'
   13 |   class sequence_node : public basic_node {
      |         ^~~~~~~~~~~~~
/usr/include/cdk/ast/sequence_node.h:13:9: note:   candidate expects 1 argument, 3 provided
make: *** [Makefile:40: til_parser.tab.o] Error 1

