<pre>
Checking project structure...
targets/type_checker.cpp:11:6: error: 'till' has not been declared
   11 | bool till::type_checker::isSameType(std::shared_ptr<cdk::basic_type> left, std::shared_ptr<cdk::basic_type> right, bool cov) {
      |      ^~~~
targets/type_checker.cpp:95:6: error: no declaration matches 'void til::type_checker::processUnaryExpression(cdk::unary_operation_node*, int, bool)'
   95 | void til::type_checker::processUnaryExpression(cdk::unary_operation_node *const node, int lvl, bool doubleType) {
      |      ^~~
In file included from targets/type_checker.cpp:2:
./targets/type_checker.h:27:10: note: candidate is: 'void til::type_checker::processUnaryExpression(cdk::unary_operation_node*, int)'
   27 |     void processUnaryExpression(cdk::unary_operation_node *const node, int lvl);
      |          ^~~~~~~~~~~~~~~~~~~~~~
./targets/type_checker.h:11:9: note: 'class til::type_checker' defined here
   11 |   class type_checker: public basic_ast_visitor {
      |         ^~~~~~~~~~~~
targets/type_checker.cpp: In member function 'virtual void til::type_checker::do_unary_minus_node(cdk::unary_minus_node*, int)':
targets/type_checker.cpp:108:25: error: no matching function for call to 'til::type_checker::processUnaryExpression(cdk::unary_minus_node* const&, int&, bool)'
  108 |   processUnaryExpression(node, lvl, true);
      |   ~~~~~~~~~~~~~~~~~~~~~~^~~~~~~~~~~~~~~~~
./targets/type_checker.h:27:10: note: candidate: 'void til::type_checker::processUnaryExpression(cdk::unary_operation_node*, int)'
   27 |     void processUnaryExpression(cdk::unary_operation_node *const node, int lvl);
      |          ^~~~~~~~~~~~~~~~~~~~~~
./targets/type_checker.h:27:10: note:   candidate expects 2 arguments, 3 provided
targets/type_checker.cpp: In member function 'virtual void til::type_checker::do_unary_plus_node(cdk::unary_plus_node*, int)':
targets/type_checker.cpp:112:25: error: no matching function for call to 'til::type_checker::processUnaryExpression(cdk::unary_plus_node* const&, int&, bool)'
  112 |   processUnaryExpression(node, lvl, true);
      |   ~~~~~~~~~~~~~~~~~~~~~~^~~~~~~~~~~~~~~~~
./targets/type_checker.h:27:10: note: candidate: 'void til::type_checker::processUnaryExpression(cdk::unary_operation_node*, int)'
   27 |     void processUnaryExpression(cdk::unary_operation_node *const node, int lvl);
      |          ^~~~~~~~~~~~~~~~~~~~~~
./targets/type_checker.h:27:10: note:   candidate expects 2 arguments, 3 provided
targets/type_checker.cpp: In member function 'virtual void til::type_checker::do_not_node(cdk::not_node*, int)':
targets/type_checker.cpp:116:25: error: no matching function for call to 'til::type_checker::processUnaryExpression(cdk::not_node* const&, int&, bool)'
  116 |   processUnaryExpression(node, lvl, false);
      |   ~~~~~~~~~~~~~~~~~~~~~~^~~~~~~~~~~~~~~~~~
./targets/type_checker.h:27:10: note: candidate: 'void til::type_checker::processUnaryExpression(cdk::unary_operation_node*, int)'
   27 |     void processUnaryExpression(cdk::unary_operation_node *const node, int lvl);
      |          ^~~~~~~~~~~~~~~~~~~~~~
./targets/type_checker.h:27:10: note:   candidate expects 2 arguments, 3 provided
targets/type_checker.cpp: At global scope:
targets/type_checker.cpp:149:6: error: no declaration matches 'void til::type_checker::processBinaryPredicateExpression(cdk::binary_operation_node*, int, bool, bool)'
  149 | void til::type_checker::processBinaryPredicateExpression(cdk::binary_operation_node *const node, int lvl, bool doubleType, bool pointerType) {
      |      ^~~
targets/type_checker.cpp:149:6: note: no functions named 'void til::type_checker::processBinaryPredicateExpression(cdk::binary_operation_node*, int, bool, bool)'
./targets/type_checker.h:11:9: note: 'class til::type_checker' defined here
   11 |   class type_checker: public basic_ast_visitor {
      |         ^~~~~~~~~~~~
targets/type_checker.cpp: In member function 'virtual void til::type_checker::do_lt_node(cdk::lt_node*, int)':
targets/type_checker.cpp:202:3: error: 'processBinaryPredicateExpression' was not declared in this scope; did you mean 'processBinaryExpression'?
  202 |   processBinaryPredicateExpression(node, lvl, true, false);
      |   ^~~~~~~~~~~~~~~~~~~~~~~~~~~~~~~~
      |   processBinaryExpression
targets/type_checker.cpp: In member function 'virtual void til::type_checker::do_le_node(cdk::le_node*, int)':
targets/type_checker.cpp:205:3: error: 'processBinaryPredicateExpression' was not declared in this scope; did you mean 'processBinaryExpression'?
  205 |   processBinaryPredicateExpression(node, lvl, true, false);
      |   ^~~~~~~~~~~~~~~~~~~~~~~~~~~~~~~~
      |   processBinaryExpression
targets/type_checker.cpp: In member function 'virtual void til::type_checker::do_ge_node(cdk::ge_node*, int)':
targets/type_checker.cpp:208:3: error: 'processBinaryPredicateExpression' was not declared in this scope; did you mean 'processBinaryExpression'?
  208 |   processBinaryPredicateExpression(node, lvl, true, false);
      |   ^~~~~~~~~~~~~~~~~~~~~~~~~~~~~~~~
      |   processBinaryExpression
targets/type_checker.cpp: In member function 'virtual void til::type_checker::do_gt_node(cdk::gt_node*, int)':
targets/type_checker.cpp:211:3: error: 'processBinaryPredicateExpression' was not declared in this scope; did you mean 'processBinaryExpression'?
  211 |   processBinaryPredicateExpression(node, lvl, true, false);
      |   ^~~~~~~~~~~~~~~~~~~~~~~~~~~~~~~~
      |   processBinaryExpression
targets/type_checker.cpp: In member function 'virtual void til::type_checker::do_ne_node(cdk::ne_node*, int)':
targets/type_checker.cpp:214:3: error: 'processBinaryPredicateExpression' was not declared in this scope; did you mean 'processBinaryExpression'?
  214 |   processBinaryPredicateExpression(node, lvl, true, false);
      |   ^~~~~~~~~~~~~~~~~~~~~~~~~~~~~~~~
      |   processBinaryExpression
targets/type_checker.cpp: In member function 'virtual void til::type_checker::do_eq_node(cdk::eq_node*, int)':
targets/type_checker.cpp:217:3: error: 'processBinaryPredicateExpression' was not declared in this scope; did you mean 'processBinaryExpression'?
  217 |   processBinaryPredicateExpression(node, lvl, true, false);
      |   ^~~~~~~~~~~~~~~~~~~~~~~~~~~~~~~~
      |   processBinaryExpression
targets/type_checker.cpp: In member function 'virtual void til::type_checker::do_and_node(cdk::and_node*, int)':
targets/type_checker.cpp:220:3: error: 'processBinaryPredicateExpression' was not declared in this scope; did you mean 'processBinaryExpression'?
  220 |   processBinaryPredicateExpression(node, lvl, false, false);
      |   ^~~~~~~~~~~~~~~~~~~~~~~~~~~~~~~~
      |   processBinaryExpression
targets/type_checker.cpp: In member function 'virtual void til::type_checker::do_or_node(cdk::or_node*, int)':
targets/type_checker.cpp:223:3: error: 'processBinaryPredicateExpression' was not declared in this scope; did you mean 'processBinaryExpression'?
  223 |   processBinaryPredicateExpression(node, lvl, false, false);
      |   ^~~~~~~~~~~~~~~~~~~~~~~~~~~~~~~~
      |   processBinaryExpression
make: *** [Makefile:46: targets/type_checker.o] Error 1

