<pre>
Checking project structure...
In file included from .auto/all_nodes.h:34,
                 from til_parser.y:8:
./ast/function_call_node.h: In constructor 'til::function_call_node::function_call_node(int, cdk::expression_node*)':
./ast/function_call_node.h:22:45: error: class 'til::function_call_node' does not have any field named '_function'
   22 |             : cdk::expression_node(lineno), _function(function),
      |                                             ^~~~~~~~~
./ast/function_call_node.h: In constructor 'til::function_call_node::function_call_node(int, cdk::expression_node*, cdk::sequence_node*)':
./ast/function_call_node.h:29:45: error: class 'til::function_call_node' does not have any field named '_function'
   29 |             : cdk::expression_node(lineno), _function(function),
      |                                             ^~~~~~~~~
./ast/function_call_node.h: In member function 'cdk::expression_node* til::function_call_node::function()':
./ast/function_call_node.h:34:49: error: '_function' was not declared in this scope; did you mean 'function'?
   34 |         cdk::expression_node *function(){return _function;}
      |                                                 ^~~~~~~~~
      |                                                 function
make: *** [Makefile:40: til_parser.tab.o] Error 1

