<pre>
Checking project structure...
In file included from .auto/all_nodes.h:42,
                 from til_parser.y:8:
./ast/declaration_node.h: In member function 'int* til::declaration_node::qualifier()':
./ast/declaration_node.h:27:14: error: invalid conversion from 'int' to 'int*' [-fpermissive]
   27 |       return _qualifier;
      |              ^~~~~~~~~~
      |              |
      |              int
In file included from .auto/all_nodes.h:51:
./ast/pointer_index_node.h: In member function 'virtual void toç::pointer_index_node::accept(basic_ast_visitor*, int)':
./ast/pointer_index_node.h:30:33: error: cannot convert 'toç::pointer_index_node*' to 'til::pointer_index_node*'
   30 |       sp->do_pointer_index_node(this, level);
      |                                 ^~~~
      |                                 |
      |                                 toç::pointer_index_node*
In file included from ./targets/basic_ast_visitor.h:64,
                 from /usr/include/cdk/ast/basic_node.h:6,
                 from /usr/include/cdk/ast/typed_node.h:4,
                 from /usr/include/cdk/ast/expression_node.h:4,
                 from /usr/include/cdk/ast/binary_operation_node.h:4,
                 from /usr/include/cdk/ast/add_node.h:4,
                 from /usr/include/cdk/ast/all.h:51,
                 from .auto/all_nodes.h:4:
./.auto/visitor_decls.h:19:69: note:   initializing argument 1 of 'virtual void basic_ast_visitor::do_pointer_index_node(til::pointer_index_node*, int)'
   19 |   virtual void do_pointer_index_node(til::pointer_index_node *const node, int lvl) = 0;
      |                                      ~~~~~~~~~~~~~~~~~~~~~~~~~~~~~~~^~~~
In file included from .auto/all_nodes.h:54:
./ast/read_node.h: In constructor 'til::read_node::read_node(int)':
./ast/read_node.h:15:39: error: class 'til::read_node' does not have any field named '_argument'
   15 |         cdk::expression_node(lineno), _argument(argument) {
      |                                       ^~~~~~~~~
./ast/read_node.h:15:49: error: 'argument' was not declared in this scope
   15 |         cdk::expression_node(lineno), _argument(argument) {
      |                                                 ^~~~~~~~
make: *** [Makefile:40: til_parser.tab.o] Error 1

