<pre>
Checking project structure...
targets/postfix_writer.cpp: In member function 'virtual void til::postfix_writer::do_double_node(cdk::double_node*, int)':
targets/postfix_writer.cpp:18:7: error: '_inFunctionBody' was not declared in this scope; did you mean '_inFunctionArgs'?
   18 |   if (_inFunctionBody)
      |       ^~~~~~~~~~~~~~~
      |       _inFunctionArgs
targets/postfix_writer.cpp: In member function 'virtual void til::postfix_writer::do_sequence_node(cdk::sequence_node*, int)':
targets/postfix_writer.cpp:55:3: error: '_lastBlockInstructionSeen' was not declared in this scope
   55 |   _lastBlockInstructionSeen = false;
      |   ^~~~~~~~~~~~~~~~~~~~~~~~~
targets/postfix_writer.cpp: In member function 'virtual void til::postfix_writer::do_integer_node(cdk::integer_node*, int)':
targets/postfix_writer.cpp:70:7: error: '_inFunctionBody' was not declared in this scope; did you mean '_inFunctionArgs'?
   70 |   if (_inFunctionBody)
      |       ^~~~~~~~~~~~~~~
      |       _inFunctionArgs
targets/postfix_writer.cpp: In member function 'virtual void til::postfix_writer::do_string_node(cdk::string_node*, int)':
targets/postfix_writer.cpp:85:7: error: '_inFunctionBody' was not declared in this scope; did you mean '_inFunctionArgs'?
   85 |   if (_inFunctionBody) {
      |       ^~~~~~~~~~~~~~~
      |       _inFunctionArgs
targets/postfix_writer.cpp: In member function 'virtual void til::postfix_writer::do_add_node(cdk::add_node*, int)':
targets/postfix_writer.cpp:112:3: error: 'processIDPBinaryExpression' was not declared in this scope
  112 |   processIDPBinaryExpression(node, lvl);
      |   ^~~~~~~~~~~~~~~~~~~~~~~~~~
targets/postfix_writer.cpp: In member function 'virtual void til::postfix_writer::do_sub_node(cdk::sub_node*, int)':
targets/postfix_writer.cpp:120:3: error: 'processIDPBinaryExpression' was not declared in this scope
  120 |   processIDPBinaryExpression(node, lvl);
      |   ^~~~~~~~~~~~~~~~~~~~~~~~~~
targets/postfix_writer.cpp: In member function 'virtual void til::postfix_writer::do_mul_node(cdk::mul_node*, int)':
targets/postfix_writer.cpp:139:3: error: 'processIDBinaryExpression' was not declared in this scope
  139 |   processIDBinaryExpression(node, lvl);
      |   ^~~~~~~~~~~~~~~~~~~~~~~~~
targets/postfix_writer.cpp: In member function 'virtual void til::postfix_writer::do_div_node(cdk::div_node*, int)':
targets/postfix_writer.cpp:147:3: error: 'processIDBinaryExpression' was not declared in this scope
  147 |   processIDBinaryExpression(node, lvl);
      |   ^~~~~~~~~~~~~~~~~~~~~~~~~
targets/postfix_writer.cpp: In member function 'virtual void til::postfix_writer::do_lt_node(cdk::lt_node*, int)':
targets/postfix_writer.cpp:161:3: error: 'processGeneralLogicalBinaryExpression' was not declared in this scope
  161 |   processGeneralLogicalBinaryExpression(node, lvl);
      |   ^~~~~~~~~~~~~~~~~~~~~~~~~~~~~~~~~~~~~
targets/postfix_writer.cpp: In member function 'virtual void til::postfix_writer::do_le_node(cdk::le_node*, int)':
targets/postfix_writer.cpp:165:3: error: 'processGeneralLogicalBinaryExpression' was not declared in this scope
  165 |   processGeneralLogicalBinaryExpression(node, lvl);
      |   ^~~~~~~~~~~~~~~~~~~~~~~~~~~~~~~~~~~~~
targets/postfix_writer.cpp: In member function 'virtual void til::postfix_writer::do_ge_node(cdk::ge_node*, int)':
targets/postfix_writer.cpp:169:3: error: 'processGeneralLogicalBinaryExpression' was not declared in this scope
  169 |   processGeneralLogicalBinaryExpression(node, lvl);
      |   ^~~~~~~~~~~~~~~~~~~~~~~~~~~~~~~~~~~~~
targets/postfix_writer.cpp: In member function 'virtual void til::postfix_writer::do_gt_node(cdk::gt_node*, int)':
targets/postfix_writer.cpp:173:3: error: 'processGeneralLogicalBinaryExpression' was not declared in this scope
  173 |   processGeneralLogicalBinaryExpression(node, lvl);
      |   ^~~~~~~~~~~~~~~~~~~~~~~~~~~~~~~~~~~~~
targets/postfix_writer.cpp: In member function 'virtual void til::postfix_writer::do_ne_node(cdk::ne_node*, int)':
targets/postfix_writer.cpp:177:3: error: 'processGeneralLogicalBinaryExpression' was not declared in this scope
  177 |   processGeneralLogicalBinaryExpression(node, lvl);
      |   ^~~~~~~~~~~~~~~~~~~~~~~~~~~~~~~~~~~~~
targets/postfix_writer.cpp: In member function 'virtual void til::postfix_writer::do_eq_node(cdk::eq_node*, int)':
targets/postfix_writer.cpp:181:3: error: 'processGeneralLogicalBinaryExpression' was not declared in this scope
  181 |   processGeneralLogicalBinaryExpression(node, lvl);
      |   ^~~~~~~~~~~~~~~~~~~~~~~~~~~~~~~~~~~~~
targets/postfix_writer.cpp: In member function 'void til::postfix_writer::do_main_function(til::function_def_node*, int)':
targets/postfix_writer.cpp:281:3: error: '_inFunctionBody' was not declared in this scope; did you mean '_inFunctionArgs'?
  281 |   _inFunctionBody = true;
      |   ^~~~~~~~~~~~~~~
      |   _inFunctionArgs
targets/postfix_writer.cpp: In member function 'void til::postfix_writer::do_regular_function(til::function_def_node*, int)':
targets/postfix_writer.cpp:336:36: error: '_inFunctionBody' was not declared in this scope; did you mean '_inFunctionArgs'?
  336 |   auto _previouslyInFunctionBody = _inFunctionBody;
      |                                    ^~~~~~~~~~~~~~~
      |                                    _inFunctionArgs
targets/postfix_writer.cpp: In member function 'virtual void til::postfix_writer::do_return_node(til::return_node*, int)':
targets/postfix_writer.cpp:453:3: error: '_lastBlockInstructionSeen' was not declared in this scope
  453 |   _lastBlockInstructionSeen = true;
      |   ^~~~~~~~~~~~~~~~~~~~~~~~~
targets/postfix_writer.cpp: In member function 'virtual void til::postfix_writer::do_loop_node(til::loop_node*, int)':
targets/postfix_writer.cpp:476:3: error: '_lastBlockInstructionSeen' was not declared in this scope
  476 |   _lastBlockInstructionSeen = false;
      |   ^~~~~~~~~~~~~~~~~~~~~~~~~
targets/postfix_writer.cpp: In member function 'virtual void til::postfix_writer::do_stop_node(til::stop_node*, int)':
targets/postfix_writer.cpp:499:3: error: '_lastBlockInstructionSeen' was not declared in this scope
  499 |   _lastBlockInstructionSeen = true;
      |   ^~~~~~~~~~~~~~~~~~~~~~~~~
targets/postfix_writer.cpp: In member function 'virtual void til::postfix_writer::do_next_node(til::next_node*, int)':
targets/postfix_writer.cpp:517:3: error: '_lastBlockInstructionSeen' was not declared in this scope
  517 |   _lastBlockInstructionSeen = true;
      |   ^~~~~~~~~~~~~~~~~~~~~~~~~
targets/postfix_writer.cpp: In member function 'virtual void til::postfix_writer::do_null_node(til::null_node*, int)':
targets/postfix_writer.cpp:537:7: error: '_inFunctionBody' was not declared in this scope; did you mean '_inFunctionArgs'?
  537 |   if (_inFunctionBody)
      |       ^~~~~~~~~~~~~~~
      |       _inFunctionArgs
targets/postfix_writer.cpp: In member function 'virtual void til::postfix_writer::do_sizeof_node(til::sizeof_node*, int)':
targets/postfix_writer.cpp:556:7: error: '_inFunctionBody' was not declared in this scope; did you mean '_inFunctionArgs'?
  556 |   if (_inFunctionBody)
      |       ^~~~~~~~~~~~~~~
      |       _inFunctionArgs
targets/postfix_writer.cpp: In member function 'virtual void til::postfix_writer::do_if_node(til::if_node*, int)':
targets/postfix_writer.cpp:576:3: error: '_lastBlockInstructionSeen' was not declared in this scope
  576 |   _lastBlockInstructionSeen = false;
      |   ^~~~~~~~~~~~~~~~~~~~~~~~~
targets/postfix_writer.cpp: In member function 'virtual void til::postfix_writer::do_if_else_node(til::if_else_node*, int)':
targets/postfix_writer.cpp:591:3: error: '_lastBlockInstructionSeen' was not declared in this scope
  591 |   _lastBlockInstructionSeen = false;
      |   ^~~~~~~~~~~~~~~~~~~~~~~~~
targets/postfix_writer.cpp: In member function 'virtual void til::postfix_writer::do_decl_node(til::decl_node*, int)':
targets/postfix_writer.cpp:622:14: error: '_inFunctionBody' was not declared in this scope; did you mean '_inFunctionArgs'?
  622 |   } else if (_inFunctionBody) {
      |              ^~~~~~~~~~~~~~~
      |              _inFunctionArgs
targets/postfix_writer.cpp:636:9: error: '_inFunctionBody' was not declared in this scope; did you mean '_inFunctionArgs'?
  636 |     if (_inFunctionBody)
      |         ^~~~~~~~~~~~~~~
      |         _inFunctionArgs
targets/postfix_writer.cpp:637:7: error: 'processLocalVariableInitialization' was not declared in this scope
  637 |       processLocalVariableInitialization(symbol, node->args(), lvl);
      |       ^~~~~~~~~~~~~~~~~~~~~~~~~~~~~~~~~~
targets/postfix_writer.cpp:639:7: error: 'processGlobalVariableInitialization' was not declared in this scope
  639 |       processGlobalVariableInitialization(symbol, node->args(), lvl);
      |       ^~~~~~~~~~~~~~~~~~~~~~~~~~~~~~~~~~~
targets/postfix_writer.cpp:641:35: error: '_inFunctionBody' was not declared in this scope; did you mean '_inFunctionArgs'?
  641 |   } else if (!_inFunctionArgs && !_inFunctionBody)
      |                                   ^~~~~~~~~~~~~~~
      |                                   _inFunctionArgs
targets/postfix_writer.cpp: At global scope:
targets/postfix_writer.cpp:647:6: error: no declaration matches 'void til::postfix_writer::processLocalVariableInitialization(std::shared_ptr<til::symbol>, cdk::expression_node*, int)'
  647 | void til::postfix_writer::processLocalVariableInitialization(
      |      ^~~
targets/postfix_writer.cpp:647:6: note: no functions named 'void til::postfix_writer::processLocalVariableInitialization(std::shared_ptr<til::symbol>, cdk::expression_node*, int)'
In file included from targets/postfix_writer.cpp:4:
./targets/postfix_writer.h:17:9: note: 'class til::postfix_writer' defined here
   17 |   class postfix_writer: public basic_ast_visitor {
      |         ^~~~~~~~~~~~~~
targets/postfix_writer.cpp:672:6: error: no declaration matches 'void til::postfix_writer::processGlobalVariableInitialization(std::shared_ptr<til::symbol>, cdk::expression_node*, int)'
  672 | void til::postfix_writer::processGlobalVariableInitialization(
      |      ^~~
targets/postfix_writer.cpp:672:6: note: no functions named 'void til::postfix_writer::processGlobalVariableInitialization(std::shared_ptr<til::symbol>, cdk::expression_node*, int)'
./targets/postfix_writer.h:17:9: note: 'class til::postfix_writer' defined here
   17 |   class postfix_writer: public basic_ast_visitor {
      |         ^~~~~~~~~~~~~~
targets/postfix_writer.cpp:815:6: error: no declaration matches 'void til::postfix_writer::processIDPBinaryExpression(cdk::binary_operation_node*, int)'
  815 | void til::postfix_writer::processIDPBinaryExpression(
      |      ^~~
targets/postfix_writer.cpp:815:6: note: no functions named 'void til::postfix_writer::processIDPBinaryExpression(cdk::binary_operation_node*, int)'
./targets/postfix_writer.h:17:9: note: 'class til::postfix_writer' defined here
   17 |   class postfix_writer: public basic_ast_visitor {
      |         ^~~~~~~~~~~~~~
targets/postfix_writer.cpp:846:6: error: no declaration matches 'void til::postfix_writer::processIDBinaryExpression(cdk::binary_operation_node*, int)'
  846 | void til::postfix_writer::processIDBinaryExpression(
      |      ^~~
targets/postfix_writer.cpp:846:6: note: no functions named 'void til::postfix_writer::processIDBinaryExpression(cdk::binary_operation_node*, int)'
./targets/postfix_writer.h:17:9: note: 'class til::postfix_writer' defined here
   17 |   class postfix_writer: public basic_ast_visitor {
      |         ^~~~~~~~~~~~~~
targets/postfix_writer.cpp:860:6: error: no declaration matches 'void til::postfix_writer::processGeneralLogicalBinaryExpression(cdk::binary_operation_node*, int)'
  860 | void til::postfix_writer::processGeneralLogicalBinaryExpression(
      |      ^~~
targets/postfix_writer.cpp:860:6: note: no functions named 'void til::postfix_writer::processGeneralLogicalBinaryExpression(cdk::binary_operation_node*, int)'
./targets/postfix_writer.h:17:9: note: 'class til::postfix_writer' defined here
   17 |   class postfix_writer: public basic_ast_visitor {
      |         ^~~~~~~~~~~~~~
make: *** [Makefile:46: targets/postfix_writer.o] Error 1

