<pre>
Checking project structure...
til_parser.y: warning: 3 reduce/reduce conflicts [-Wconflicts-rr]
til_parser.y: note: rerun with option '-Wcounterexamples' to generate conflict counterexamples
til_parser.y:135.12-106: warning: rule useless in parser due to conflicts [-Wother]
  135 | typevoid : tTYPEVOID                              { $$ = cdk::primiti...
      |            ^~~~~~~~~~~~~~~~~~~~~~~~~~~~~~~~~~~~~~~~~~~~~~~~~~~~~~~~~~
/usr/lib64/gcc/x86_64-suse-linux/13/../../../../x86_64-suse-linux/bin/ld: targets/frame_size_calculator.o:(.rodata._ZTVN3til21frame_size_calculatorE[_ZTVN3til21frame_size_calculatorE]+0xd0): undefined reference to `til::frame_size_calculator::do_unary_minus_node(cdk::unary_minus_node*, int)'
/usr/lib64/gcc/x86_64-suse-linux/13/../../../../x86_64-suse-linux/bin/ld: targets/frame_size_calculator.o:(.rodata._ZTVN3til21frame_size_calculatorE[_ZTVN3til21frame_size_calculatorE]+0xd8): undefined reference to `til::frame_size_calculator::do_unary_plus_node(cdk::unary_plus_node*, int)'
/usr/lib64/gcc/x86_64-suse-linux/13/../../../../x86_64-suse-linux/bin/ld: targets/frame_size_calculator.o:(.rodata._ZTVN3til21frame_size_calculatorE[_ZTVN3til21frame_size_calculatorE]+0x120): undefined reference to `til::frame_size_calculator::do_if_else_node(til::if_else_node*, int)'
/usr/lib64/gcc/x86_64-suse-linux/13/../../../../x86_64-suse-linux/bin/ld: targets/frame_size_calculator.o:(.rodata._ZTVN3til21frame_size_calculatorE[_ZTVN3til21frame_size_calculatorE]+0x158): undefined reference to `til::frame_size_calculator::do_read_node(til::read_node*, int)'
/usr/lib64/gcc/x86_64-suse-linux/13/../../../../x86_64-suse-linux/bin/ld: targets/type_checker.o:(.rodata._ZTVN3til12type_checkerE[_ZTVN3til12type_checkerE]+0xd0): undefined reference to `til::type_checker::do_unary_minus_node(cdk::unary_minus_node*, int)'
/usr/lib64/gcc/x86_64-suse-linux/13/../../../../x86_64-suse-linux/bin/ld: targets/type_checker.o:(.rodata._ZTVN3til12type_checkerE[_ZTVN3til12type_checkerE]+0xd8): undefined reference to `til::type_checker::do_unary_plus_node(cdk::unary_plus_node*, int)'
collect2: error: ld returned 1 exit status
make: *** [Makefile:72: til] Error 1

