<pre>
Checking project structure...
targets/postfix_writer.cpp: In member function 'virtual void til::postfix_writer::do_evaluation_node(til::evaluation_node*, int)':
targets/postfix_writer.cpp:463:21: error: 'class til::evaluation_node' has no member named 'type'
  463 |     _pf.TRASH(node->type()->size());
      |                     ^~~~
make: *** [Makefile:46: targets/postfix_writer.o] Error 1

