<pre>
Checking project structure...
til_scanner.l:75: warning, rule cannot be matched
til_scanner.l:92: warning, rule cannot be matched
til_scanner.l:15:3: error: expected unqualified-id before 'try'
   15 |   try {
      |   ^~~
til_scanner.l:18:5: error: expected unqualified-id before 'catch'
   18 |   } catch ( const std::out_of_range& ) {
      |     ^~~~~
til_scanner.l:21:1: error: expected declaration before '}' token
   21 | }
      | ^
til_scanner.l:24:3: error: expected unqualified-id before 'try'
   24 |   try {
      |   ^~~
til_scanner.l:27:5: error: expected unqualified-id before 'catch'
   27 |   } catch ( const std::out_of_range& ) {
      |     ^~~~~
til_scanner.l:30:1: error: expected declaration before '}' token
   30 | }
      | ^
til_scanner.l: In member function 'virtual int til_scanner_FlexLexer::yylex()':
til_scanner.l:45:8: error: 'tAND' was not declared in this scope; did you mean 'tEND'?
   45 | "||"                   return tOR;
      |        ^~~~
      |        tEND
til_scanner.l:46:8: error: 'tOR' was not declared in this scope
   46 | 
      |        ^  
til_scanner.l:48:8: error: 'tTYPE_INT' was not declared in this scope
   48 | "double"               return tTYPE_DOUBLE;
      |        ^~~~~~~~~
til_scanner.l:49:8: error: 'tTYPE_DOUBLE' was not declared in this scope
   49 | "string"               return tTYPE_STRING;
      |        ^~~~~~~~~~~~
til_scanner.l:50:8: error: 'tTYPE_STRING' was not declared in this scope
   50 | "void"                 return tTYPE_VOID;
      |        ^~~~~~~~~~~~
til_scanner.l:51:8: error: 'tTYPE_VOID' was not declared in this scope
   51 | 
      |        ^         
til_scanner.l:53:8: error: 'tEXTERNAL' was not declared in this scope
   53 | "forward"              return tFORWARD;
      |        ^~~~~~~~~
til_scanner.l:54:8: error: 'tFORWARD' was not declared in this scope
   54 | "public"               return tPUBLIC;
      |        ^~~~~~~~
til_scanner.l:55:8: error: 'tPUBLIC' was not declared in this scope
   55 | "var"                  return tVAR;
      |        ^~~~~~~
til_scanner.l:56:8: error: 'tVAR' was not declared in this scope
   56 | 
      |        ^   
til_scanner.l:58:8: error: 'tBLOCK' was not declared in this scope; did you mean 'F_LOCK'?
   58 | "stop"                 return tSTOP;
      |        ^~~~~~
      |        F_LOCK
til_scanner.l:59:8: error: 'tSTOP' was not declared in this scope
   59 | "next"                 return tNEXT;
      |        ^~~~~
til_scanner.l:60:8: error: 'tNEXT' was not declared in this scope; did you mean 'tNE'?
   60 | "return"               return tRETURN;
      |        ^~~~~
      |        tNE
til_scanner.l:61:8: error: 'tRETURN' was not declared in this scope
   61 | "print"                return tPRINT;
      |        ^~~~~~~
til_scanner.l:63:8: error: 'tPRINTLN' was not declared in this scope; did you mean 'tPRINT'?
   63 | 
      |        ^       
      |        tPRINT
til_scanner.l:65:8: error: 'tNULL' was not declared in this scope; did you mean 'NULL'?
   65 | "set"                  return tSET;
      |        ^~~~~
      |        NULL
til_scanner.l:66:8: error: 'tSET' was not declared in this scope
   66 | "index"                return tINDEX;
      |        ^~~~
til_scanner.l:67:8: error: 'tINDEX' was not declared in this scope
   67 | "objects"              return tOBJECTS;
      |        ^~~~~~
til_scanner.l:68:8: error: 'tOBJECTS' was not declared in this scope
   68 | "sizeof"               return tSIZEOF;
      |        ^~~~~~~~
til_scanner.l:69:8: error: 'tSIZEOF' was not declared in this scope
   69 | "function"             return tFUNCTION;
      |        ^~~~~~~
til_scanner.l:70:8: error: 'tFUNCTION' was not declared in this scope
   70 | 
      |        ^        
til_scanner.l:77:8: error: 'tPROGRAM' was not declared in this scope
   77 | 
      |        ^       
til_scanner.l:88:1: error: 'TRY_STROL' was not declared in this scope; did you mean 'TRY_STRTOL'?
   88 | 0x[A-Za-z0-9]*         yyerror("Invalid hexadecimal literal");
      | ^~~~~~~~~
      | TRY_STRTOL
til_scanner.cpp:1367:39: error: expected primary-expression before '*' token
 1367 |  */
      |                                       ^
til_scanner.cpp:1367:41: error: 'arg_yyin' was not declared in this scope
 1367 |  */
      |                                         ^       
til_scanner.cpp:1367:63: error: expected primary-expression before '*' token
 1367 |  */
      |                                                               ^
til_scanner.cpp:1367:65: error: 'arg_yyout' was not declared in this scope
 1367 |  */
      |                                                                 ^        
til_scanner.cpp:1367:75: error: cannot call constructor 'til_scanner_FlexLexer::til_scanner_FlexLexer' directly [-fpermissive]
 1367 |  */
      |                                                                           ^
til_scanner.cpp:1367:75: note: for a function-style cast, remove the redundant '::til_scanner_FlexLexer'
til_scanner.cpp:1376:39: error: expected primary-expression before '&' token
 1376 |  */
      |                                       ^
til_scanner.cpp:1376:63: error: expected primary-expression before '&' token
 1376 |  */
      |                                                               ^
til_scanner.cpp:1376:75: error: cannot call constructor 'til_scanner_FlexLexer::til_scanner_FlexLexer' directly [-fpermissive]
 1376 |  */
      |                                                                           ^
til_scanner.cpp:1376:75: note: for a function-style cast, remove the redundant '::til_scanner_FlexLexer'
til_scanner.cpp:1385:30: error: qualified-id in declaration before '(' token
 1385 |  */
      |                              ^
til_scanner.cpp:1413:28: error: expected ';' before '{' token
 1413 |  */
      |                            ^
      |                            ;
 1414 | yyFlexLexer::~yyFlexLexer()
      | ~                           
til_scanner.cpp:1423:33: error: qualified-id in declaration before '(' token
 1423 |  */
      |                                 ^
til_scanner.cpp:1435:33: error: qualified-id in declaration before '(' token
 1435 |  */
      |                                 ^
til_scanner.cpp:1449:28: error: qualified-id in declaration before '(' token
 1449 | #ifdef YY_INTERACTIVE
      |                            ^
til_scanner.cpp:1478:30: error: qualified-id in declaration before '(' token
 1478 | 
      |                              ^
til_scanner.cpp:1496:36: error: qualified-id in declaration before '(' token
 1496 | /* %if-c++-only */
      |                                    ^
til_scanner.cpp:1639:53: error: qualified-id in declaration before '(' token
 1639 | /* %if-c++-only */
      |                                                     ^
til_scanner.cpp:1677:48: error: qualified-id in declaration before '(' token
 1677 | /* %if-c++-only */
      |                                                ^
til_scanner.cpp:1706:30: error: qualified-id in declaration before '(' token
 1706 | /* %if-c++-only */
      |                              ^
til_scanner.cpp:1756:29: error: qualified-id in declaration before '(' token
 1756 | /* %if-c++-only */
      |                             ^
til_scanner.cpp:1840:32: error: qualified-id in declaration before '(' token
 1840 | /* %if-c++-only */
      |                                ^
til_scanner.cpp:1860:28: error: qualified-id in declaration before '(' token
 1860 |  */
      |                            ^
til_scanner.cpp:1876:42: error: qualified-id in declaration before '(' token
 1876 | /* %if-c++-only */
      |                                          ^
til_scanner.cpp:1911:43: error: qualified-id in declaration before '(' token
 1911 | /* %if-c++-only */
      |                                           ^
til_scanner.cpp:1933:50: error: qualified-id in declaration before '(' token
 1933 | /* %if-c++-only */
      |                                                  ^
til_scanner.cpp:1965:47: error: qualified-id in declaration before '(' token
 1965 |  */
      |                                               ^
til_scanner.cpp:1978:39: error: qualified-id in declaration before '(' token
 1978 | /* %if-c++-only */
      |                                       ^
til_scanner.cpp:2001:37: error: qualified-id in declaration before '(' token
 2001 | /* %if-c++-only */
      |                                     ^
til_scanner.cpp:2040:38: error: qualified-id in declaration before '(' token
 2040 | /* %if-c++-only */
      |                                      ^
til_scanner.cpp:2074:39: error: qualified-id in declaration before '(' token
 2074 | /* %if-c++-only */
      |                                       ^
til_scanner.cpp:2110:38: error: qualified-id in declaration before '(' token
 2110 | /* %if-c++-only */
      |                                      ^
til_scanner.cpp:2135:40: error: qualified-id in declaration before '(' token
 2135 | /* %if-c++-only */
      |                                        ^
til_scanner.cpp:2192:36: error: qualified-id in declaration before '(' token
 2192 | /* %if-c++-only */
      |                                    ^
til_scanner.cpp:2221:35: error: qualified-id in declaration before '(' token
 2221 | /* %if-c++-only */
      |                                   ^
til_scanner.cpp:2233:34: error: qualified-id in declaration before '(' token
 2233 | /* %if-c++-only */
      |                                  ^
til_scanner.cpp:2246:29: error: qualified-id in declaration before '(' token
 2246 | /* %if-c++-only */
      |                             ^
til_scanner.cpp:2318:1: error: a function-definition is not allowed here before '{' token
 2318 | void *yyalloc (yy_size_t  size )
      | ^
til_scanner.cpp:2323:1: error: a function-definition is not allowed here before '{' token
 2323 | void *yyrealloc  (void * ptr, yy_size_t  size )
      | ^
til_scanner.cpp:2336:1: error: a function-definition is not allowed here before '{' token
 2336 | void yyfree (void * ptr )
      | ^
til_scanner.cpp:2338:16: error: expected '}' at end of input
 2338 |                         free( (char *) ptr );   /* see yyrealloc() for (char *) cast */
      |         ^       
til_scanner.cpp:890:10: note: to match this '{'
  890 |         while ( /*CONSTCOND*/1 )                /* loops until end-of-file is reached */
      |          ^
til_scanner.cpp:2338:16: error: expected '}' at end of input
 2338 |                         free( (char *) ptr );   /* see yyrealloc() for (char *) cast */
      |         ^       
til_scanner.cpp:880:2: note: to match this '{'
  880 | 
      |  ^
til_scanner.cpp:2338:16: error: expected '}' at end of input
 2338 |                         free( (char *) ptr );   /* see yyrealloc() for (char *) cast */
      |         ^       
til_scanner.cpp:841:1: note: to match this '{'
  841 | YY_DECL
      | ^
make: *** [Makefile:46: til_scanner.o] Error 1

