<pre>
Checking project structure...
til_scanner.l: In member function 'virtual int til_scanner_FlexLexer::yylex()':
til_scanner.l:73:24: error: found ':' in nested-name-specifier, expected '::'
   73 | <X_STRING_SPECIAL>t           *yylval.s += '\t'; yy_pop_state();
      |                        ^
      |                        ::
til_scanner.l:73:30: error: 'yy_text' was not declared in this scope; did you mean 'yytext'?
   73 | <X_STRING_SPECIAL>t           *yylval.s += '\t'; yy_pop_state();
      |                              ^~~~~~~
      |                              yytext
make: *** [Makefile:46: til_scanner.o] Error 1

