<pre>
Checking project structure...
til_parser.y: warning: 1 nonterminal useless in grammar [-Wother]
til_parser.y: warning: 2 rules useless in grammar [-Wother]
til_parser.y:192.1-20: warning: nonterminal useless in grammar: function_declaration [-Wother]
  192 | function_declaration : tFUNCTION '(' function_type ')' list          ...
      | ^~~~~~~~~~~~~~~~~~~~
til_parser.y: warning: 315 shift/reduce conflicts [-Wconflicts-sr]
til_parser.y: warning: 139 reduce/reduce conflicts [-Wconflicts-rr]
til_parser.y: note: rerun with option '-Wcounterexamples' to generate conflict counterexamples
til_parser.y:101.24-99: warning: rule useless in parser due to conflicts [-Wother]
  101 |                types : types type                                   {...
      |                        ^~~~~~~~~~~~~~~~~~~~~~~~~~~~~~~~~~~~~~~~~~~~~~
til_parser.y:102.24-134: warning: rule useless in parser due to conflicts [-Wother]
  102 |                      | type                                         {...
      |                        ^~~~~~~~~~~~~~~~~~~~~~~~~~~~~~~~~~~~~~~~~~~~~~
til_parser.y:187.24-145: warning: rule useless in parser due to conflicts [-Wother]
  187 |                      | expr                                         {...
      |                        ^~~~~~~~~~~~~~~~~~~~~~~~~~~~~~~~~~~~~~~~~~~~~~
targets/type_checker.cpp:9:6: error: 'cdk::type_checker' has not been declared
    9 | cdk::type_checker::deepTypeComparison(std::shared_ptr<cdk::basic_type> left, std::shared_ptr<cdk::basic_type> right,
      |      ^~~~~~~~~~~~
targets/type_checker.cpp:101:74: error: expected ')' before '{' token
  101 |                                                bool acceptDoubles = false ASSERT_UNSPEC;
      |                                                                          ^
      |                                                                          )
targets/type_checker.cpp:100:47: note: to match this '('
  100 | void til::type_checker::processUnaryExpression(cdk::unary_operation_node *const node, int lvl,
      |                                               ^
targets/type_checker.cpp:100:6: error: no declaration matches 'void til::type_checker::processUnaryExpression(cdk::unary_operation_node*, int, bool)'
  100 | void til::type_checker::processUnaryExpression(cdk::unary_operation_node *const node, int lvl,
      |      ^~~
In file included from targets/type_checker.cpp:2:
./targets/type_checker.h:30:10: note: candidate is: 'void til::type_checker::processUnaryExpression(cdk::unary_operation_node*, int)'
   30 |     void processUnaryExpression(cdk::unary_operation_node *const node, int lvl);
      |          ^~~~~~~~~~~~~~~~~~~~~~
./targets/type_checker.h:11:9: note: 'class til::type_checker' defined here
   11 |   class type_checker : public basic_ast_visitor {
      |         ^~~~~~~~~~~~
targets/type_checker.cpp:103:1: error: 'node' does not name a type
  103 | node->argument()->accept(this, lvl + 2);
      | ^~~~
targets/type_checker.cpp:105:1: error: expected unqualified-id before 'if'
  105 | if (node->argument()->is_typed(cdk::TYPE_UNSPEC)) {
      | ^~
targets/type_checker.cpp:109:3: error: expected unqualified-id before 'else'
  109 | } else if (!node->argument()->is_typed(cdk::TYPE_INT)
      |   ^~~~
targets/type_checker.cpp:116:1: error: 'node' does not name a type
  116 | node->
      | ^~~~
targets/type_checker.cpp:119:1: error: expected declaration before '}' token
  119 | }
      | ^
targets/type_checker.cpp: In member function 'virtual void til::type_checker::do_unary_minus_node(cdk::unary_minus_node*, int)':
targets/type_checker.cpp:122:25: error: no matching function for call to 'til::type_checker::processUnaryExpression(cdk::unary_minus_node* const&, int&, bool)'
  122 |   processUnaryExpression(node, lvl, true);
      |   ~~~~~~~~~~~~~~~~~~~~~~^~~~~~~~~~~~~~~~~
./targets/type_checker.h:30:10: note: candidate: 'void til::type_checker::processUnaryExpression(cdk::unary_operation_node*, int)'
   30 |     void processUnaryExpression(cdk::unary_operation_node *const node, int lvl);
      |          ^~~~~~~~~~~~~~~~~~~~~~
./targets/type_checker.h:30:10: note:   candidate expects 2 arguments, 3 provided
targets/type_checker.cpp: In member function 'virtual void til::type_checker::do_unary_plus_node(cdk::unary_plus_node*, int)':
targets/type_checker.cpp:126:25: error: no matching function for call to 'til::type_checker::processUnaryExpression(cdk::unary_plus_node* const&, int&, bool)'
  126 |   processUnaryExpression(node, lvl, true);
      |   ~~~~~~~~~~~~~~~~~~~~~~^~~~~~~~~~~~~~~~~
./targets/type_checker.h:30:10: note: candidate: 'void til::type_checker::processUnaryExpression(cdk::unary_operation_node*, int)'
   30 |     void processUnaryExpression(cdk::unary_operation_node *const node, int lvl);
      |          ^~~~~~~~~~~~~~~~~~~~~~
./targets/type_checker.h:30:10: note:   candidate expects 2 arguments, 3 provided
targets/type_checker.cpp: In member function 'virtual void til::type_checker::do_not_node(cdk::not_node*, int)':
targets/type_checker.cpp:130:25: error: no matching function for call to 'til::type_checker::processUnaryExpression(cdk::not_node* const&, int&, bool)'
  130 |   processUnaryExpression(node, lvl, false);
      |   ~~~~~~~~~~~~~~~~~~~~~~^~~~~~~~~~~~~~~~~~
./targets/type_checker.h:30:10: note: candidate: 'void til::type_checker::processUnaryExpression(cdk::unary_operation_node*, int)'
   30 |     void processUnaryExpression(cdk::unary_operation_node *const node, int lvl);
      |          ^~~~~~~~~~~~~~~~~~~~~~
./targets/type_checker.h:30:10: note:   candidate expects 2 arguments, 3 provided
targets/type_checker.cpp: In member function 'virtual void til::type_checker::do_alloc_node(til::alloc_node*, int)':
targets/type_checker.cpp:141:19: error: 'acceptDoubles' was not declared in this scope
  141 |              && !(acceptDoubles && node->argument()->is_typed(cdk::TYPE_DOUBLE))) {
      |                   ^~~~~~~~~~~~~
targets/type_checker.cpp: In member function 'virtual void til::type_checker::do_gt_node(cdk::gt_node*, int)':
targets/type_checker.cpp:246:35: error: no matching function for call to 'til::type_checker::processBinaryPredicateExpression(cdk::gt_node* const&, int&)'
  246 |   processBinaryPredicateExpression(node, lvl), true, false;
      |   ~~~~~~~~~~~~~~~~~~~~~~~~~~~~~~~~^~~~~~~~~~~
targets/type_checker.cpp:206:1: note: candidate: 'void til::type_checker::processBinaryPredicateExpression(cdk::binary_operation_node*, int, bool, bool)'
  206 | til::type_checker::processBinaryPredicateExpression(cdk::binary_operation_node *const node, int lvl, bool acceptDoubles,
      | ^~~
targets/type_checker.cpp:206:1: note:   candidate expects 4 arguments, 2 provided
targets/type_checker.cpp: In member function 'virtual void til::type_checker::do_function_node(til::function_node*, int)':
targets/type_checker.cpp:318:24: error: 'make_symbol' is not a member of 'til'
  318 |   auto function = til::make_symbol("@", node->type());
      |                        ^~~~~~~~~~~
targets/type_checker.cpp:319:27: error: 'class til::function_node' has no member named 'is_main'
  319 |   function->is_main(node->is_main());
      |                           ^~~~~~~
targets/type_checker.cpp: In member function 'virtual void til::type_checker::do_function_call_node(til::function_call_node*, int)':
targets/type_checker.cpp:336:17: error: 'using std::__shared_ptr_access<til::symbol, __gnu_cxx::_S_atomic, false, false>::element_type = class til::symbol' {aka 'class til::symbol'} has no member named 'is_main'
  336 |     if (symbol->is_main()) {
      |                 ^~~~~~~
targets/type_checker.cpp: In member function 'virtual void til::type_checker::do_declaration_node(til::declaration_node*, int)':
targets/type_checker.cpp:559:28: error: 'tEXTERNAL' was not declared in this scope
  559 |   if (node->qualifier() == tEXTERNAL && !node->is_typed(cdk::TYPE_FUNCTIONAL)) {
      |                            ^~~~~~~~~
targets/type_checker.cpp:563:17: error: 'make_symbol' was not declared in this scope
  563 |   auto symbol = make_symbol(node->identifier(), node->type(), node->qualifier());
      |                 ^~~~~~~~~~~
targets/type_checker.cpp:568:34: error: 'using std::__shared_ptr_access<til::symbol, __gnu_cxx::_S_atomic, false, false>::element_type = class til::symbol' {aka 'class til::symbol'} has no member named 'qualifier'
  568 |     if (prev == nullptr || prev->qualifier() != tFORWARD || !deepTypeComparison(prev->type(), symbol->type(), false)) {
      |                                  ^~~~~~~~~
targets/type_checker.cpp:568:49: error: 'tFORWARD' was not declared in this scope
  568 |     if (prev == nullptr || prev->qualifier() != tFORWARD || !deepTypeComparison(prev->type(), symbol->type(), false)) {
      |                                                 ^~~~~~~~
make: *** [Makefile:46: targets/type_checker.o] Error 1

