<pre>
Checking project structure...
til_parser.y: warning: 8 shift/reduce conflicts [-Wconflicts-sr]
til_parser.y: note: rerun with option '-Wcounterexamples' to generate conflict counterexamples
In file included from .auto/all_nodes.h:43,
                 from til_parser.y:8:
./ast/function_definition_node.h: In constructor 'til::function_definition_node::function_definition_node(int, std::shared_ptr<cdk::basic_type>, cdk::sequence_node*, cdk::sequence_node*, cdk::sequence_node*)':
./ast/function_definition_node.h:15:54: warning: 'til::function_definition_node::_declarations' will be initialized after [-Wreorder]
   15 |     cdk::sequence_node *_arguments, *_instructions, *_declarations;
      |                                                      ^~~~~~~~~~~~~
./ast/function_definition_node.h:15:38: warning:   'cdk::sequence_node* til::function_definition_node::_instructions' [-Wreorder]
   15 |     cdk::sequence_node *_arguments, *_instructions, *_declarations;
      |                                      ^~~~~~~~~~~~~
./ast/function_definition_node.h:18:5: warning:   when initialized here [-Wreorder]
   18 |     function_definition_node(int lineno, std::shared_ptr<cdk::basic_type> funType,
      |     ^~~~~~~~~~~~~~~~~~~~~~~~
In file included from .auto/all_nodes.h:51:
./ast/program_node.h: In constructor 'til::program_node::program_node(int, cdk::sequence_node*, cdk::sequence_node*)':
./ast/program_node.h:13:41: warning: 'til::program_node::_declarations' will be initialized after [-Wreorder]
   13 |     cdk::sequence_node *_instructions, *_declarations;
      |                                         ^~~~~~~~~~~~~
./ast/program_node.h:13:25: warning:   'cdk::sequence_node* til::program_node::_instructions' [-Wreorder]
   13 |     cdk::sequence_node *_instructions, *_declarations;
      |                         ^~~~~~~~~~~~~
./ast/program_node.h:16:5: warning:   when initialized here [-Wreorder]
   16 |     program_node(int lineno, cdk::sequence_node *declarations, cdk::sequence_node *instructions) :
      |     ^~~~~~~~~~~~
til_parser.y: In function 'int yyparse(std::shared_ptr<cdk::compiler>)':
til_parser.y:83:189: error: no matching function for call to 'til::variable_declaration_node::variable_declaration_node(int, cdk::basic_node*&, std::shared_ptr<cdk::basic_type>&, std::string*&, cdk::expression_node*&)'
   83 | declaration    : '(' qualifier type tID expression ')'   { $$ = new til::variable_declaration_node(LINE, $2 ,$3, $4, $5); }
      |                                                                                                                                                                                             ^
In file included from .auto/all_nodes.h:57:
./ast/variable_declaration_node.h:16:5: note: candidate: 'til::variable_declaration_node::variable_declaration_node(int, int, std::shared_ptr<cdk::basic_type>, const std::string&, cdk::expression_node*)'
   16 |     variable_declaration_node(int lineno, int qualifier, std::shared_ptr<cdk::basic_type> varType, const std::string &identifier,
      |     ^~~~~~~~~~~~~~~~~~~~~~~~~
./ast/variable_declaration_node.h:16:119: note:   no known conversion for argument 4 from 'std::string*' {aka 'std::__cxx11::basic_string<char>*'} to 'const std::string&' {aka 'const std::__cxx11::basic_string<char>&'}
   16 |     variable_declaration_node(int lineno, int qualifier, std::shared_ptr<cdk::basic_type> varType, const std::string &identifier,
      |                                                                                                    ~~~~~~~~~~~~~~~~~~~^~~~~~~~~~
./ast/variable_declaration_node.h:10:9: note: candidate: 'til::variable_declaration_node::variable_declaration_node(const til::variable_declaration_node&)'
   10 |   class variable_declaration_node: public cdk::typed_node {
      |         ^~~~~~~~~~~~~~~~~~~~~~~~~
./ast/variable_declaration_node.h:10:9: note:   candidate expects 1 argument, 5 provided
./ast/variable_declaration_node.h:10:9: note: candidate: 'til::variable_declaration_node::variable_declaration_node(til::variable_declaration_node&&)'
./ast/variable_declaration_node.h:10:9: note:   candidate expects 1 argument, 5 provided
til_parser.y:84:174: error: no matching function for call to 'til::variable_declaration_node::variable_declaration_node(int, cdk::basic_node*&, std::shared_ptr<cdk::basic_type>&, std::string*&, std::nullptr_t)'
   84 |                | '(' qualifier type tID ')'              { $$ = new til::variable_declaration_node(LINE, $2, $3, $4, nullptr); }
      |                                                                                                                                                                              ^
./ast/variable_declaration_node.h:16:5: note: candidate: 'til::variable_declaration_node::variable_declaration_node(int, int, std::shared_ptr<cdk::basic_type>, const std::string&, cdk::expression_node*)'
   16 |     variable_declaration_node(int lineno, int qualifier, std::shared_ptr<cdk::basic_type> varType, const std::string &identifier,
      |     ^~~~~~~~~~~~~~~~~~~~~~~~~
./ast/variable_declaration_node.h:16:119: note:   no known conversion for argument 4 from 'std::string*' {aka 'std::__cxx11::basic_string<char>*'} to 'const std::string&' {aka 'const std::__cxx11::basic_string<char>&'}
   16 |     variable_declaration_node(int lineno, int qualifier, std::shared_ptr<cdk::basic_type> varType, const std::string &identifier,
      |                                                                                                    ~~~~~~~~~~~~~~~~~~~^~~~~~~~~~
./ast/variable_declaration_node.h:10:9: note: candidate: 'til::variable_declaration_node::variable_declaration_node(const til::variable_declaration_node&)'
   10 |   class variable_declaration_node: public cdk::typed_node {
      |         ^~~~~~~~~~~~~~~~~~~~~~~~~
./ast/variable_declaration_node.h:10:9: note:   candidate expects 1 argument, 5 provided
./ast/variable_declaration_node.h:10:9: note: candidate: 'til::variable_declaration_node::variable_declaration_node(til::variable_declaration_node&&)'
./ast/variable_declaration_node.h:10:9: note:   candidate expects 1 argument, 5 provided
til_parser.y:85:165: error: no matching function for call to 'til::variable_declaration_node::variable_declaration_node(int, std::nullptr_t, std::shared_ptr<cdk::basic_type>&, std::string*&, std::nullptr_t)'
   85 |                | '(' type tID ')'                        { $$ = new til::variable_declaration_node(LINE, nullptr, $2, $3, nullptr) }
      |                                                                                                                                                                     ^
./ast/variable_declaration_node.h:16:5: note: candidate: 'til::variable_declaration_node::variable_declaration_node(int, int, std::shared_ptr<cdk::basic_type>, const std::string&, cdk::expression_node*)'
   16 |     variable_declaration_node(int lineno, int qualifier, std::shared_ptr<cdk::basic_type> varType, const std::string &identifier,
      |     ^~~~~~~~~~~~~~~~~~~~~~~~~
./ast/variable_declaration_node.h:16:47: note:   no known conversion for argument 2 from 'std::nullptr_t' to 'int'
   16 |     variable_declaration_node(int lineno, int qualifier, std::shared_ptr<cdk::basic_type> varType, const std::string &identifier,
      |                                           ~~~~^~~~~~~~~
./ast/variable_declaration_node.h:10:9: note: candidate: 'til::variable_declaration_node::variable_declaration_node(const til::variable_declaration_node&)'
   10 |   class variable_declaration_node: public cdk::typed_node {
      |         ^~~~~~~~~~~~~~~~~~~~~~~~~
./ast/variable_declaration_node.h:10:9: note:   candidate expects 1 argument, 5 provided
./ast/variable_declaration_node.h:10:9: note: candidate: 'til::variable_declaration_node::variable_declaration_node(til::variable_declaration_node&&)'
./ast/variable_declaration_node.h:10:9: note:   candidate expects 1 argument, 5 provided
til_parser.y:86:180: error: no matching function for call to 'til::variable_declaration_node::variable_declaration_node(int, std::nullptr_t, std::shared_ptr<cdk::basic_type>&, std::string*&, cdk::expression_node*&)'
   86 |                | '(' type tID expression ')'             { $$ = new til::variable_declaration_node(LINE, nullptr, $2, $3, $4); }
      |                                                                                                                                                                                    ^
./ast/variable_declaration_node.h:16:5: note: candidate: 'til::variable_declaration_node::variable_declaration_node(int, int, std::shared_ptr<cdk::basic_type>, const std::string&, cdk::expression_node*)'
   16 |     variable_declaration_node(int lineno, int qualifier, std::shared_ptr<cdk::basic_type> varType, const std::string &identifier,
      |     ^~~~~~~~~~~~~~~~~~~~~~~~~
./ast/variable_declaration_node.h:16:47: note:   no known conversion for argument 2 from 'std::nullptr_t' to 'int'
   16 |     variable_declaration_node(int lineno, int qualifier, std::shared_ptr<cdk::basic_type> varType, const std::string &identifier,
      |                                           ~~~~^~~~~~~~~
./ast/variable_declaration_node.h:10:9: note: candidate: 'til::variable_declaration_node::variable_declaration_node(const til::variable_declaration_node&)'
   10 |   class variable_declaration_node: public cdk::typed_node {
      |         ^~~~~~~~~~~~~~~~~~~~~~~~~
./ast/variable_declaration_node.h:10:9: note:   candidate expects 1 argument, 5 provided
./ast/variable_declaration_node.h:10:9: note: candidate: 'til::variable_declaration_node::variable_declaration_node(til::variable_declaration_node&&)'
./ast/variable_declaration_node.h:10:9: note:   candidate expects 1 argument, 5 provided
til_parser.y:87:165: error: no matching function for call to 'til::variable_declaration_node::variable_declaration_node(int, int, std::nullptr_t, std::string*&, cdk::expression_node*&)'
   87 |                | '(' tPUBLIC tVAR tID expression ')'     { $$ = new til::variable_declaration_node(LINE, 0, nullptr, $4, $5); }
      |                                                                                                                                                                     ^
./ast/variable_declaration_node.h:16:5: note: candidate: 'til::variable_declaration_node::variable_declaration_node(int, int, std::shared_ptr<cdk::basic_type>, const std::string&, cdk::expression_node*)'
   16 |     variable_declaration_node(int lineno, int qualifier, std::shared_ptr<cdk::basic_type> varType, const std::string &identifier,
      |     ^~~~~~~~~~~~~~~~~~~~~~~~~
./ast/variable_declaration_node.h:16:119: note:   no known conversion for argument 4 from 'std::string*' {aka 'std::__cxx11::basic_string<char>*'} to 'const std::string&' {aka 'const std::__cxx11::basic_string<char>&'}
   16 |     variable_declaration_node(int lineno, int qualifier, std::shared_ptr<cdk::basic_type> varType, const std::string &identifier,
      |                                                                                                    ~~~~~~~~~~~~~~~~~~~^~~~~~~~~~
./ast/variable_declaration_node.h:10:9: note: candidate: 'til::variable_declaration_node::variable_declaration_node(const til::variable_declaration_node&)'
   10 |   class variable_declaration_node: public cdk::typed_node {
      |         ^~~~~~~~~~~~~~~~~~~~~~~~~
./ast/variable_declaration_node.h:10:9: note:   candidate expects 1 argument, 5 provided
./ast/variable_declaration_node.h:10:9: note: candidate: 'til::variable_declaration_node::variable_declaration_node(til::variable_declaration_node&&)'
./ast/variable_declaration_node.h:10:9: note:   candidate expects 1 argument, 5 provided
til_parser.y:88:165: error: no matching function for call to 'til::variable_declaration_node::variable_declaration_node(int, int, std::nullptr_t, std::string*&, cdk::expression_node*&)'
   88 |                | '(' tEXTERNAL tVAR tID expression ')'   { $$ = new til::variable_declaration_node(LINE, 1, nullptr, $4, $5); }
      |                                                                                                                                                                     ^
./ast/variable_declaration_node.h:16:5: note: candidate: 'til::variable_declaration_node::variable_declaration_node(int, int, std::shared_ptr<cdk::basic_type>, const std::string&, cdk::expression_node*)'
   16 |     variable_declaration_node(int lineno, int qualifier, std::shared_ptr<cdk::basic_type> varType, const std::string &identifier,
      |     ^~~~~~~~~~~~~~~~~~~~~~~~~
./ast/variable_declaration_node.h:16:119: note:   no known conversion for argument 4 from 'std::string*' {aka 'std::__cxx11::basic_string<char>*'} to 'const std::string&' {aka 'const std::__cxx11::basic_string<char>&'}
   16 |     variable_declaration_node(int lineno, int qualifier, std::shared_ptr<cdk::basic_type> varType, const std::string &identifier,
      |                                                                                                    ~~~~~~~~~~~~~~~~~~~^~~~~~~~~~
./ast/variable_declaration_node.h:10:9: note: candidate: 'til::variable_declaration_node::variable_declaration_node(const til::variable_declaration_node&)'
   10 |   class variable_declaration_node: public cdk::typed_node {
      |         ^~~~~~~~~~~~~~~~~~~~~~~~~
./ast/variable_declaration_node.h:10:9: note:   candidate expects 1 argument, 5 provided
./ast/variable_declaration_node.h:10:9: note: candidate: 'til::variable_declaration_node::variable_declaration_node(til::variable_declaration_node&&)'
./ast/variable_declaration_node.h:10:9: note:   candidate expects 1 argument, 5 provided
til_parser.y:89:180: error: no matching function for call to 'til::variable_declaration_node::variable_declaration_node(int, cdk::basic_node*&, std::nullptr_t, std::string*&, cdk::expression_node*&)'
   89 |                | '(' qualifier tID expression ')'        { $$ = new til::variable_declaration_node(LINE, $2, nullptr, $3, $4); }
      |                                                                                                                                                                                    ^
./ast/variable_declaration_node.h:16:5: note: candidate: 'til::variable_declaration_node::variable_declaration_node(int, int, std::shared_ptr<cdk::basic_type>, const std::string&, cdk::expression_node*)'
   16 |     variable_declaration_node(int lineno, int qualifier, std::shared_ptr<cdk::basic_type> varType, const std::string &identifier,
      |     ^~~~~~~~~~~~~~~~~~~~~~~~~
./ast/variable_declaration_node.h:16:119: note:   no known conversion for argument 4 from 'std::string*' {aka 'std::__cxx11::basic_string<char>*'} to 'const std::string&' {aka 'const std::__cxx11::basic_string<char>&'}
   16 |     variable_declaration_node(int lineno, int qualifier, std::shared_ptr<cdk::basic_type> varType, const std::string &identifier,
      |                                                                                                    ~~~~~~~~~~~~~~~~~~~^~~~~~~~~~
./ast/variable_declaration_node.h:10:9: note: candidate: 'til::variable_declaration_node::variable_declaration_node(const til::variable_declaration_node&)'
   10 |   class variable_declaration_node: public cdk::typed_node {
      |         ^~~~~~~~~~~~~~~~~~~~~~~~~
./ast/variable_declaration_node.h:10:9: note:   candidate expects 1 argument, 5 provided
./ast/variable_declaration_node.h:10:9: note: candidate: 'til::variable_declaration_node::variable_declaration_node(til::variable_declaration_node&&)'
./ast/variable_declaration_node.h:10:9: note:   candidate expects 1 argument, 5 provided
til_parser.y:90:171: error: no matching function for call to 'til::variable_declaration_node::variable_declaration_node(int, std::nullptr_t, std::nullptr_t, std::string*&, cdk::expression_node*&)'
   90 |                | '(' tVAR tID expression ')'             { $$ = new til::variable_declaration_node(LINE, nullptr, nullptr, $3, $4); }
      |                                                                                                                                                                           ^
./ast/variable_declaration_node.h:16:5: note: candidate: 'til::variable_declaration_node::variable_declaration_node(int, int, std::shared_ptr<cdk::basic_type>, const std::string&, cdk::expression_node*)'
   16 |     variable_declaration_node(int lineno, int qualifier, std::shared_ptr<cdk::basic_type> varType, const std::string &identifier,
      |     ^~~~~~~~~~~~~~~~~~~~~~~~~
./ast/variable_declaration_node.h:16:47: note:   no known conversion for argument 2 from 'std::nullptr_t' to 'int'
   16 |     variable_declaration_node(int lineno, int qualifier, std::shared_ptr<cdk::basic_type> varType, const std::string &identifier,
      |                                           ~~~~^~~~~~~~~
./ast/variable_declaration_node.h:10:9: note: candidate: 'til::variable_declaration_node::variable_declaration_node(const til::variable_declaration_node&)'
   10 |   class variable_declaration_node: public cdk::typed_node {
      |         ^~~~~~~~~~~~~~~~~~~~~~~~~
./ast/variable_declaration_node.h:10:9: note:   candidate expects 1 argument, 5 provided
./ast/variable_declaration_node.h:10:9: note: candidate: 'til::variable_declaration_node::variable_declaration_node(til::variable_declaration_node&&)'
./ast/variable_declaration_node.h:10:9: note:   candidate expects 1 argument, 5 provided
til_parser.y:91:171: error: no matching function for call to 'til::variable_declaration_node::variable_declaration_node(int, std::nullptr_t, std::nullptr_t, std::string*&, cdk::expression_node*&)'
   91 |                | '(' tID expression ')'                  { $$ = new til::variable_declaration_node(LINE, nullptr, nullptr, $2, $3); }
      |                                                                                                                                                                           ^
./ast/variable_declaration_node.h:16:5: note: candidate: 'til::variable_declaration_node::variable_declaration_node(int, int, std::shared_ptr<cdk::basic_type>, const std::string&, cdk::expression_node*)'
   16 |     variable_declaration_node(int lineno, int qualifier, std::shared_ptr<cdk::basic_type> varType, const std::string &identifier,
      |     ^~~~~~~~~~~~~~~~~~~~~~~~~
./ast/variable_declaration_node.h:16:47: note:   no known conversion for argument 2 from 'std::nullptr_t' to 'int'
   16 |     variable_declaration_node(int lineno, int qualifier, std::shared_ptr<cdk::basic_type> varType, const std::string &identifier,
      |                                           ~~~~^~~~~~~~~
./ast/variable_declaration_node.h:10:9: note: candidate: 'til::variable_declaration_node::variable_declaration_node(const til::variable_declaration_node&)'
   10 |   class variable_declaration_node: public cdk::typed_node {
      |         ^~~~~~~~~~~~~~~~~~~~~~~~~
./ast/variable_declaration_node.h:10:9: note:   candidate expects 1 argument, 5 provided
./ast/variable_declaration_node.h:10:9: note: candidate: 'til::variable_declaration_node::variable_declaration_node(til::variable_declaration_node&&)'
./ast/variable_declaration_node.h:10:9: note:   candidate expects 1 argument, 5 provided
til_parser.y:106:164: error: no matching function for call to 'til::function_definition_node::function_definition_node(int, cdk::sequence_node*&, std::nullptr_t, std::nullptr_t, std::nullptr_t)'
  106 |                | func_type                                  { $$ = new til::function_definition_node(LINE, $1, nullptr, nullptr, nullptr); }
      |                                                                                                                                                                    ^
./ast/function_definition_node.h:18:5: note: candidate: 'til::function_definition_node::function_definition_node(int, std::shared_ptr<cdk::basic_type>, cdk::sequence_node*, cdk::sequence_node*, cdk::sequence_node*)'
   18 |     function_definition_node(int lineno, std::shared_ptr<cdk::basic_type> funType,
      |     ^~~~~~~~~~~~~~~~~~~~~~~~
./ast/function_definition_node.h:18:75: note:   no known conversion for argument 2 from 'cdk::sequence_node*' to 'std::shared_ptr<cdk::basic_type>'
   18 |     function_definition_node(int lineno, std::shared_ptr<cdk::basic_type> funType,
      |                                          ~~~~~~~~~~~~~~~~~~~~~~~~~~~~~~~~~^~~~~~~
./ast/function_definition_node.h:14:9: note: candidate: 'til::function_definition_node::function_definition_node(const til::function_definition_node&)'
   14 |   class function_definition_node: public cdk::typed_node {
      |         ^~~~~~~~~~~~~~~~~~~~~~~~
./ast/function_definition_node.h:14:9: note:   candidate expects 1 argument, 5 provided
./ast/function_definition_node.h:14:9: note: candidate: 'til::function_definition_node::function_definition_node(til::function_definition_node&&)'
./ast/function_definition_node.h:14:9: note:   candidate expects 1 argument, 5 provided
til_parser.y:110:112: error: cannot call constructor 'cdk::reference_type::reference_type' directly [-fpermissive]
  110 |                     | tTYPE_POINTER opt_type_pointer   { $$ = cdk::reference_type::reference_type(4, nullptr); }
      |                                                                             ~~~~~~~~~~~~~~~~~~~~~~~~~~~~~~~~~~~^           
til_parser.y:110:112: note: for a function-style cast, remove the redundant '::reference_type'
til_parser.y:110:112: error: no matching function for call to 'cdk::reference_type::reference_type(int, std::nullptr_t)'
In file included from /usr/include/cdk/types/types.h:6,
                 from til_parser.y:7:
/usr/include/cdk/types/reference_type.h:15:14: note: candidate: 'cdk::reference_type::reference_type(cdk::basic_type::explicit_call_disabled, size_t, std::shared_ptr<cdk::basic_type>)'
   15 |     explicit reference_type(explicit_call_disabled, size_t size,  std::shared_ptr<basic_type> referenced) :
      |              ^~~~~~~~~~~~~~
/usr/include/cdk/types/reference_type.h:15:14: note:   candidate expects 3 arguments, 2 provided
/usr/include/cdk/types/reference_type.h:11:10: note: candidate: 'cdk::reference_type::reference_type(const cdk::reference_type&)'
   11 |   struct reference_type: public basic_type {
      |          ^~~~~~~~~~~~~~
/usr/include/cdk/types/reference_type.h:11:10: note:   candidate expects 1 argument, 2 provided
til_parser.y:113:96: error: no matching function for call to 'cdk::sequence_node::sequence_node(int, std::shared_ptr<cdk::basic_type>&)'
  113 | types          : type         { $$ = new cdk::sequence_node(LINE, $1); }
      |                                                                                                ^
In file included from /usr/include/cdk/ast/all.h:75,
                 from .auto/all_nodes.h:4:
/usr/include/cdk/ast/sequence_node.h:39:5: note: candidate: 'cdk::sequence_node::sequence_node(int, cdk::basic_node*, cdk::sequence_node*)'
   39 |     sequence_node(int lineno, basic_node *item, sequence_node *sequence = nullptr) :
      |     ^~~~~~~~~~~~~
/usr/include/cdk/ast/sequence_node.h:39:43: note:   no known conversion for argument 2 from 'std::shared_ptr<cdk::basic_type>' to 'cdk::basic_node*'
   39 |     sequence_node(int lineno, basic_node *item, sequence_node *sequence = nullptr) :
      |                               ~~~~~~~~~~~~^~~~
/usr/include/cdk/ast/sequence_node.h:21:5: note: candidate: 'cdk::sequence_node::sequence_node(int)'
   21 |     sequence_node(int lineno) : basic_node(lineno) { /* EMPTY */ }
      |     ^~~~~~~~~~~~~
/usr/include/cdk/ast/sequence_node.h:21:5: note:   candidate expects 1 argument, 2 provided
/usr/include/cdk/ast/sequence_node.h:13:9: note: candidate: 'constexpr cdk::sequence_node::sequence_node(const cdk::sequence_node&)'
   13 |   class sequence_node : public basic_node {
      |         ^~~~~~~~~~~~~
/usr/include/cdk/ast/sequence_node.h:13:9: note:   candidate expects 1 argument, 2 provided
til_parser.y:114:118: error: no matching function for call to 'cdk::sequence_node::sequence_node(int, std::shared_ptr<cdk::basic_type>&, cdk::sequence_node*&)'
  114 |                | types type   { $$ = new cdk::sequence_node(LINE, $2, $1); }
      |                                                                                                                      ^
/usr/include/cdk/ast/sequence_node.h:39:5: note: candidate: 'cdk::sequence_node::sequence_node(int, cdk::basic_node*, cdk::sequence_node*)'
   39 |     sequence_node(int lineno, basic_node *item, sequence_node *sequence = nullptr) :
      |     ^~~~~~~~~~~~~
/usr/include/cdk/ast/sequence_node.h:39:43: note:   no known conversion for argument 2 from 'std::shared_ptr<cdk::basic_type>' to 'cdk::basic_node*'
   39 |     sequence_node(int lineno, basic_node *item, sequence_node *sequence = nullptr) :
      |                               ~~~~~~~~~~~~^~~~
/usr/include/cdk/ast/sequence_node.h:21:5: note: candidate: 'cdk::sequence_node::sequence_node(int)'
   21 |     sequence_node(int lineno) : basic_node(lineno) { /* EMPTY */ }
      |     ^~~~~~~~~~~~~
/usr/include/cdk/ast/sequence_node.h:21:5: note:   candidate expects 1 argument, 3 provided
/usr/include/cdk/ast/sequence_node.h:13:9: note: candidate: 'constexpr cdk::sequence_node::sequence_node(const cdk::sequence_node&)'
   13 |   class sequence_node : public basic_node {
      |         ^~~~~~~~~~~~~
/usr/include/cdk/ast/sequence_node.h:13:9: note:   candidate expects 1 argument, 3 provided
til_parser.y:117:112: error: no matching function for call to 'cdk::sequence_node::sequence_node(int, std::shared_ptr<cdk::basic_type>&)'
  117 | func_type      : '(' type ')'                { $$ = new cdk::sequence_node(LINE, $2); }
      |                                                                                                                ^
/usr/include/cdk/ast/sequence_node.h:39:5: note: candidate: 'cdk::sequence_node::sequence_node(int, cdk::basic_node*, cdk::sequence_node*)'
   39 |     sequence_node(int lineno, basic_node *item, sequence_node *sequence = nullptr) :
      |     ^~~~~~~~~~~~~
/usr/include/cdk/ast/sequence_node.h:39:43: note:   no known conversion for argument 2 from 'std::shared_ptr<cdk::basic_type>' to 'cdk::basic_node*'
   39 |     sequence_node(int lineno, basic_node *item, sequence_node *sequence = nullptr) :
      |                               ~~~~~~~~~~~~^~~~
/usr/include/cdk/ast/sequence_node.h:21:5: note: candidate: 'cdk::sequence_node::sequence_node(int)'
   21 |     sequence_node(int lineno) : basic_node(lineno) { /* EMPTY */ }
      |     ^~~~~~~~~~~~~
/usr/include/cdk/ast/sequence_node.h:21:5: note:   candidate expects 1 argument, 2 provided
/usr/include/cdk/ast/sequence_node.h:13:9: note: candidate: 'constexpr cdk::sequence_node::sequence_node(const cdk::sequence_node&)'
   13 |   class sequence_node : public basic_node {
      |         ^~~~~~~~~~~~~
/usr/include/cdk/ast/sequence_node.h:13:9: note:   candidate expects 1 argument, 2 provided
til_parser.y:118:134: error: no matching function for call to 'cdk::sequence_node::sequence_node(int, cdk::sequence_node*&, std::shared_ptr<cdk::basic_type>&)'
  118 |                | '(' type '(' types ')' ')'  { $$ = new cdk::sequence_node(LINE, $4, $2); }
      |                                                                                                                                      ^
/usr/include/cdk/ast/sequence_node.h:39:5: note: candidate: 'cdk::sequence_node::sequence_node(int, cdk::basic_node*, cdk::sequence_node*)'
   39 |     sequence_node(int lineno, basic_node *item, sequence_node *sequence = nullptr) :
      |     ^~~~~~~~~~~~~
/usr/include/cdk/ast/sequence_node.h:39:64: note:   no known conversion for argument 3 from 'std::shared_ptr<cdk::basic_type>' to 'cdk::sequence_node*'
   39 |     sequence_node(int lineno, basic_node *item, sequence_node *sequence = nullptr) :
      |                                                 ~~~~~~~~~~~~~~~^~~~~~~~~~~~~~~~~~
/usr/include/cdk/ast/sequence_node.h:21:5: note: candidate: 'cdk::sequence_node::sequence_node(int)'
   21 |     sequence_node(int lineno) : basic_node(lineno) { /* EMPTY */ }
      |     ^~~~~~~~~~~~~
/usr/include/cdk/ast/sequence_node.h:21:5: note:   candidate expects 1 argument, 3 provided
/usr/include/cdk/ast/sequence_node.h:13:9: note: candidate: 'constexpr cdk::sequence_node::sequence_node(const cdk::sequence_node&)'
   13 |   class sequence_node : public basic_node {
      |         ^~~~~~~~~~~~~
/usr/include/cdk/ast/sequence_node.h:13:9: note:   candidate expects 1 argument, 3 provided
til_parser.y:121:76: error: 'YYSTYPE' {aka 'union YYSTYPE'} has no member named 'block'
  121 | block          : '(' tBLOCK opt_declarations opt_instructions ')' { $$ = new til::block_node(LINE, $3, $4); }
      |                                                                            ^~~~~
til_parser.y:139:78: error: 'YYSTYPE' {aka 'union YYSTYPE'} has no member named 'block'
  139 |                | block                            { $$ = $1; }
      |                                                                              ^    
til_parser.y:181:155: error: no matching function for call to 'til::function_call_node::function_call_node(int, cdk::lvalue_node*&, cdk::sequence_node*&)'
  181 |                |'(' lvalue expressions ')'               { $$ = new til::function_call_node(LINE, $2, $3); }
      |                                                                                                                                                           ^
In file included from .auto/all_nodes.h:42:
./ast/function_call_node.h:34:9: note: candidate: 'til::function_call_node::function_call_node(int, cdk::expression_node*, cdk::sequence_node*)'
   34 |         function_call_node(int lineno, cdk::expression_node *identifier, cdk::sequence_node *arguments) :
      |         ^~~~~~~~~~~~~~~~~~
./ast/function_call_node.h:34:62: note:   no known conversion for argument 2 from 'cdk::lvalue_node*' to 'cdk::expression_node*'
   34 |         function_call_node(int lineno, cdk::expression_node *identifier, cdk::sequence_node *arguments) :
      |                                        ~~~~~~~~~~~~~~~~~~~~~~^~~~~~~~~~
./ast/function_call_node.h:27:9: note: candidate: 'til::function_call_node::function_call_node(int, cdk::expression_node*)'
   27 |         function_call_node(int lineno, cdk::expression_node *identifier) :
      |         ^~~~~~~~~~~~~~~~~~
./ast/function_call_node.h:27:9: note:   candidate expects 2 arguments, 3 provided
./ast/function_call_node.h:17:11: note: candidate: 'til::function_call_node::function_call_node(const til::function_call_node&)'
   17 |     class function_call_node: public cdk::expression_node {
      |           ^~~~~~~~~~~~~~~~~~
./ast/function_call_node.h:17:11: note:   candidate expects 1 argument, 3 provided
./ast/function_call_node.h:17:11: note: candidate: 'til::function_call_node::function_call_node(til::function_call_node&&)'
./ast/function_call_node.h:17:11: note:   candidate expects 1 argument, 3 provided
til_parser.y:182:133: error: no matching function for call to 'til::function_call_node::function_call_node(int, cdk::lvalue_node*&)'
  182 |                |'(' lvalue')'                            { $$ = new til::function_call_node(LINE, $2); }
      |                                                                                                                                     ^
./ast/function_call_node.h:34:9: note: candidate: 'til::function_call_node::function_call_node(int, cdk::expression_node*, cdk::sequence_node*)'
   34 |         function_call_node(int lineno, cdk::expression_node *identifier, cdk::sequence_node *arguments) :
      |         ^~~~~~~~~~~~~~~~~~
./ast/function_call_node.h:34:9: note:   candidate expects 3 arguments, 2 provided
./ast/function_call_node.h:27:9: note: candidate: 'til::function_call_node::function_call_node(int, cdk::expression_node*)'
   27 |         function_call_node(int lineno, cdk::expression_node *identifier) :
      |         ^~~~~~~~~~~~~~~~~~
./ast/function_call_node.h:27:62: note:   no known conversion for argument 2 from 'cdk::lvalue_node*' to 'cdk::expression_node*'
   27 |         function_call_node(int lineno, cdk::expression_node *identifier) :
      |                                        ~~~~~~~~~~~~~~~~~~~~~~^~~~~~~~~~
./ast/function_call_node.h:17:11: note: candidate: 'til::function_call_node::function_call_node(const til::function_call_node&)'
   17 |     class function_call_node: public cdk::expression_node {
      |           ^~~~~~~~~~~~~~~~~~
./ast/function_call_node.h:17:11: note:   candidate expects 1 argument, 2 provided
./ast/function_call_node.h:17:11: note: candidate: 'til::function_call_node::function_call_node(til::function_call_node&&)'
./ast/function_call_node.h:17:11: note:   candidate expects 1 argument, 2 provided
til_parser.y:185:141: error: no matching function for call to 'til::index_node::index_node(int, cdk::lvalue_node*&, int&)'
  185 |                | '(' tINDEX lvalue tINTEGER')'           { $$ = new til::index_node(LINE, $3 , $4); }
      |                                                                                                                                             ^
In file included from .auto/all_nodes.h:46:
./ast/index_node.h:16:13: note: candidate: 'til::index_node::index_node(int, cdk::expression_node*, cdk::expression_node*)'
   16 |             index_node(int lineno, cdk::expression_node *base, cdk::expression_node *index) :
      |             ^~~~~~~~~~
./ast/index_node.h:16:58: note:   no known conversion for argument 2 from 'cdk::lvalue_node*' to 'cdk::expression_node*'
   16 |             index_node(int lineno, cdk::expression_node *base, cdk::expression_node *index) :
      |                                    ~~~~~~~~~~~~~~~~~~~~~~^~~~
./ast/index_node.h:11:11: note: candidate: 'til::index_node::index_node(const til::index_node&)'
   11 |     class index_node: public cdk::lvalue_node {
      |           ^~~~~~~~~~
./ast/index_node.h:11:11: note:   candidate expects 1 argument, 3 provided
./ast/index_node.h:11:11: note: candidate: 'til::index_node::index_node(til::index_node&&)'
./ast/index_node.h:11:11: note:   candidate expects 1 argument, 3 provided
til_parser.y:193:91: error: invalid conversion from 'cdk::basic_node*' to 'cdk::expression_node*' [-fpermissive]
  193 |                | function                                { $$ = $1; }
      |                                                                                           ^    
      |                                                                                           |
      |                                                                                           cdk::basic_node*
til_parser.y:197:48: error: invalid conversion from 'int' to 'cdk::basic_node*' [-fpermissive]
  197 |                | tEXTERNAL    { $$ = 1; }
      |                                                ^
      |                                                |
      |                                                int
til_parser.y:198:48: error: invalid conversion from 'int' to 'cdk::basic_node*' [-fpermissive]
  198 |                | tFORWARD     { $$ = 2; }
      |                                                ^
      |                                                |
      |                                                int
make: *** [Makefile:40: til_parser.tab.o] Error 1

