<pre>
Checking project structure...
In file included from ./targets/basic_ast_visitor.h:64,
                 from /usr/include/cdk/ast/basic_node.h:6,
                 from /usr/include/cdk/ast/sequence_node.h:5,
                 from til_scanner.l:6:
./.auto/visitor_decls.h:11:16: error: 'virtual void basic_ast_visitor::do_function_call_node(til::function_call_node*, int)' cannot be overloaded with 'virtual void basic_ast_visitor::do_function_call_node(til::function_call_node*, int)'
   11 |   virtual void do_function_call_node(til::function_call_node *const node, int lvl) = 0;
      |                ^~~~~~~~~~~~~~~~~~~~~
./.auto/visitor_decls.h:10:16: note: previous declaration 'virtual void basic_ast_visitor::do_function_call_node(til::function_call_node*, int)'
   10 |   virtual void do_function_call_node(til::function_call_node *const node, int lvl) = 0;
      |                ^~~~~~~~~~~~~~~~~~~~~
./.auto/visitor_decls.h:19:16: error: 'virtual void basic_ast_visitor::do_size_of_node(til::size_of_node*, int)' cannot be overloaded with 'virtual void basic_ast_visitor::do_size_of_node(til::size_of_node*, int)'
   19 |   virtual void do_size_of_node(til::size_of_node *const node, int lvl) = 0;
      |                ^~~~~~~~~~~~~~~
./.auto/visitor_decls.h:18:16: note: previous declaration 'virtual void basic_ast_visitor::do_size_of_node(til::size_of_node*, int)'
   18 |   virtual void do_size_of_node(til::size_of_node *const node, int lvl) = 0;
      |                ^~~~~~~~~~~~~~~
./.auto/visitor_decls.h:21:16: error: 'virtual void basic_ast_visitor::do_variable_declaration_node(til::variable_declaration_node*, int)' cannot be overloaded with 'virtual void basic_ast_visitor::do_variable_declaration_node(til::variable_declaration_node*, int)'
   21 |   virtual void do_variable_declaration_node(til::variable_declaration_node *const node, int lvl) = 0;
      |                ^~~~~~~~~~~~~~~~~~~~~~~~~~~~
./.auto/visitor_decls.h:20:16: note: previous declaration 'virtual void basic_ast_visitor::do_variable_declaration_node(til::variable_declaration_node*, int)'
   20 |   virtual void do_variable_declaration_node(til::variable_declaration_node *const node, int lvl) = 0;
      |                ^~~~~~~~~~~~~~~~~~~~~~~~~~~~
make: *** [Makefile:46: til_scanner.o] Error 1

