<pre>
Checking project structure...
til_parser.y: In function 'int yyparse(std::shared_ptr<cdk::compiler>)':
til_parser.y:68:62: error: expected type-specifier
   68 |      | tWHILE '(' expr ')' stmt         { $$ = new til::while_node(LINE, $3, $5); }
      |                                                              ^~~
make: *** [Makefile:40: til_parser.tab.o] Error 1

