<pre>
Checking project structure...
til_parser.y: warning: 8 shift/reduce conflicts [-Wconflicts-sr]
til_parser.y: note: rerun with option '-Wcounterexamples' to generate conflict counterexamples
til_scanner.l: In member function 'virtual int til_scanner_FlexLexer::yylex()':
til_scanner.l:56:8: error: 'tINT_TYPE' was not declared in this scope
   56 | "double"               return tDOUBLE_TYPE;
      |        ^~~~~~~~~
til_scanner.l:57:8: error: 'tDOUBLE_TYPE' was not declared in this scope
   57 | "string"               return tSTRING_TYPE;
      |        ^~~~~~~~~~~~
til_scanner.l:58:8: error: 'tSTRING_TYPE' was not declared in this scope
   58 | "void"                 return tVOID_TYPE;
      |        ^~~~~~~~~~~~
til_scanner.l:59:8: error: 'tVOID_TYPE' was not declared in this scope
   59 | 
      |        ^         
til_scanner.l:61:8: error: 'tEXTERNAL' was not declared in this scope
   61 | "foward"               return tFOWARD;
      |        ^~~~~~~~~
til_scanner.l:62:8: error: 'tFOWARD' was not declared in this scope
   62 | "public"               return tPUBLIC;
      |        ^~~~~~~
til_scanner.l:63:8: error: 'tPUBLIC' was not declared in this scope
   63 | "var"                  return tVAR;
      |        ^~~~~~~
til_scanner.l:64:8: error: 'tVAR' was not declared in this scope
   64 | 
      |        ^   
til_scanner.l:66:8: error: 'tBLOCK' was not declared in this scope; did you mean 'F_LOCK'?
   66 | "if"                   return tIF;
      |        ^~~~~~
      |        F_LOCK
til_scanner.l:69:8: error: 'tSTOP' was not declared in this scope
   69 | "next"                 return tNEXT;
      |        ^~~~~
til_scanner.l:70:8: error: 'tNEXT' was not declared in this scope; did you mean 'tNE'?
   70 | "return"               return tRETURN;
      |        ^~~~~
      |        tNE
til_scanner.l:71:8: error: 'tRETURN' was not declared in this scope
   71 | "print"                return tPRINT;
      |        ^~~~~~~
til_scanner.l:76:8: error: 'tNULL' was not declared in this scope; did you mean 'NULL'?
   76 | "set"                  return tSET;
      |        ^~~~~
      |        NULL
til_scanner.l:77:8: error: 'tSET' was not declared in this scope
   77 | "index"                return tINDEX;
      |        ^~~~
til_scanner.l:78:8: error: 'tINDEX' was not declared in this scope
   78 | "objects"              return tOBJECTS;
      |        ^~~~~~
til_scanner.l:79:8: error: 'tOBJECTS' was not declared in this scope
   79 | "sizeof"               return tSIZEOF;
      |        ^~~~~~~~
til_scanner.l:80:8: error: 'tSIZEOF' was not declared in this scope
   80 | "function"             return tFUNCTION;
      |        ^~~~~~~
til_scanner.l:81:8: error: 'tFUNCTION' was not declared in this scope
   81 | 
      |        ^        
til_scanner.l:83:8: error: 'tPROGRAM' was not declared in this scope
   83 | 
      |        ^       
til_scanner.l:25:12: error: 'YYSTYPE' {aka 'union YYSTYPE'} has no member named 'd'
   25 |     yylval.d = std::stod(yytext); \
      |            ^
til_scanner.l:119:1: note: in expansion of macro 'CHECK_DOUBLE'
  119 | [0-9]+\.[0-9]*{EXP}?   CHECK_DOUBLE;
      | ^~~~~~~~~~~~
til_scanner.l:26:12: error: 'tDOUBLE' was not declared in this scope
   26 |     return tDOUBLE; \
      |            ^~~~~~~
til_scanner.l:119:1: note: in expansion of macro 'CHECK_DOUBLE'
  119 | [0-9]+\.[0-9]*{EXP}?   CHECK_DOUBLE;
      | ^~~~~~~~~~~~
til_scanner.l:25:12: error: 'YYSTYPE' {aka 'union YYSTYPE'} has no member named 'd'
   25 |     yylval.d = std::stod(yytext); \
      |            ^
til_scanner.l:120:1: note: in expansion of macro 'CHECK_DOUBLE'
  120 | [0-9]+{EXP}            CHECK_DOUBLE;
      | ^~~~~~~~~~~~
til_scanner.l:26:12: error: 'tDOUBLE' was not declared in this scope
   26 |     return tDOUBLE; \
      |            ^~~~~~~
til_scanner.l:120:1: note: in expansion of macro 'CHECK_DOUBLE'
  120 | [0-9]+{EXP}            CHECK_DOUBLE;
      | ^~~~~~~~~~~~
til_scanner.l:25:12: error: 'YYSTYPE' {aka 'union YYSTYPE'} has no member named 'd'
   25 |     yylval.d = std::stod(yytext); \
      |            ^
til_scanner.l:121:1: note: in expansion of macro 'CHECK_DOUBLE'
  121 | 
      | ^           
til_scanner.l:26:12: error: 'tDOUBLE' was not declared in this scope
   26 |     return tDOUBLE; \
      |            ^~~~~~~
til_scanner.l:121:1: note: in expansion of macro 'CHECK_DOUBLE'
  121 | 
      | ^           
make: *** [Makefile:46: til_scanner.o] Error 1

