<pre>
Checking project structure...
In file included from .auto/all_nodes.h:41,
                 from til_parser.y:8:
./ast/address_of_node.h:4:10: fatal error: cdk/ast/unary_expression_node.h: No such file or directory
    4 | #include <cdk/ast/unary_expression_node.h>
      |          ^~~~~~~~~~~~~~~~~~~~~~~~~~~~~~~~~
compilation terminated.
make: *** [Makefile:40: til_parser.tab.o] Error 1

