<pre>
Checking project structure...
til_scanner.l: In member function 'virtual int til_scanner_FlexLexer::yylex()':
til_scanner.l:34:8: error: 'tAND' was not declared in this scope; did you mean 'tEND'?
   34 | "||"                   return tOR;
      |        ^~~~
      |        tEND
til_scanner.l:35:8: error: 'tOR' was not declared in this scope
   35 | 
      |        ^  
til_scanner.l:42:8: error: 'tEXTERNAL' was not declared in this scope
   42 | "forward"              return tFORWARD;
      |        ^~~~~~~~~
til_scanner.l:43:8: error: 'tFORWARD' was not declared in this scope
   43 | "public"               return tPUBLIC;
      |        ^~~~~~~~
til_scanner.l:44:8: error: 'tPUBLIC' was not declared in this scope
   44 | "var"                  return tVAR;
      |        ^~~~~~~
til_scanner.l:45:8: error: 'tVAR' was not declared in this scope
   45 | 
      |        ^   
til_scanner.l:47:8: error: 'tBLOCK' was not declared in this scope; did you mean 'F_LOCK'?
   47 | "if"                   return tIF;
      |        ^~~~~~
      |        F_LOCK
til_scanner.l:49:8: error: 'tLOOP' was not declared in this scope; did you mean 'ELOOP'?
   49 | "stop"                 return tSTOP;
      |        ^~~~~
      |        ELOOP
til_scanner.l:50:8: error: 'tSTOP' was not declared in this scope
   50 | "next"                 return tNEXT;
      |        ^~~~~
til_scanner.l:51:8: error: 'tNEXT' was not declared in this scope; did you mean 'tNE'?
   51 | "return"               return tRETURN;
      |        ^~~~~
      |        tNE
til_scanner.l:52:8: error: 'tRETURN' was not declared in this scope
   52 | "print"                return tPRINT;
      |        ^~~~~~~
til_scanner.l:54:8: error: 'tPRINTLN' was not declared in this scope; did you mean 'tPRINT'?
   54 | 
      |        ^       
      |        tPRINT
til_scanner.l:57:8: error: 'tNULL' was not declared in this scope; did you mean 'NULL'?
   57 | "set"                  return tSET;
      |        ^~~~~
      |        NULL
til_scanner.l:58:8: error: 'tSET' was not declared in this scope
   58 | "index"                return tINDEX;
      |        ^~~~
til_scanner.l:59:8: error: 'tINDEX' was not declared in this scope
   59 | "objects"              return tOBJECTS;
      |        ^~~~~~
til_scanner.l:60:8: error: 'tOBJECTS' was not declared in this scope
   60 | "sizeof"               return tSIZEOF;
      |        ^~~~~~~~
til_scanner.l:61:8: error: 'tSIZEOF' was not declared in this scope
   61 | "function"             return tFUNCTION;
      |        ^~~~~~~
til_scanner.l:62:8: error: 'tFUNCTION' was not declared in this scope
   62 | 
      |        ^        
til_scanner.l:64:8: error: 'tPROGRAM' was not declared in this scope
   64 | 
      |        ^       
til_scanner.l:75:15: error: 'X_STRING_IGN' was not declared in this scope; did you mean 'X_STRING'?
   75 | 
      |               ^           
      |               X_STRING
til_scanner.l:82:1: error: 'CHECKED_STOI' was not declared in this scope
   82 | 0x[0-9a-fA-F]+         CHECKED_STOI(16);
      | ^~~~~~~~~~~~
make: *** [Makefile:46: til_scanner.o] Error 1

