<pre>
Checking project structure...
targets/postfix_writer.cpp: In member function 'virtual void til::postfix_writer::do_print_node(til::print_node*, int)':
targets/postfix_writer.cpp:224:7: error: '_sf' was not declared in this scope; did you mean '_pf'?
  224 |       _sf.CALL("prints");
      |       ^~~
      |       _pf
make: *** [Makefile:46: targets/postfix_writer.o] Error 1

