<pre>
Checking project structure...
targets/postfix_writer.cpp: In member function 'virtual void til::postfix_writer::do_evaluation_node(til::evaluation_node*, int)':
targets/postfix_writer.cpp:270:25: error: 'class cdk::expression_node' has no member named 'size'
  270 |   if (node->argument()->size() > 0) {
      |                         ^~~~
targets/postfix_writer.cpp:271:33: error: 'class cdk::expression_node' has no member named 'size'
  271 |     _pf.TRASH(node->argument()->size());
      |                                 ^~~~
make: *** [Makefile:46: targets/postfix_writer.o] Error 1

